2023-05-11 16:00:25.700 {1878a0b6eb075e173fdf930a794d791a} 200 "GET http 127.0.0.1:30300 /api/v1/system/data/tender/type/get HTTP/1.1" 6.055, 127.0.0.1, "", "ApiPOST Runtime +https://www.apipost.cn", -1, "", ""
Stack:
1. 获取数据失败
   1).  github.com/gogf/gf/v2/util/gutil.Try.func1
        /Users/apple/work/go/pkg/mod/github.com/gogf/gf/v2@v2.3.2/util/gutil/gutil.go:36
   2).  tender/library/liberr.ErrIsNil
        /Users/apple/work/go/src/project/tenderBack/library/liberr/err.go:12
   3).  tender/internal/app/system/logic/sys_data.(*sDataManger).TenderTypeGet.func2
        /Users/apple/work/go/src/project/tenderBack/internal/app/system/logic/sys_data/data.go:135
   4).  github.com/gogf/gf/v2/util/gutil.Try
        /Users/apple/work/go/pkg/mod/github.com/gogf/gf/v2@v2.3.2/util/gutil/gutil.go:40
   5).  github.com/gogf/gf/v2/frame/g.Try
        /Users/apple/work/go/pkg/mod/github.com/gogf/gf/v2@v2.3.2/frame/g/g_func.go:67
   6).  tender/internal/app/system/logic/sys_data.(*sDataManger).TenderTypeGet
        /Users/apple/work/go/src/project/tenderBack/internal/app/system/logic/sys_data/data.go:133
   7).  tender/internal/app/system/controller.(*sysDataController).TenderTypeGet
        /Users/apple/work/go/src/project/tenderBack/internal/app/system/controller/sys_data.go:29
   8).  github.com/gogf/gf/v2/net/ghttp.(*middleware).callHandlerFunc.func1
        /Users/apple/work/go/pkg/mod/github.com/gogf/gf/v2@v2.3.2/net/ghttp/ghttp_request_middleware.go:152
   9).  github.com/gogf/gf/v2/net/ghttp.niceCallFunc
        /Users/apple/work/go/pkg/mod/github.com/gogf/gf/v2@v2.3.2/net/ghttp/ghttp_func.go:55
   10). github.com/gogf/gf/v2/net/ghttp.(*middleware).callHandlerFunc
        /Users/apple/work/go/pkg/mod/github.com/gogf/gf/v2@v2.3.2/net/ghttp/ghttp_request_middleware.go:129
   11). github.com/gogf/gf/v2/net/ghttp.(*middleware).Next.func1
        /Users/apple/work/go/pkg/mod/github.com/gogf/gf/v2@v2.3.2/net/ghttp/ghttp_request_middleware.go:75
   12). github.com/gogf/gf/v2/util/gutil.TryCatch
        /Users/apple/work/go/pkg/mod/github.com/gogf/gf/v2@v2.3.2/util/gutil/gutil.go:56
   13). github.com/gogf/gf/v2/net/ghttp.(*middleware).Next
        /Users/apple/work/go/pkg/mod/github.com/gogf/gf/v2@v2.3.2/net/ghttp/ghttp_request_middleware.go:49
   14). tender/internal/app/system/logic/middleware.(*sMiddleware).Auth
        /Users/apple/work/go/src/project/tenderBack/internal/app/system/logic/middleware/middleware.go:74
   15). github.com/gogf/gf/v2/net/ghttp.(*middleware).Next.func1.1
        /Users/apple/work/go/pkg/mod/github.com/gogf/gf/v2@v2.3.2/net/ghttp/ghttp_request_middleware.go:55
   16). github.com/gogf/gf/v2/net/ghttp.(*middleware).Next.func1
        /Users/apple/work/go/pkg/mod/github.com/gogf/gf/v2@v2.3.2/net/ghttp/ghttp_request_middleware.go:54
   17). tender/internal/app/system/logic/middleware.(*sMiddleware).Ctx
        /Users/apple/work/go/src/project/tenderBack/internal/app/system/logic/middleware/middleware.go:46
   18). tender/gftoken.(*GfToken).authMiddleware
        /Users/apple/work/go/src/project/tenderBack/gftoken/middleware.go:21
   19). github.com/gogf/gf/v2/net/ghttp.MiddlewareHandlerResponse
        /Users/apple/work/go/pkg/mod/github.com/gogf/gf/v2@v2.3.2/net/ghttp/ghttp_middleware_handler_response.go:25
   20). tender/internal/app/common/logic/middleware.(*sMiddleware).MiddlewareCORS
        /Users/apple/work/go/src/project/tenderBack/internal/app/common/logic/middleware/middleware.go:23
   21). github.com/gogf/gf/v2/net/ghttp.internalMiddlewareServerTracing
        /Users/apple/work/go/pkg/mod/github.com/gogf/gf/v2@v2.3.2/net/ghttp/ghttp_middleware_tracing.go:78
   22). github.com/gogf/gf/v2/net/ghttp.(*middleware).Next.func1.5
        /Users/apple/work/go/pkg/mod/github.com/gogf/gf/v2@v2.3.2/net/ghttp/ghttp_request_middleware.go:96
   23). github.com/gogf/gf/v2/net/ghttp.(*middleware).Next.func1
        /Users/apple/work/go/pkg/mod/github.com/gogf/gf/v2@v2.3.2/net/ghttp/ghttp_request_middleware.go:95
   24). github.com/gogf/gf/v2/net/ghttp.(*Server).ServeHTTP
        /Users/apple/work/go/pkg/mod/github.com/gogf/gf/v2@v2.3.2/net/ghttp/ghttp_server_handler.go:132

2023-05-11 16:13:51.594 {68f8757ba8085e17ed18190f69f6d7a9} 200 "GET http 127.0.0.1:30300 /api/v1/system/data/tender/type/get HTTP/1.1" 1.193, 127.0.0.1, "", "ApiPOST Runtime +https://www.apipost.cn", -1, "", ""
Stack:
1. interface conversion: interface {} is nil, not string
   1).  github.com/gogf/gf/v2/util/gutil.Try.func1
        /Users/apple/work/go/pkg/mod/github.com/gogf/gf/v2@v2.3.2/util/gutil/gutil.go:36
   2).  tender/internal/app/system/logic/sys_data.(*sDataManger).TenderTypeGet.func2
        /Users/apple/work/go/src/project/tenderBack/internal/app/system/logic/sys_data/data.go:150
   3).  github.com/gogf/gf/v2/util/gutil.Try
        /Users/apple/work/go/pkg/mod/github.com/gogf/gf/v2@v2.3.2/util/gutil/gutil.go:40
   4).  github.com/gogf/gf/v2/frame/g.Try
        /Users/apple/work/go/pkg/mod/github.com/gogf/gf/v2@v2.3.2/frame/g/g_func.go:67
   5).  tender/internal/app/system/logic/sys_data.(*sDataManger).TenderTypeGet
        /Users/apple/work/go/src/project/tenderBack/internal/app/system/logic/sys_data/data.go:143
   6).  tender/internal/app/system/controller.(*sysDataController).TenderTypeGet
        /Users/apple/work/go/src/project/tenderBack/internal/app/system/controller/sys_data.go:29
   7).  github.com/gogf/gf/v2/net/ghttp.(*middleware).callHandlerFunc.func1
        /Users/apple/work/go/pkg/mod/github.com/gogf/gf/v2@v2.3.2/net/ghttp/ghttp_request_middleware.go:152
   8).  github.com/gogf/gf/v2/net/ghttp.niceCallFunc
        /Users/apple/work/go/pkg/mod/github.com/gogf/gf/v2@v2.3.2/net/ghttp/ghttp_func.go:55
   9).  github.com/gogf/gf/v2/net/ghttp.(*middleware).callHandlerFunc
        /Users/apple/work/go/pkg/mod/github.com/gogf/gf/v2@v2.3.2/net/ghttp/ghttp_request_middleware.go:129
   10). github.com/gogf/gf/v2/net/ghttp.(*middleware).Next.func1
        /Users/apple/work/go/pkg/mod/github.com/gogf/gf/v2@v2.3.2/net/ghttp/ghttp_request_middleware.go:75
   11). github.com/gogf/gf/v2/util/gutil.TryCatch
        /Users/apple/work/go/pkg/mod/github.com/gogf/gf/v2@v2.3.2/util/gutil/gutil.go:56
   12). github.com/gogf/gf/v2/net/ghttp.(*middleware).Next
        /Users/apple/work/go/pkg/mod/github.com/gogf/gf/v2@v2.3.2/net/ghttp/ghttp_request_middleware.go:49
   13). tender/internal/app/system/logic/middleware.(*sMiddleware).Auth
        /Users/apple/work/go/src/project/tenderBack/internal/app/system/logic/middleware/middleware.go:74
   14). github.com/gogf/gf/v2/net/ghttp.(*middleware).Next.func1.1
        /Users/apple/work/go/pkg/mod/github.com/gogf/gf/v2@v2.3.2/net/ghttp/ghttp_request_middleware.go:55
   15). github.com/gogf/gf/v2/net/ghttp.(*middleware).Next.func1
        /Users/apple/work/go/pkg/mod/github.com/gogf/gf/v2@v2.3.2/net/ghttp/ghttp_request_middleware.go:54
   16). tender/internal/app/system/logic/middleware.(*sMiddleware).Ctx
        /Users/apple/work/go/src/project/tenderBack/internal/app/system/logic/middleware/middleware.go:46
   17). tender/gftoken.(*GfToken).authMiddleware
        /Users/apple/work/go/src/project/tenderBack/gftoken/middleware.go:21
   18). github.com/gogf/gf/v2/net/ghttp.MiddlewareHandlerResponse
        /Users/apple/work/go/pkg/mod/github.com/gogf/gf/v2@v2.3.2/net/ghttp/ghttp_middleware_handler_response.go:25
   19). tender/internal/app/common/logic/middleware.(*sMiddleware).MiddlewareCORS
        /Users/apple/work/go/src/project/tenderBack/internal/app/common/logic/middleware/middleware.go:23
   20). github.com/gogf/gf/v2/net/ghttp.internalMiddlewareServerTracing
        /Users/apple/work/go/pkg/mod/github.com/gogf/gf/v2@v2.3.2/net/ghttp/ghttp_middleware_tracing.go:78
   21). github.com/gogf/gf/v2/net/ghttp.(*middleware).Next.func1.5
        /Users/apple/work/go/pkg/mod/github.com/gogf/gf/v2@v2.3.2/net/ghttp/ghttp_request_middleware.go:96
   22). github.com/gogf/gf/v2/net/ghttp.(*middleware).Next.func1
        /Users/apple/work/go/pkg/mod/github.com/gogf/gf/v2@v2.3.2/net/ghttp/ghttp_request_middleware.go:95
   23). github.com/gogf/gf/v2/net/ghttp.(*Server).ServeHTTP
        /Users/apple/work/go/pkg/mod/github.com/gogf/gf/v2@v2.3.2/net/ghttp/ghttp_server_handler.go:132

