2023-03-28 10:31:41.491 {a0a76fb773745017c3766f16e70704cc} 200 "GET http 127.0.0.1:30300 /api/v1/desk/enterprise/get HTTP/1.1" 0.135, 127.0.0.1, "", "ApiPOST Runtime +https://www.apipost.cn", -1, "", ""
Stack:
1. runtime error: invalid memory address or nil pointer dereference
   1).  github.com/gogf/gf/v2/util/gutil.Try.func1
        /Users/apple/work/go/pkg/mod/github.com/gogf/gf/v2@v2.3.2/util/gutil/gutil.go:36
   2).  tender/internal/app/system/logic/desk_individual.(*individualEnterprise).Get.func1
        /Users/apple/work/go/src/project/tenderBack/internal/app/system/logic/desk_individual/enterprise.go:156
   3).  github.com/gogf/gf/v2/util/gutil.Try
        /Users/apple/work/go/pkg/mod/github.com/gogf/gf/v2@v2.3.2/util/gutil/gutil.go:40
   4).  github.com/gogf/gf/v2/frame/g.Try
        /Users/apple/work/go/pkg/mod/github.com/gogf/gf/v2@v2.3.2/frame/g/g_func.go:67
   5).  tender/internal/app/system/logic/desk_individual.(*individualEnterprise).Get
        /Users/apple/work/go/src/project/tenderBack/internal/app/system/logic/desk_individual/enterprise.go:154
   6).  tender/internal/app/system/controller.(*EnterpriseController).EnterpriseGet
        /Users/apple/work/go/src/project/tenderBack/internal/app/system/controller/individual.go:29
   7).  github.com/gogf/gf/v2/net/ghttp.(*middleware).callHandlerFunc.func1
        /Users/apple/work/go/pkg/mod/github.com/gogf/gf/v2@v2.3.2/net/ghttp/ghttp_request_middleware.go:152
   8).  github.com/gogf/gf/v2/net/ghttp.niceCallFunc
        /Users/apple/work/go/pkg/mod/github.com/gogf/gf/v2@v2.3.2/net/ghttp/ghttp_func.go:55
   9).  github.com/gogf/gf/v2/net/ghttp.(*middleware).callHandlerFunc
        /Users/apple/work/go/pkg/mod/github.com/gogf/gf/v2@v2.3.2/net/ghttp/ghttp_request_middleware.go:129
   10). github.com/gogf/gf/v2/net/ghttp.(*middleware).Next.func1.4
        /Users/apple/work/go/pkg/mod/github.com/gogf/gf/v2@v2.3.2/net/ghttp/ghttp_request_middleware.go:90
   11). github.com/gogf/gf/v2/net/ghttp.(*middleware).Next.func1
        /Users/apple/work/go/pkg/mod/github.com/gogf/gf/v2@v2.3.2/net/ghttp/ghttp_request_middleware.go:89
   12). github.com/gogf/gf/v2/util/gutil.TryCatch
        /Users/apple/work/go/pkg/mod/github.com/gogf/gf/v2@v2.3.2/util/gutil/gutil.go:56
   13). github.com/gogf/gf/v2/net/ghttp.(*middleware).Next
        /Users/apple/work/go/pkg/mod/github.com/gogf/gf/v2@v2.3.2/net/ghttp/ghttp_request_middleware.go:49
   14). github.com/gogf/gf/v2/net/ghttp.MiddlewareHandlerResponse
        /Users/apple/work/go/pkg/mod/github.com/gogf/gf/v2@v2.3.2/net/ghttp/ghttp_middleware_handler_response.go:25
   15). github.com/gogf/gf/v2/net/ghttp.(*middleware).Next.func1.1
        /Users/apple/work/go/pkg/mod/github.com/gogf/gf/v2@v2.3.2/net/ghttp/ghttp_request_middleware.go:55
   16). github.com/gogf/gf/v2/net/ghttp.(*middleware).Next.func1
        /Users/apple/work/go/pkg/mod/github.com/gogf/gf/v2@v2.3.2/net/ghttp/ghttp_request_middleware.go:54
   17). tender/internal/app/common/logic/middleware.(*sMiddleware).MiddlewareCORS
        /Users/apple/work/go/src/project/tenderBack/internal/app/common/logic/middleware/middleware.go:23
   18). github.com/gogf/gf/v2/net/ghttp.internalMiddlewareServerTracing
        /Users/apple/work/go/pkg/mod/github.com/gogf/gf/v2@v2.3.2/net/ghttp/ghttp_middleware_tracing.go:78
   19). github.com/gogf/gf/v2/net/ghttp.(*middleware).Next.func1.5
        /Users/apple/work/go/pkg/mod/github.com/gogf/gf/v2@v2.3.2/net/ghttp/ghttp_request_middleware.go:96
   20). github.com/gogf/gf/v2/net/ghttp.(*middleware).Next.func1
        /Users/apple/work/go/pkg/mod/github.com/gogf/gf/v2@v2.3.2/net/ghttp/ghttp_request_middleware.go:95
   21). github.com/gogf/gf/v2/net/ghttp.(*Server).ServeHTTP
        /Users/apple/work/go/pkg/mod/github.com/gogf/gf/v2@v2.3.2/net/ghttp/ghttp_server_handler.go:132

2023-03-28 10:32:08.532 {888b57077a745017c5766f1607a0ed47} 200 "GET http 127.0.0.1:30300 /api/v1/desk/enterprise/get HTTP/1.1" 0.065, 127.0.0.1, "", "ApiPOST Runtime +https://www.apipost.cn", -1, "", ""
Stack:
1. runtime error: invalid memory address or nil pointer dereference
   1).  github.com/gogf/gf/v2/util/gutil.Try.func1
        /Users/apple/work/go/pkg/mod/github.com/gogf/gf/v2@v2.3.2/util/gutil/gutil.go:36
   2).  tender/internal/app/system/logic/desk_individual.(*individualEnterprise).Get.func1
        /Users/apple/work/go/src/project/tenderBack/internal/app/system/logic/desk_individual/enterprise.go:156
   3).  github.com/gogf/gf/v2/util/gutil.Try
        /Users/apple/work/go/pkg/mod/github.com/gogf/gf/v2@v2.3.2/util/gutil/gutil.go:40
   4).  github.com/gogf/gf/v2/frame/g.Try
        /Users/apple/work/go/pkg/mod/github.com/gogf/gf/v2@v2.3.2/frame/g/g_func.go:67
   5).  tender/internal/app/system/logic/desk_individual.(*individualEnterprise).Get
        /Users/apple/work/go/src/project/tenderBack/internal/app/system/logic/desk_individual/enterprise.go:154
   6).  tender/internal/app/system/controller.(*EnterpriseController).EnterpriseGet
        /Users/apple/work/go/src/project/tenderBack/internal/app/system/controller/individual.go:29
   7).  github.com/gogf/gf/v2/net/ghttp.(*middleware).callHandlerFunc.func1
        /Users/apple/work/go/pkg/mod/github.com/gogf/gf/v2@v2.3.2/net/ghttp/ghttp_request_middleware.go:152
   8).  github.com/gogf/gf/v2/net/ghttp.niceCallFunc
        /Users/apple/work/go/pkg/mod/github.com/gogf/gf/v2@v2.3.2/net/ghttp/ghttp_func.go:55
   9).  github.com/gogf/gf/v2/net/ghttp.(*middleware).callHandlerFunc
        /Users/apple/work/go/pkg/mod/github.com/gogf/gf/v2@v2.3.2/net/ghttp/ghttp_request_middleware.go:129
   10). github.com/gogf/gf/v2/net/ghttp.(*middleware).Next.func1.4
        /Users/apple/work/go/pkg/mod/github.com/gogf/gf/v2@v2.3.2/net/ghttp/ghttp_request_middleware.go:90
   11). github.com/gogf/gf/v2/net/ghttp.(*middleware).Next.func1
        /Users/apple/work/go/pkg/mod/github.com/gogf/gf/v2@v2.3.2/net/ghttp/ghttp_request_middleware.go:89
   12). github.com/gogf/gf/v2/util/gutil.TryCatch
        /Users/apple/work/go/pkg/mod/github.com/gogf/gf/v2@v2.3.2/util/gutil/gutil.go:56
   13). github.com/gogf/gf/v2/net/ghttp.(*middleware).Next
        /Users/apple/work/go/pkg/mod/github.com/gogf/gf/v2@v2.3.2/net/ghttp/ghttp_request_middleware.go:49
   14). github.com/gogf/gf/v2/net/ghttp.MiddlewareHandlerResponse
        /Users/apple/work/go/pkg/mod/github.com/gogf/gf/v2@v2.3.2/net/ghttp/ghttp_middleware_handler_response.go:25
   15). github.com/gogf/gf/v2/net/ghttp.(*middleware).Next.func1.1
        /Users/apple/work/go/pkg/mod/github.com/gogf/gf/v2@v2.3.2/net/ghttp/ghttp_request_middleware.go:55
   16). github.com/gogf/gf/v2/net/ghttp.(*middleware).Next.func1
        /Users/apple/work/go/pkg/mod/github.com/gogf/gf/v2@v2.3.2/net/ghttp/ghttp_request_middleware.go:54
   17). tender/internal/app/common/logic/middleware.(*sMiddleware).MiddlewareCORS
        /Users/apple/work/go/src/project/tenderBack/internal/app/common/logic/middleware/middleware.go:23
   18). github.com/gogf/gf/v2/net/ghttp.internalMiddlewareServerTracing
        /Users/apple/work/go/pkg/mod/github.com/gogf/gf/v2@v2.3.2/net/ghttp/ghttp_middleware_tracing.go:78
   19). github.com/gogf/gf/v2/net/ghttp.(*middleware).Next.func1.5
        /Users/apple/work/go/pkg/mod/github.com/gogf/gf/v2@v2.3.2/net/ghttp/ghttp_request_middleware.go:96
   20). github.com/gogf/gf/v2/net/ghttp.(*middleware).Next.func1
        /Users/apple/work/go/pkg/mod/github.com/gogf/gf/v2@v2.3.2/net/ghttp/ghttp_request_middleware.go:95
   21). github.com/gogf/gf/v2/net/ghttp.(*Server).ServeHTTP
        /Users/apple/work/go/pkg/mod/github.com/gogf/gf/v2@v2.3.2/net/ghttp/ghttp_server_handler.go:132

2023-03-28 10:32:49.069 {50bf647283745017c6766f16589a7e73} 200 "GET http 127.0.0.1:30300 /api/v1/desk/enterprise/get HTTP/1.1" 0.152, 127.0.0.1, "", "ApiPOST Runtime +https://www.apipost.cn", -1, "", ""
Stack:
1. runtime error: invalid memory address or nil pointer dereference
   1).  github.com/gogf/gf/v2/util/gutil.Try.func1
        /Users/apple/work/go/pkg/mod/github.com/gogf/gf/v2@v2.3.2/util/gutil/gutil.go:36
   2).  tender/internal/app/system/logic/desk_individual.(*individualEnterprise).Get.func1
        /Users/apple/work/go/src/project/tenderBack/internal/app/system/logic/desk_individual/enterprise.go:156
   3).  github.com/gogf/gf/v2/util/gutil.Try
        /Users/apple/work/go/pkg/mod/github.com/gogf/gf/v2@v2.3.2/util/gutil/gutil.go:40
   4).  github.com/gogf/gf/v2/frame/g.Try
        /Users/apple/work/go/pkg/mod/github.com/gogf/gf/v2@v2.3.2/frame/g/g_func.go:67
   5).  tender/internal/app/system/logic/desk_individual.(*individualEnterprise).Get
        /Users/apple/work/go/src/project/tenderBack/internal/app/system/logic/desk_individual/enterprise.go:154
   6).  tender/internal/app/system/controller.(*EnterpriseController).EnterpriseGet
        /Users/apple/work/go/src/project/tenderBack/internal/app/system/controller/individual.go:29
   7).  github.com/gogf/gf/v2/net/ghttp.(*middleware).callHandlerFunc.func1
        /Users/apple/work/go/pkg/mod/github.com/gogf/gf/v2@v2.3.2/net/ghttp/ghttp_request_middleware.go:152
   8).  github.com/gogf/gf/v2/net/ghttp.niceCallFunc
        /Users/apple/work/go/pkg/mod/github.com/gogf/gf/v2@v2.3.2/net/ghttp/ghttp_func.go:55
   9).  github.com/gogf/gf/v2/net/ghttp.(*middleware).callHandlerFunc
        /Users/apple/work/go/pkg/mod/github.com/gogf/gf/v2@v2.3.2/net/ghttp/ghttp_request_middleware.go:129
   10). github.com/gogf/gf/v2/net/ghttp.(*middleware).Next.func1.4
        /Users/apple/work/go/pkg/mod/github.com/gogf/gf/v2@v2.3.2/net/ghttp/ghttp_request_middleware.go:90
   11). github.com/gogf/gf/v2/net/ghttp.(*middleware).Next.func1
        /Users/apple/work/go/pkg/mod/github.com/gogf/gf/v2@v2.3.2/net/ghttp/ghttp_request_middleware.go:89
   12). github.com/gogf/gf/v2/util/gutil.TryCatch
        /Users/apple/work/go/pkg/mod/github.com/gogf/gf/v2@v2.3.2/util/gutil/gutil.go:56
   13). github.com/gogf/gf/v2/net/ghttp.(*middleware).Next
        /Users/apple/work/go/pkg/mod/github.com/gogf/gf/v2@v2.3.2/net/ghttp/ghttp_request_middleware.go:49
   14). github.com/gogf/gf/v2/net/ghttp.MiddlewareHandlerResponse
        /Users/apple/work/go/pkg/mod/github.com/gogf/gf/v2@v2.3.2/net/ghttp/ghttp_middleware_handler_response.go:25
   15). github.com/gogf/gf/v2/net/ghttp.(*middleware).Next.func1.1
        /Users/apple/work/go/pkg/mod/github.com/gogf/gf/v2@v2.3.2/net/ghttp/ghttp_request_middleware.go:55
   16). github.com/gogf/gf/v2/net/ghttp.(*middleware).Next.func1
        /Users/apple/work/go/pkg/mod/github.com/gogf/gf/v2@v2.3.2/net/ghttp/ghttp_request_middleware.go:54
   17). tender/internal/app/common/logic/middleware.(*sMiddleware).MiddlewareCORS
        /Users/apple/work/go/src/project/tenderBack/internal/app/common/logic/middleware/middleware.go:23
   18). github.com/gogf/gf/v2/net/ghttp.internalMiddlewareServerTracing
        /Users/apple/work/go/pkg/mod/github.com/gogf/gf/v2@v2.3.2/net/ghttp/ghttp_middleware_tracing.go:78
   19). github.com/gogf/gf/v2/net/ghttp.(*middleware).Next.func1.5
        /Users/apple/work/go/pkg/mod/github.com/gogf/gf/v2@v2.3.2/net/ghttp/ghttp_request_middleware.go:96
   20). github.com/gogf/gf/v2/net/ghttp.(*middleware).Next.func1
        /Users/apple/work/go/pkg/mod/github.com/gogf/gf/v2@v2.3.2/net/ghttp/ghttp_request_middleware.go:95
   21). github.com/gogf/gf/v2/net/ghttp.(*Server).ServeHTTP
        /Users/apple/work/go/pkg/mod/github.com/gogf/gf/v2@v2.3.2/net/ghttp/ghttp_server_handler.go:132

2023-03-28 10:34:15.269 {2024bd8597745017c7766f16c008c9ef} 200 "GET http 127.0.0.1:30300 /api/v1/desk/enterprise/get HTTP/1.1" 0.128, 127.0.0.1, "", "ApiPOST Runtime +https://www.apipost.cn", -1, "", ""
Stack:
1. runtime error: invalid memory address or nil pointer dereference
   1).  github.com/gogf/gf/v2/util/gutil.Try.func1
        /Users/apple/work/go/pkg/mod/github.com/gogf/gf/v2@v2.3.2/util/gutil/gutil.go:36
   2).  tender/internal/app/system/logic/desk_individual.(*individualEnterprise).Get.func1
        /Users/apple/work/go/src/project/tenderBack/internal/app/system/logic/desk_individual/enterprise.go:156
   3).  github.com/gogf/gf/v2/util/gutil.Try
        /Users/apple/work/go/pkg/mod/github.com/gogf/gf/v2@v2.3.2/util/gutil/gutil.go:40
   4).  github.com/gogf/gf/v2/frame/g.Try
        /Users/apple/work/go/pkg/mod/github.com/gogf/gf/v2@v2.3.2/frame/g/g_func.go:67
   5).  tender/internal/app/system/logic/desk_individual.(*individualEnterprise).Get
        /Users/apple/work/go/src/project/tenderBack/internal/app/system/logic/desk_individual/enterprise.go:154
   6).  tender/internal/app/system/controller.(*EnterpriseController).EnterpriseGet
        /Users/apple/work/go/src/project/tenderBack/internal/app/system/controller/individual.go:29
   7).  github.com/gogf/gf/v2/net/ghttp.(*middleware).callHandlerFunc.func1
        /Users/apple/work/go/pkg/mod/github.com/gogf/gf/v2@v2.3.2/net/ghttp/ghttp_request_middleware.go:152
   8).  github.com/gogf/gf/v2/net/ghttp.niceCallFunc
        /Users/apple/work/go/pkg/mod/github.com/gogf/gf/v2@v2.3.2/net/ghttp/ghttp_func.go:55
   9).  github.com/gogf/gf/v2/net/ghttp.(*middleware).callHandlerFunc
        /Users/apple/work/go/pkg/mod/github.com/gogf/gf/v2@v2.3.2/net/ghttp/ghttp_request_middleware.go:129
   10). github.com/gogf/gf/v2/net/ghttp.(*middleware).Next.func1.4
        /Users/apple/work/go/pkg/mod/github.com/gogf/gf/v2@v2.3.2/net/ghttp/ghttp_request_middleware.go:90
   11). github.com/gogf/gf/v2/net/ghttp.(*middleware).Next.func1
        /Users/apple/work/go/pkg/mod/github.com/gogf/gf/v2@v2.3.2/net/ghttp/ghttp_request_middleware.go:89
   12). github.com/gogf/gf/v2/util/gutil.TryCatch
        /Users/apple/work/go/pkg/mod/github.com/gogf/gf/v2@v2.3.2/util/gutil/gutil.go:56
   13). github.com/gogf/gf/v2/net/ghttp.(*middleware).Next
        /Users/apple/work/go/pkg/mod/github.com/gogf/gf/v2@v2.3.2/net/ghttp/ghttp_request_middleware.go:49
   14). github.com/gogf/gf/v2/net/ghttp.MiddlewareHandlerResponse
        /Users/apple/work/go/pkg/mod/github.com/gogf/gf/v2@v2.3.2/net/ghttp/ghttp_middleware_handler_response.go:25
   15). github.com/gogf/gf/v2/net/ghttp.(*middleware).Next.func1.1
        /Users/apple/work/go/pkg/mod/github.com/gogf/gf/v2@v2.3.2/net/ghttp/ghttp_request_middleware.go:55
   16). github.com/gogf/gf/v2/net/ghttp.(*middleware).Next.func1
        /Users/apple/work/go/pkg/mod/github.com/gogf/gf/v2@v2.3.2/net/ghttp/ghttp_request_middleware.go:54
   17). tender/internal/app/common/logic/middleware.(*sMiddleware).MiddlewareCORS
        /Users/apple/work/go/src/project/tenderBack/internal/app/common/logic/middleware/middleware.go:23
   18). github.com/gogf/gf/v2/net/ghttp.internalMiddlewareServerTracing
        /Users/apple/work/go/pkg/mod/github.com/gogf/gf/v2@v2.3.2/net/ghttp/ghttp_middleware_tracing.go:78
   19). github.com/gogf/gf/v2/net/ghttp.(*middleware).Next.func1.5
        /Users/apple/work/go/pkg/mod/github.com/gogf/gf/v2@v2.3.2/net/ghttp/ghttp_request_middleware.go:96
   20). github.com/gogf/gf/v2/net/ghttp.(*middleware).Next.func1
        /Users/apple/work/go/pkg/mod/github.com/gogf/gf/v2@v2.3.2/net/ghttp/ghttp_request_middleware.go:95
   21). github.com/gogf/gf/v2/net/ghttp.(*Server).ServeHTTP
        /Users/apple/work/go/pkg/mod/github.com/gogf/gf/v2@v2.3.2/net/ghttp/ghttp_server_handler.go:132

2023-03-28 16:32:35.279 {a076c65825885017bb0a2b346863ec87} 200 "POST http 127.0.0.1:30300 /api/v1/desk/login HTTP/1.1" 0.286, 127.0.0.1, "", "ApiPOST Runtime +https://www.apipost.cn", -1, "", ""
Stack:
1. 账号或密码错误
   1).  tender/internal/app/desk/controller.(*loginController).Login
        /Users/apple/work/go/src/project/tenderBack/internal/app/desk/controller/login.go:56
   2).  github.com/gogf/gf/v2/net/ghttp.(*middleware).callHandlerFunc.func1
        /Users/apple/work/go/pkg/mod/github.com/gogf/gf/v2@v2.3.2/net/ghttp/ghttp_request_middleware.go:152
   3).  github.com/gogf/gf/v2/net/ghttp.niceCallFunc
        /Users/apple/work/go/pkg/mod/github.com/gogf/gf/v2@v2.3.2/net/ghttp/ghttp_func.go:55
   4).  github.com/gogf/gf/v2/net/ghttp.(*middleware).callHandlerFunc
        /Users/apple/work/go/pkg/mod/github.com/gogf/gf/v2@v2.3.2/net/ghttp/ghttp_request_middleware.go:129
   5).  github.com/gogf/gf/v2/net/ghttp.(*middleware).Next.func1.4
        /Users/apple/work/go/pkg/mod/github.com/gogf/gf/v2@v2.3.2/net/ghttp/ghttp_request_middleware.go:90
   6).  github.com/gogf/gf/v2/net/ghttp.(*middleware).Next.func1
        /Users/apple/work/go/pkg/mod/github.com/gogf/gf/v2@v2.3.2/net/ghttp/ghttp_request_middleware.go:89
   7).  github.com/gogf/gf/v2/util/gutil.TryCatch
        /Users/apple/work/go/pkg/mod/github.com/gogf/gf/v2@v2.3.2/util/gutil/gutil.go:56
   8).  github.com/gogf/gf/v2/net/ghttp.(*middleware).Next
        /Users/apple/work/go/pkg/mod/github.com/gogf/gf/v2@v2.3.2/net/ghttp/ghttp_request_middleware.go:49
   9).  github.com/gogf/gf/v2/net/ghttp.MiddlewareHandlerResponse
        /Users/apple/work/go/pkg/mod/github.com/gogf/gf/v2@v2.3.2/net/ghttp/ghttp_middleware_handler_response.go:25
   10). github.com/gogf/gf/v2/net/ghttp.(*middleware).Next.func1.1
        /Users/apple/work/go/pkg/mod/github.com/gogf/gf/v2@v2.3.2/net/ghttp/ghttp_request_middleware.go:55
   11). github.com/gogf/gf/v2/net/ghttp.(*middleware).Next.func1
        /Users/apple/work/go/pkg/mod/github.com/gogf/gf/v2@v2.3.2/net/ghttp/ghttp_request_middleware.go:54
   12). tender/internal/app/common/logic/middleware.(*sMiddleware).MiddlewareCORS
        /Users/apple/work/go/src/project/tenderBack/internal/app/common/logic/middleware/middleware.go:23
   13). github.com/gogf/gf/v2/net/ghttp.internalMiddlewareServerTracing
        /Users/apple/work/go/pkg/mod/github.com/gogf/gf/v2@v2.3.2/net/ghttp/ghttp_middleware_tracing.go:78
   14). github.com/gogf/gf/v2/net/ghttp.(*middleware).Next.func1.5
        /Users/apple/work/go/pkg/mod/github.com/gogf/gf/v2@v2.3.2/net/ghttp/ghttp_request_middleware.go:96
   15). github.com/gogf/gf/v2/net/ghttp.(*middleware).Next.func1
        /Users/apple/work/go/pkg/mod/github.com/gogf/gf/v2@v2.3.2/net/ghttp/ghttp_request_middleware.go:95
   16). github.com/gogf/gf/v2/net/ghttp.(*Server).ServeHTTP
        /Users/apple/work/go/pkg/mod/github.com/gogf/gf/v2@v2.3.2/net/ghttp/ghttp_server_handler.go:132

2023-03-28 17:52:39.260 {d061afdd838c5017f657080b64541612} 200 "GET http 127.0.0.1:30300 /api/v1/system/knowledge/import/list HTTP/1.1" 0.263, 127.0.0.1, "", "ApiPOST Runtime +https://www.apipost.cn", -1, "", ""
Stack:
1. 获取知库导入列表数据失败
   1).  github.com/gogf/gf/v2/util/gutil.Try.func1
        /Users/apple/work/go/pkg/mod/github.com/gogf/gf/v2@v2.3.2/util/gutil/gutil.go:36
   2).  tender/library/liberr.ErrIsNil
        /Users/apple/work/go/src/project/tenderBack/library/liberr/err.go:12
   3).  tender/internal/app/system/logic/sys_knowledge_manger.(*sSysKnowledgeManger).ImportList.func1
        /Users/apple/work/go/src/project/tenderBack/internal/app/system/logic/sys_knowledge_manger/sys_knowledge_manger.go:97
   4).  github.com/gogf/gf/v2/util/gutil.Try
        /Users/apple/work/go/pkg/mod/github.com/gogf/gf/v2@v2.3.2/util/gutil/gutil.go:40
   5).  github.com/gogf/gf/v2/frame/g.Try
        /Users/apple/work/go/pkg/mod/github.com/gogf/gf/v2@v2.3.2/frame/g/g_func.go:67
   6).  tender/internal/app/system/logic/sys_knowledge_manger.(*sSysKnowledgeManger).ImportList
        /Users/apple/work/go/src/project/tenderBack/internal/app/system/logic/sys_knowledge_manger/sys_knowledge_manger.go:92
   7).  tender/internal/app/system/controller.(*KnowledgeMangerController).ImportList
        /Users/apple/work/go/src/project/tenderBack/internal/app/system/controller/sys_knowledge_manger.go:22
   8).  github.com/gogf/gf/v2/net/ghttp.(*middleware).callHandlerFunc.func1
        /Users/apple/work/go/pkg/mod/github.com/gogf/gf/v2@v2.3.2/net/ghttp/ghttp_request_middleware.go:152
   9).  github.com/gogf/gf/v2/net/ghttp.niceCallFunc
        /Users/apple/work/go/pkg/mod/github.com/gogf/gf/v2@v2.3.2/net/ghttp/ghttp_func.go:55
   10). github.com/gogf/gf/v2/net/ghttp.(*middleware).callHandlerFunc
        /Users/apple/work/go/pkg/mod/github.com/gogf/gf/v2@v2.3.2/net/ghttp/ghttp_request_middleware.go:129
   11). github.com/gogf/gf/v2/net/ghttp.(*middleware).Next.func1
        /Users/apple/work/go/pkg/mod/github.com/gogf/gf/v2@v2.3.2/net/ghttp/ghttp_request_middleware.go:75
   12). github.com/gogf/gf/v2/util/gutil.TryCatch
        /Users/apple/work/go/pkg/mod/github.com/gogf/gf/v2@v2.3.2/util/gutil/gutil.go:56
   13). github.com/gogf/gf/v2/net/ghttp.(*middleware).Next
        /Users/apple/work/go/pkg/mod/github.com/gogf/gf/v2@v2.3.2/net/ghttp/ghttp_request_middleware.go:49
   14). tender/internal/app/system/logic/middleware.(*sMiddleware).Auth
        /Users/apple/work/go/src/project/tenderBack/internal/app/system/logic/middleware/middleware.go:74
   15). github.com/gogf/gf/v2/net/ghttp.(*middleware).Next.func1.1
        /Users/apple/work/go/pkg/mod/github.com/gogf/gf/v2@v2.3.2/net/ghttp/ghttp_request_middleware.go:55
   16). github.com/gogf/gf/v2/net/ghttp.(*middleware).Next.func1
        /Users/apple/work/go/pkg/mod/github.com/gogf/gf/v2@v2.3.2/net/ghttp/ghttp_request_middleware.go:54
   17). tender/internal/app/system/logic/middleware.(*sMiddleware).Ctx
        /Users/apple/work/go/src/project/tenderBack/internal/app/system/logic/middleware/middleware.go:46
   18). tender/gftoken.(*GfToken).authMiddleware
        /Users/apple/work/go/src/project/tenderBack/gftoken/middleware.go:21
   19). github.com/gogf/gf/v2/net/ghttp.MiddlewareHandlerResponse
        /Users/apple/work/go/pkg/mod/github.com/gogf/gf/v2@v2.3.2/net/ghttp/ghttp_middleware_handler_response.go:25
   20). tender/internal/app/common/logic/middleware.(*sMiddleware).MiddlewareCORS
        /Users/apple/work/go/src/project/tenderBack/internal/app/common/logic/middleware/middleware.go:23
   21). github.com/gogf/gf/v2/net/ghttp.internalMiddlewareServerTracing
        /Users/apple/work/go/pkg/mod/github.com/gogf/gf/v2@v2.3.2/net/ghttp/ghttp_middleware_tracing.go:78
   22). github.com/gogf/gf/v2/net/ghttp.(*middleware).Next.func1.5
        /Users/apple/work/go/pkg/mod/github.com/gogf/gf/v2@v2.3.2/net/ghttp/ghttp_request_middleware.go:96
   23). github.com/gogf/gf/v2/net/ghttp.(*middleware).Next.func1
        /Users/apple/work/go/pkg/mod/github.com/gogf/gf/v2@v2.3.2/net/ghttp/ghttp_request_middleware.go:95
   24). github.com/gogf/gf/v2/net/ghttp.(*Server).ServeHTTP
        /Users/apple/work/go/pkg/mod/github.com/gogf/gf/v2@v2.3.2/net/ghttp/ghttp_server_handler.go:132

2023-03-28 21:02:35.469 {b09ec94de19650179dfd6150b1ad8c65} 200 "POST http 127.0.0.1:30300 /api/v1/desk/publish/edit HTTP/1.1" 0.044, 127.0.0.1, "", "ApiPOST Runtime +https://www.apipost.cn", 51, "Validation Failed", ""
Stack:
知识id不能为空
2023-03-28 23:06:51.371 {08fcd535a99d50172e3d3242140fc115} 500 "GET http 127.0.0.1:30300 /api/v1/tender/download/pdf?ids=23 HTTP/1.1" 0.284, 127.0.0.1, "", "Mozilla/5.0 (Macintosh; Intel Mac OS X 10_15_7) AppleWebKit/537.36 (KHTML, like Gecko) Chrome/111.0.0.0 Safari/537.36", 50, "Internal Error", ""
Stack:
1. exception recovered
   1).  tender/internal/app/common/controller.(*DownloadController).DownloadFilePdf
        /Users/apple/work/go/src/project/tenderBack/internal/app/common/controller/download.go:322
   2).  github.com/gogf/gf/v2/net/ghttp.(*middleware).callHandlerFunc.func1
        /Users/apple/work/go/pkg/mod/github.com/gogf/gf/v2@v2.3.2/net/ghttp/ghttp_request_middleware.go:131
   3).  github.com/gogf/gf/v2/net/ghttp.niceCallFunc
        /Users/apple/work/go/pkg/mod/github.com/gogf/gf/v2@v2.3.2/net/ghttp/ghttp_func.go:55
   4).  github.com/gogf/gf/v2/net/ghttp.(*middleware).callHandlerFunc
        /Users/apple/work/go/pkg/mod/github.com/gogf/gf/v2@v2.3.2/net/ghttp/ghttp_request_middleware.go:129
   5).  github.com/gogf/gf/v2/net/ghttp.(*middleware).Next.func1.4
        /Users/apple/work/go/pkg/mod/github.com/gogf/gf/v2@v2.3.2/net/ghttp/ghttp_request_middleware.go:90
   6).  github.com/gogf/gf/v2/net/ghttp.(*middleware).Next.func1
        /Users/apple/work/go/pkg/mod/github.com/gogf/gf/v2@v2.3.2/net/ghttp/ghttp_request_middleware.go:89
   7).  github.com/gogf/gf/v2/util/gutil.TryCatch
        /Users/apple/work/go/pkg/mod/github.com/gogf/gf/v2@v2.3.2/util/gutil/gutil.go:56
   8).  github.com/gogf/gf/v2/net/ghttp.(*middleware).Next
        /Users/apple/work/go/pkg/mod/github.com/gogf/gf/v2@v2.3.2/net/ghttp/ghttp_request_middleware.go:49
   9).  github.com/gogf/gf/v2/net/ghttp.MiddlewareHandlerResponse
        /Users/apple/work/go/pkg/mod/github.com/gogf/gf/v2@v2.3.2/net/ghttp/ghttp_middleware_handler_response.go:25
   10). github.com/gogf/gf/v2/net/ghttp.(*middleware).Next.func1.1
        /Users/apple/work/go/pkg/mod/github.com/gogf/gf/v2@v2.3.2/net/ghttp/ghttp_request_middleware.go:55
   11). github.com/gogf/gf/v2/net/ghttp.(*middleware).Next.func1
        /Users/apple/work/go/pkg/mod/github.com/gogf/gf/v2@v2.3.2/net/ghttp/ghttp_request_middleware.go:54
   12). tender/internal/app/common/logic/middleware.(*sMiddleware).MiddlewareCORS
        /Users/apple/work/go/src/project/tenderBack/internal/app/common/logic/middleware/middleware.go:23
   13). github.com/gogf/gf/v2/net/ghttp.internalMiddlewareServerTracing
        /Users/apple/work/go/pkg/mod/github.com/gogf/gf/v2@v2.3.2/net/ghttp/ghttp_middleware_tracing.go:78
   14). github.com/gogf/gf/v2/net/ghttp.(*middleware).Next.func1.5
        /Users/apple/work/go/pkg/mod/github.com/gogf/gf/v2@v2.3.2/net/ghttp/ghttp_request_middleware.go:96
   15). github.com/gogf/gf/v2/net/ghttp.(*middleware).Next.func1
        /Users/apple/work/go/pkg/mod/github.com/gogf/gf/v2@v2.3.2/net/ghttp/ghttp_request_middleware.go:95
   16). github.com/gogf/gf/v2/net/ghttp.(*Server).ServeHTTP
        /Users/apple/work/go/pkg/mod/github.com/gogf/gf/v2@v2.3.2/net/ghttp/ghttp_server_handler.go:132
2. runtime error: invalid memory address or nil pointer dereference

2023-03-28 23:09:39.057 {28a4df41d09d501755aee34703f3b4af} 500 "GET http 127.0.0.1:30300 /api/v1/tender/download/pdf?ids=23 HTTP/1.1" 0.265, 127.0.0.1, "", "Mozilla/5.0 (Macintosh; Intel Mac OS X 10_15_7) AppleWebKit/537.36 (KHTML, like Gecko) Chrome/111.0.0.0 Safari/537.36", 50, "Internal Error", ""
Stack:
1. exception recovered
   1).  tender/internal/app/common/controller.(*DownloadController).DownloadFilePdf
        /Users/apple/work/go/src/project/tenderBack/internal/app/common/controller/download.go:322
   2).  github.com/gogf/gf/v2/net/ghttp.(*middleware).callHandlerFunc.func1
        /Users/apple/work/go/pkg/mod/github.com/gogf/gf/v2@v2.3.2/net/ghttp/ghttp_request_middleware.go:131
   3).  github.com/gogf/gf/v2/net/ghttp.niceCallFunc
        /Users/apple/work/go/pkg/mod/github.com/gogf/gf/v2@v2.3.2/net/ghttp/ghttp_func.go:55
   4).  github.com/gogf/gf/v2/net/ghttp.(*middleware).callHandlerFunc
        /Users/apple/work/go/pkg/mod/github.com/gogf/gf/v2@v2.3.2/net/ghttp/ghttp_request_middleware.go:129
   5).  github.com/gogf/gf/v2/net/ghttp.(*middleware).Next.func1.4
        /Users/apple/work/go/pkg/mod/github.com/gogf/gf/v2@v2.3.2/net/ghttp/ghttp_request_middleware.go:90
   6).  github.com/gogf/gf/v2/net/ghttp.(*middleware).Next.func1
        /Users/apple/work/go/pkg/mod/github.com/gogf/gf/v2@v2.3.2/net/ghttp/ghttp_request_middleware.go:89
   7).  github.com/gogf/gf/v2/util/gutil.TryCatch
        /Users/apple/work/go/pkg/mod/github.com/gogf/gf/v2@v2.3.2/util/gutil/gutil.go:56
   8).  github.com/gogf/gf/v2/net/ghttp.(*middleware).Next
        /Users/apple/work/go/pkg/mod/github.com/gogf/gf/v2@v2.3.2/net/ghttp/ghttp_request_middleware.go:49
   9).  github.com/gogf/gf/v2/net/ghttp.MiddlewareHandlerResponse
        /Users/apple/work/go/pkg/mod/github.com/gogf/gf/v2@v2.3.2/net/ghttp/ghttp_middleware_handler_response.go:25
   10). github.com/gogf/gf/v2/net/ghttp.(*middleware).Next.func1.1
        /Users/apple/work/go/pkg/mod/github.com/gogf/gf/v2@v2.3.2/net/ghttp/ghttp_request_middleware.go:55
   11). github.com/gogf/gf/v2/net/ghttp.(*middleware).Next.func1
        /Users/apple/work/go/pkg/mod/github.com/gogf/gf/v2@v2.3.2/net/ghttp/ghttp_request_middleware.go:54
   12). tender/internal/app/common/logic/middleware.(*sMiddleware).MiddlewareCORS
        /Users/apple/work/go/src/project/tenderBack/internal/app/common/logic/middleware/middleware.go:23
   13). github.com/gogf/gf/v2/net/ghttp.internalMiddlewareServerTracing
        /Users/apple/work/go/pkg/mod/github.com/gogf/gf/v2@v2.3.2/net/ghttp/ghttp_middleware_tracing.go:78
   14). github.com/gogf/gf/v2/net/ghttp.(*middleware).Next.func1.5
        /Users/apple/work/go/pkg/mod/github.com/gogf/gf/v2@v2.3.2/net/ghttp/ghttp_request_middleware.go:96
   15). github.com/gogf/gf/v2/net/ghttp.(*middleware).Next.func1
        /Users/apple/work/go/pkg/mod/github.com/gogf/gf/v2@v2.3.2/net/ghttp/ghttp_request_middleware.go:95
   16). github.com/gogf/gf/v2/net/ghttp.(*Server).ServeHTTP
        /Users/apple/work/go/pkg/mod/github.com/gogf/gf/v2@v2.3.2/net/ghttp/ghttp_server_handler.go:132
2. runtime error: invalid memory address or nil pointer dereference

