2023-05-12 14:00:01.946 {a04068c0ef4f5e179fd6493c42eaa484} 200 "POST http 127.0.0.1:30300 /api/v1/system/data/tender/add/sort HTTP/1.1" 0.120, 127.0.0.1, "", "ApiPOST Runtime +https://www.apipost.cn", -1, "", ""
Stack:
1. 更新数据失败
   1).  github.com/gogf/gf/v2/util/gutil.Try.func1
        /Users/apple/work/go/pkg/mod/github.com/gogf/gf/v2@v2.3.2/util/gutil/gutil.go:36
   2).  tender/library/liberr.ErrIsNil
        /Users/apple/work/go/src/project/tenderBack/library/liberr/err.go:12
   3).  tender/internal/app/system/logic/sys_data.(*sDataManger).TenderDelSort.func1
        /Users/apple/work/go/src/project/tenderBack/internal/app/system/logic/sys_data/data.go:203
   4).  github.com/gogf/gf/v2/util/gutil.Try
        /Users/apple/work/go/pkg/mod/github.com/gogf/gf/v2@v2.3.2/util/gutil/gutil.go:40
   5).  github.com/gogf/gf/v2/frame/g.Try
        /Users/apple/work/go/pkg/mod/github.com/gogf/gf/v2@v2.3.2/frame/g/g_func.go:67
   6).  tender/internal/app/system/logic/sys_data.(*sDataManger).TenderDelSort
        /Users/apple/work/go/src/project/tenderBack/internal/app/system/logic/sys_data/data.go:198
   7).  tender/internal/app/system/controller.(*sysDataController).TenderDelSort
        /Users/apple/work/go/src/project/tenderBack/internal/app/system/controller/sys_data.go:42
   8).  github.com/gogf/gf/v2/net/ghttp.(*middleware).callHandlerFunc.func1
        /Users/apple/work/go/pkg/mod/github.com/gogf/gf/v2@v2.3.2/net/ghttp/ghttp_request_middleware.go:152
   9).  github.com/gogf/gf/v2/net/ghttp.niceCallFunc
        /Users/apple/work/go/pkg/mod/github.com/gogf/gf/v2@v2.3.2/net/ghttp/ghttp_func.go:55
   10). github.com/gogf/gf/v2/net/ghttp.(*middleware).callHandlerFunc
        /Users/apple/work/go/pkg/mod/github.com/gogf/gf/v2@v2.3.2/net/ghttp/ghttp_request_middleware.go:129
   11). github.com/gogf/gf/v2/net/ghttp.(*middleware).Next.func1
        /Users/apple/work/go/pkg/mod/github.com/gogf/gf/v2@v2.3.2/net/ghttp/ghttp_request_middleware.go:75
   12). github.com/gogf/gf/v2/util/gutil.TryCatch
        /Users/apple/work/go/pkg/mod/github.com/gogf/gf/v2@v2.3.2/util/gutil/gutil.go:56
   13). github.com/gogf/gf/v2/net/ghttp.(*middleware).Next
        /Users/apple/work/go/pkg/mod/github.com/gogf/gf/v2@v2.3.2/net/ghttp/ghttp_request_middleware.go:49
   14). tender/internal/app/system/logic/middleware.(*sMiddleware).Auth
        /Users/apple/work/go/src/project/tenderBack/internal/app/system/logic/middleware/middleware.go:74
   15). github.com/gogf/gf/v2/net/ghttp.(*middleware).Next.func1.1
        /Users/apple/work/go/pkg/mod/github.com/gogf/gf/v2@v2.3.2/net/ghttp/ghttp_request_middleware.go:55
   16). github.com/gogf/gf/v2/net/ghttp.(*middleware).Next.func1
        /Users/apple/work/go/pkg/mod/github.com/gogf/gf/v2@v2.3.2/net/ghttp/ghttp_request_middleware.go:54
   17). tender/internal/app/system/logic/middleware.(*sMiddleware).Ctx
        /Users/apple/work/go/src/project/tenderBack/internal/app/system/logic/middleware/middleware.go:46
   18). tender/gftoken.(*GfToken).authMiddleware
        /Users/apple/work/go/src/project/tenderBack/gftoken/middleware.go:21
   19). github.com/gogf/gf/v2/net/ghttp.MiddlewareHandlerResponse
        /Users/apple/work/go/pkg/mod/github.com/gogf/gf/v2@v2.3.2/net/ghttp/ghttp_middleware_handler_response.go:25
   20). tender/internal/app/common/logic/middleware.(*sMiddleware).MiddlewareCORS
        /Users/apple/work/go/src/project/tenderBack/internal/app/common/logic/middleware/middleware.go:23
   21). github.com/gogf/gf/v2/net/ghttp.internalMiddlewareServerTracing
        /Users/apple/work/go/pkg/mod/github.com/gogf/gf/v2@v2.3.2/net/ghttp/ghttp_middleware_tracing.go:78
   22). github.com/gogf/gf/v2/net/ghttp.(*middleware).Next.func1.5
        /Users/apple/work/go/pkg/mod/github.com/gogf/gf/v2@v2.3.2/net/ghttp/ghttp_request_middleware.go:96
   23). github.com/gogf/gf/v2/net/ghttp.(*middleware).Next.func1
        /Users/apple/work/go/pkg/mod/github.com/gogf/gf/v2@v2.3.2/net/ghttp/ghttp_request_middleware.go:95
   24). github.com/gogf/gf/v2/net/ghttp.(*Server).ServeHTTP
        /Users/apple/work/go/pkg/mod/github.com/gogf/gf/v2@v2.3.2/net/ghttp/ghttp_server_handler.go:132

2023-05-12 15:01:47.820 {888269974e535e17b0c4571ff6d43efd} 200 "POST http 127.0.0.1:30300 /api/v1/system/data/tender/del/sort HTTP/1.1" 0.125, 127.0.0.1, "", "ApiPOST Runtime +https://www.apipost.cn", -1, "", ""
Stack:
1. 更新数据失败
   1).  github.com/gogf/gf/v2/util/gutil.Try.func1
        /Users/apple/work/go/pkg/mod/github.com/gogf/gf/v2@v2.3.2/util/gutil/gutil.go:36
   2).  tender/library/liberr.ErrIsNil
        /Users/apple/work/go/src/project/tenderBack/library/liberr/err.go:12
   3).  tender/internal/app/system/logic/sys_data.(*sDataManger).TenderDelSort.func1
        /Users/apple/work/go/src/project/tenderBack/internal/app/system/logic/sys_data/data.go:203
   4).  github.com/gogf/gf/v2/util/gutil.Try
        /Users/apple/work/go/pkg/mod/github.com/gogf/gf/v2@v2.3.2/util/gutil/gutil.go:40
   5).  github.com/gogf/gf/v2/frame/g.Try
        /Users/apple/work/go/pkg/mod/github.com/gogf/gf/v2@v2.3.2/frame/g/g_func.go:67
   6).  tender/internal/app/system/logic/sys_data.(*sDataManger).TenderDelSort
        /Users/apple/work/go/src/project/tenderBack/internal/app/system/logic/sys_data/data.go:198
   7).  tender/internal/app/system/controller.(*sysDataController).TenderDelSort
        /Users/apple/work/go/src/project/tenderBack/internal/app/system/controller/sys_data.go:42
   8).  github.com/gogf/gf/v2/net/ghttp.(*middleware).callHandlerFunc.func1
        /Users/apple/work/go/pkg/mod/github.com/gogf/gf/v2@v2.3.2/net/ghttp/ghttp_request_middleware.go:152
   9).  github.com/gogf/gf/v2/net/ghttp.niceCallFunc
        /Users/apple/work/go/pkg/mod/github.com/gogf/gf/v2@v2.3.2/net/ghttp/ghttp_func.go:55
   10). github.com/gogf/gf/v2/net/ghttp.(*middleware).callHandlerFunc
        /Users/apple/work/go/pkg/mod/github.com/gogf/gf/v2@v2.3.2/net/ghttp/ghttp_request_middleware.go:129
   11). github.com/gogf/gf/v2/net/ghttp.(*middleware).Next.func1
        /Users/apple/work/go/pkg/mod/github.com/gogf/gf/v2@v2.3.2/net/ghttp/ghttp_request_middleware.go:75
   12). github.com/gogf/gf/v2/util/gutil.TryCatch
        /Users/apple/work/go/pkg/mod/github.com/gogf/gf/v2@v2.3.2/util/gutil/gutil.go:56
   13). github.com/gogf/gf/v2/net/ghttp.(*middleware).Next
        /Users/apple/work/go/pkg/mod/github.com/gogf/gf/v2@v2.3.2/net/ghttp/ghttp_request_middleware.go:49
   14). tender/internal/app/system/logic/middleware.(*sMiddleware).Auth
        /Users/apple/work/go/src/project/tenderBack/internal/app/system/logic/middleware/middleware.go:74
   15). github.com/gogf/gf/v2/net/ghttp.(*middleware).Next.func1.1
        /Users/apple/work/go/pkg/mod/github.com/gogf/gf/v2@v2.3.2/net/ghttp/ghttp_request_middleware.go:55
   16). github.com/gogf/gf/v2/net/ghttp.(*middleware).Next.func1
        /Users/apple/work/go/pkg/mod/github.com/gogf/gf/v2@v2.3.2/net/ghttp/ghttp_request_middleware.go:54
   17). tender/internal/app/system/logic/middleware.(*sMiddleware).Ctx
        /Users/apple/work/go/src/project/tenderBack/internal/app/system/logic/middleware/middleware.go:46
   18). tender/gftoken.(*GfToken).authMiddleware
        /Users/apple/work/go/src/project/tenderBack/gftoken/middleware.go:21
   19). github.com/gogf/gf/v2/net/ghttp.MiddlewareHandlerResponse
        /Users/apple/work/go/pkg/mod/github.com/gogf/gf/v2@v2.3.2/net/ghttp/ghttp_middleware_handler_response.go:25
   20). tender/internal/app/common/logic/middleware.(*sMiddleware).MiddlewareCORS
        /Users/apple/work/go/src/project/tenderBack/internal/app/common/logic/middleware/middleware.go:23
   21). github.com/gogf/gf/v2/net/ghttp.internalMiddlewareServerTracing
        /Users/apple/work/go/pkg/mod/github.com/gogf/gf/v2@v2.3.2/net/ghttp/ghttp_middleware_tracing.go:78
   22). github.com/gogf/gf/v2/net/ghttp.(*middleware).Next.func1.5
        /Users/apple/work/go/pkg/mod/github.com/gogf/gf/v2@v2.3.2/net/ghttp/ghttp_request_middleware.go:96
   23). github.com/gogf/gf/v2/net/ghttp.(*middleware).Next.func1
        /Users/apple/work/go/pkg/mod/github.com/gogf/gf/v2@v2.3.2/net/ghttp/ghttp_request_middleware.go:95
   24). github.com/gogf/gf/v2/net/ghttp.(*Server).ServeHTTP
        /Users/apple/work/go/pkg/mod/github.com/gogf/gf/v2@v2.3.2/net/ghttp/ghttp_server_handler.go:132

2023-05-12 15:49:50.712 {c896c3d3ed555e1763e11a5606512e4a} 500 "GET http 127.0.0.1:30300 /api/v1/desk/index/search/enterprise/bidding HTTP/1.1" 0.081, 127.0.0.1, "", "ApiPOST Runtime +https://www.apipost.cn", 50, "Internal Error", ""
Stack:
1. exception recovered: 获取数据列表失败
   1).  tender/library/liberr.ErrIsNil
        /Users/apple/work/go/src/project/tenderBack/library/liberr/err.go:12
   2).  tender/internal/app/desk/logic/index.(*sIndex).EnterpriseBidding
        /Users/apple/work/go/src/project/tenderBack/internal/app/desk/logic/index/search.go:250
   3).  tender/internal/app/desk/controller.(*IndexController).EnterpriseBidding
        /Users/apple/work/go/src/project/tenderBack/internal/app/desk/controller/index.go:55
   4).  github.com/gogf/gf/v2/net/ghttp.(*middleware).callHandlerFunc.func1
        /Users/apple/work/go/pkg/mod/github.com/gogf/gf/v2@v2.3.2/net/ghttp/ghttp_request_middleware.go:152
   5).  github.com/gogf/gf/v2/net/ghttp.niceCallFunc
        /Users/apple/work/go/pkg/mod/github.com/gogf/gf/v2@v2.3.2/net/ghttp/ghttp_func.go:55
   6).  github.com/gogf/gf/v2/net/ghttp.(*middleware).callHandlerFunc
        /Users/apple/work/go/pkg/mod/github.com/gogf/gf/v2@v2.3.2/net/ghttp/ghttp_request_middleware.go:129
   7).  github.com/gogf/gf/v2/net/ghttp.(*middleware).Next.func1
        /Users/apple/work/go/pkg/mod/github.com/gogf/gf/v2@v2.3.2/net/ghttp/ghttp_request_middleware.go:75
   8).  github.com/gogf/gf/v2/util/gutil.TryCatch
        /Users/apple/work/go/pkg/mod/github.com/gogf/gf/v2@v2.3.2/util/gutil/gutil.go:56
   9).  github.com/gogf/gf/v2/net/ghttp.(*middleware).Next
        /Users/apple/work/go/pkg/mod/github.com/gogf/gf/v2@v2.3.2/net/ghttp/ghttp_request_middleware.go:49
   10). tender/internal/app/desk/logic/middleware.(*sMiddleware).Ctx
        /Users/apple/work/go/src/project/tenderBack/internal/app/desk/logic/middleware/middleware.go:28
   11). github.com/gogf/gf/v2/net/ghttp.(*middleware).Next.func1.1
        /Users/apple/work/go/pkg/mod/github.com/gogf/gf/v2@v2.3.2/net/ghttp/ghttp_request_middleware.go:55
   12). github.com/gogf/gf/v2/net/ghttp.(*middleware).Next.func1
        /Users/apple/work/go/pkg/mod/github.com/gogf/gf/v2@v2.3.2/net/ghttp/ghttp_request_middleware.go:54
   13). github.com/gogf/gf/v2/net/ghttp.MiddlewareHandlerResponse
        /Users/apple/work/go/pkg/mod/github.com/gogf/gf/v2@v2.3.2/net/ghttp/ghttp_middleware_handler_response.go:25
   14). tender/internal/app/common/logic/middleware.(*sMiddleware).MiddlewareCORS
        /Users/apple/work/go/src/project/tenderBack/internal/app/common/logic/middleware/middleware.go:23
   15). github.com/gogf/gf/v2/net/ghttp.internalMiddlewareServerTracing
        /Users/apple/work/go/pkg/mod/github.com/gogf/gf/v2@v2.3.2/net/ghttp/ghttp_middleware_tracing.go:78
   16). github.com/gogf/gf/v2/net/ghttp.(*middleware).Next.func1.5
        /Users/apple/work/go/pkg/mod/github.com/gogf/gf/v2@v2.3.2/net/ghttp/ghttp_request_middleware.go:96
   17). github.com/gogf/gf/v2/net/ghttp.(*middleware).Next.func1
        /Users/apple/work/go/pkg/mod/github.com/gogf/gf/v2@v2.3.2/net/ghttp/ghttp_request_middleware.go:95
   18). github.com/gogf/gf/v2/net/ghttp.(*Server).ServeHTTP
        /Users/apple/work/go/pkg/mod/github.com/gogf/gf/v2@v2.3.2/net/ghttp/ghttp_server_handler.go:132

