2023-05-17 21:41:34.071 {e86ec82506f25f171fc4422787b27bbf} 200 "POST http 127.0.0.1:30300 /api/v1/system/research/add HTTP/1.1" 0.193, 127.0.0.1, "", "ApiPOST Runtime +https://www.apipost.cn", -1, "", ""
Stack:
1. 发布调研公告失败
   1).  github.com/gogf/gf/v2/util/gutil.Try.func1
        /Users/apple/work/go/pkg/mod/github.com/gogf/gf/v2@v2.3.2/util/gutil/gutil.go:36
   2).  tender/library/liberr.ErrIsNil
        /Users/apple/work/go/src/project/tenderBack/library/liberr/err.go:12
   3).  tender/internal/app/system/logic/sys_data.(*sDataManger).Release.func1.1
        /Users/apple/work/go/src/project/tenderBack/internal/app/system/logic/sys_data/data.go:1012
   4).  github.com/gogf/gf/v2/util/gutil.Try
        /Users/apple/work/go/pkg/mod/github.com/gogf/gf/v2@v2.3.2/util/gutil/gutil.go:40
   5).  github.com/gogf/gf/v2/frame/g.Try
        /Users/apple/work/go/pkg/mod/github.com/gogf/gf/v2@v2.3.2/frame/g/g_func.go:67
   6).  tender/internal/app/system/logic/sys_data.(*sDataManger).Release.func1
        /Users/apple/work/go/src/project/tenderBack/internal/app/system/logic/sys_data/data.go:1002
   7).  github.com/gogf/gf/v2/database/gdb.(*Core).Transaction
        /Users/apple/work/go/pkg/mod/github.com/gogf/gf/v2@v2.3.2/database/gdb/gdb_core_transaction.go:108
   8).  tender/internal/app/system/logic/sys_data.(*sDataManger).Release
        /Users/apple/work/go/src/project/tenderBack/internal/app/system/logic/sys_data/data.go:1001
   9).  tender/internal/app/system/controller.(*sysDataController).Release
        /Users/apple/work/go/src/project/tenderBack/internal/app/system/controller/sys_data.go:167
   10). github.com/gogf/gf/v2/net/ghttp.(*middleware).callHandlerFunc.func1
        /Users/apple/work/go/pkg/mod/github.com/gogf/gf/v2@v2.3.2/net/ghttp/ghttp_request_middleware.go:152
   11). github.com/gogf/gf/v2/net/ghttp.niceCallFunc
        /Users/apple/work/go/pkg/mod/github.com/gogf/gf/v2@v2.3.2/net/ghttp/ghttp_func.go:55
   12). github.com/gogf/gf/v2/net/ghttp.(*middleware).callHandlerFunc
        /Users/apple/work/go/pkg/mod/github.com/gogf/gf/v2@v2.3.2/net/ghttp/ghttp_request_middleware.go:129
   13). github.com/gogf/gf/v2/net/ghttp.(*middleware).Next.func1
        /Users/apple/work/go/pkg/mod/github.com/gogf/gf/v2@v2.3.2/net/ghttp/ghttp_request_middleware.go:75
   14). github.com/gogf/gf/v2/util/gutil.TryCatch
        /Users/apple/work/go/pkg/mod/github.com/gogf/gf/v2@v2.3.2/util/gutil/gutil.go:56
   15). github.com/gogf/gf/v2/net/ghttp.(*middleware).Next
        /Users/apple/work/go/pkg/mod/github.com/gogf/gf/v2@v2.3.2/net/ghttp/ghttp_request_middleware.go:49
   16). tender/internal/app/system/logic/middleware.(*sMiddleware).Auth
        /Users/apple/work/go/src/project/tenderBack/internal/app/system/logic/middleware/middleware.go:74
   17). github.com/gogf/gf/v2/net/ghttp.(*middleware).Next.func1.1
        /Users/apple/work/go/pkg/mod/github.com/gogf/gf/v2@v2.3.2/net/ghttp/ghttp_request_middleware.go:55
   18). github.com/gogf/gf/v2/net/ghttp.(*middleware).Next.func1
        /Users/apple/work/go/pkg/mod/github.com/gogf/gf/v2@v2.3.2/net/ghttp/ghttp_request_middleware.go:54
   19). tender/internal/app/system/logic/middleware.(*sMiddleware).Ctx
        /Users/apple/work/go/src/project/tenderBack/internal/app/system/logic/middleware/middleware.go:46
   20). tender/gftoken.(*GfToken).authMiddleware
        /Users/apple/work/go/src/project/tenderBack/gftoken/middleware.go:21
   21). github.com/gogf/gf/v2/net/ghttp.MiddlewareHandlerResponse
        /Users/apple/work/go/pkg/mod/github.com/gogf/gf/v2@v2.3.2/net/ghttp/ghttp_middleware_handler_response.go:25
   22). tender/internal/app/common/logic/middleware.(*sMiddleware).MiddlewareCORS
        /Users/apple/work/go/src/project/tenderBack/internal/app/common/logic/middleware/middleware.go:23
   23). github.com/gogf/gf/v2/net/ghttp.internalMiddlewareServerTracing
        /Users/apple/work/go/pkg/mod/github.com/gogf/gf/v2@v2.3.2/net/ghttp/ghttp_middleware_tracing.go:78
   24). github.com/gogf/gf/v2/net/ghttp.(*middleware).Next.func1.5
        /Users/apple/work/go/pkg/mod/github.com/gogf/gf/v2@v2.3.2/net/ghttp/ghttp_request_middleware.go:96
   25). github.com/gogf/gf/v2/net/ghttp.(*middleware).Next.func1
        /Users/apple/work/go/pkg/mod/github.com/gogf/gf/v2@v2.3.2/net/ghttp/ghttp_request_middleware.go:95
   26). github.com/gogf/gf/v2/net/ghttp.(*Server).ServeHTTP
        /Users/apple/work/go/pkg/mod/github.com/gogf/gf/v2@v2.3.2/net/ghttp/ghttp_server_handler.go:132

2023-05-17 21:43:36.651 {c81723b222f25f1726c90f03e6958f63} 200 "POST http 127.0.0.1:30300 /api/v1/system/research/add HTTP/1.1" 0.160, 127.0.0.1, "", "ApiPOST Runtime +https://www.apipost.cn", -1, "", ""
Stack:
1. 发布调研公告失败
   1).  github.com/gogf/gf/v2/util/gutil.Try.func1
        /Users/apple/work/go/pkg/mod/github.com/gogf/gf/v2@v2.3.2/util/gutil/gutil.go:36
   2).  tender/library/liberr.ErrIsNil
        /Users/apple/work/go/src/project/tenderBack/library/liberr/err.go:12
   3).  tender/internal/app/system/logic/sys_data.(*sDataManger).Release.func1.1
        /Users/apple/work/go/src/project/tenderBack/internal/app/system/logic/sys_data/data.go:1012
   4).  github.com/gogf/gf/v2/util/gutil.Try
        /Users/apple/work/go/pkg/mod/github.com/gogf/gf/v2@v2.3.2/util/gutil/gutil.go:40
   5).  github.com/gogf/gf/v2/frame/g.Try
        /Users/apple/work/go/pkg/mod/github.com/gogf/gf/v2@v2.3.2/frame/g/g_func.go:67
   6).  tender/internal/app/system/logic/sys_data.(*sDataManger).Release.func1
        /Users/apple/work/go/src/project/tenderBack/internal/app/system/logic/sys_data/data.go:1001
   7).  github.com/gogf/gf/v2/database/gdb.(*Core).Transaction
        /Users/apple/work/go/pkg/mod/github.com/gogf/gf/v2@v2.3.2/database/gdb/gdb_core_transaction.go:108
   8).  tender/internal/app/system/logic/sys_data.(*sDataManger).Release
        /Users/apple/work/go/src/project/tenderBack/internal/app/system/logic/sys_data/data.go:1000
   9).  tender/internal/app/system/controller.(*sysDataController).Release
        /Users/apple/work/go/src/project/tenderBack/internal/app/system/controller/sys_data.go:167
   10). github.com/gogf/gf/v2/net/ghttp.(*middleware).callHandlerFunc.func1
        /Users/apple/work/go/pkg/mod/github.com/gogf/gf/v2@v2.3.2/net/ghttp/ghttp_request_middleware.go:152
   11). github.com/gogf/gf/v2/net/ghttp.niceCallFunc
        /Users/apple/work/go/pkg/mod/github.com/gogf/gf/v2@v2.3.2/net/ghttp/ghttp_func.go:55
   12). github.com/gogf/gf/v2/net/ghttp.(*middleware).callHandlerFunc
        /Users/apple/work/go/pkg/mod/github.com/gogf/gf/v2@v2.3.2/net/ghttp/ghttp_request_middleware.go:129
   13). github.com/gogf/gf/v2/net/ghttp.(*middleware).Next.func1
        /Users/apple/work/go/pkg/mod/github.com/gogf/gf/v2@v2.3.2/net/ghttp/ghttp_request_middleware.go:75
   14). github.com/gogf/gf/v2/util/gutil.TryCatch
        /Users/apple/work/go/pkg/mod/github.com/gogf/gf/v2@v2.3.2/util/gutil/gutil.go:56
   15). github.com/gogf/gf/v2/net/ghttp.(*middleware).Next
        /Users/apple/work/go/pkg/mod/github.com/gogf/gf/v2@v2.3.2/net/ghttp/ghttp_request_middleware.go:49
   16). tender/internal/app/system/logic/middleware.(*sMiddleware).Auth
        /Users/apple/work/go/src/project/tenderBack/internal/app/system/logic/middleware/middleware.go:74
   17). github.com/gogf/gf/v2/net/ghttp.(*middleware).Next.func1.1
        /Users/apple/work/go/pkg/mod/github.com/gogf/gf/v2@v2.3.2/net/ghttp/ghttp_request_middleware.go:55
   18). github.com/gogf/gf/v2/net/ghttp.(*middleware).Next.func1
        /Users/apple/work/go/pkg/mod/github.com/gogf/gf/v2@v2.3.2/net/ghttp/ghttp_request_middleware.go:54
   19). tender/internal/app/system/logic/middleware.(*sMiddleware).Ctx
        /Users/apple/work/go/src/project/tenderBack/internal/app/system/logic/middleware/middleware.go:46
   20). tender/gftoken.(*GfToken).authMiddleware
        /Users/apple/work/go/src/project/tenderBack/gftoken/middleware.go:21
   21). github.com/gogf/gf/v2/net/ghttp.MiddlewareHandlerResponse
        /Users/apple/work/go/pkg/mod/github.com/gogf/gf/v2@v2.3.2/net/ghttp/ghttp_middleware_handler_response.go:25
   22). tender/internal/app/common/logic/middleware.(*sMiddleware).MiddlewareCORS
        /Users/apple/work/go/src/project/tenderBack/internal/app/common/logic/middleware/middleware.go:23
   23). github.com/gogf/gf/v2/net/ghttp.internalMiddlewareServerTracing
        /Users/apple/work/go/pkg/mod/github.com/gogf/gf/v2@v2.3.2/net/ghttp/ghttp_middleware_tracing.go:78
   24). github.com/gogf/gf/v2/net/ghttp.(*middleware).Next.func1.5
        /Users/apple/work/go/pkg/mod/github.com/gogf/gf/v2@v2.3.2/net/ghttp/ghttp_request_middleware.go:96
   25). github.com/gogf/gf/v2/net/ghttp.(*middleware).Next.func1
        /Users/apple/work/go/pkg/mod/github.com/gogf/gf/v2@v2.3.2/net/ghttp/ghttp_request_middleware.go:95
   26). github.com/gogf/gf/v2/net/ghttp.(*Server).ServeHTTP
        /Users/apple/work/go/pkg/mod/github.com/gogf/gf/v2@v2.3.2/net/ghttp/ghttp_server_handler.go:132

2023-05-17 21:47:19.158 {9085c28556f25f1798ae413897d5658a} 200 "POST http 127.0.0.1:30300 /api/v1/system/research/edit HTTP/1.1" 0.072, 127.0.0.1, "", "ApiPOST Runtime +https://www.apipost.cn", 51, "Validation Failed", ""
Stack:
公告id不能为空
2023-05-17 21:50:45.201 {c898d97586f25f17a1ae41380709b6af} 200 "POST http 127.0.0.1:30300 /api/v1/system/research/edit HTTP/1.1" 0.224, 127.0.0.1, "", "ApiPOST Runtime +https://www.apipost.cn", -1, "", ""
Stack:
1. 更新调研公告失败
   1).  github.com/gogf/gf/v2/util/gutil.Try.func1
        /Users/apple/work/go/pkg/mod/github.com/gogf/gf/v2@v2.3.2/util/gutil/gutil.go:36
   2).  tender/library/liberr.ErrIsNil
        /Users/apple/work/go/src/project/tenderBack/library/liberr/err.go:12
   3).  tender/internal/app/system/logic/sys_data.(*sDataManger).ReleaseEdit.func1.1
        /Users/apple/work/go/src/project/tenderBack/internal/app/system/logic/sys_data/data.go:1042
   4).  github.com/gogf/gf/v2/util/gutil.Try
        /Users/apple/work/go/pkg/mod/github.com/gogf/gf/v2@v2.3.2/util/gutil/gutil.go:40
   5).  github.com/gogf/gf/v2/frame/g.Try
        /Users/apple/work/go/pkg/mod/github.com/gogf/gf/v2@v2.3.2/frame/g/g_func.go:67
   6).  tender/internal/app/system/logic/sys_data.(*sDataManger).ReleaseEdit.func1
        /Users/apple/work/go/src/project/tenderBack/internal/app/system/logic/sys_data/data.go:1040
   7).  github.com/gogf/gf/v2/database/gdb.(*Core).Transaction
        /Users/apple/work/go/pkg/mod/github.com/gogf/gf/v2@v2.3.2/database/gdb/gdb_core_transaction.go:108
   8).  tender/internal/app/system/logic/sys_data.(*sDataManger).ReleaseEdit
        /Users/apple/work/go/src/project/tenderBack/internal/app/system/logic/sys_data/data.go:1039
   9).  tender/internal/app/system/controller.(*sysDataController).ReleaseEdit
        /Users/apple/work/go/src/project/tenderBack/internal/app/system/controller/sys_data.go:174
   10). github.com/gogf/gf/v2/net/ghttp.(*middleware).callHandlerFunc.func1
        /Users/apple/work/go/pkg/mod/github.com/gogf/gf/v2@v2.3.2/net/ghttp/ghttp_request_middleware.go:152
   11). github.com/gogf/gf/v2/net/ghttp.niceCallFunc
        /Users/apple/work/go/pkg/mod/github.com/gogf/gf/v2@v2.3.2/net/ghttp/ghttp_func.go:55
   12). github.com/gogf/gf/v2/net/ghttp.(*middleware).callHandlerFunc
        /Users/apple/work/go/pkg/mod/github.com/gogf/gf/v2@v2.3.2/net/ghttp/ghttp_request_middleware.go:129
   13). github.com/gogf/gf/v2/net/ghttp.(*middleware).Next.func1
        /Users/apple/work/go/pkg/mod/github.com/gogf/gf/v2@v2.3.2/net/ghttp/ghttp_request_middleware.go:75
   14). github.com/gogf/gf/v2/util/gutil.TryCatch
        /Users/apple/work/go/pkg/mod/github.com/gogf/gf/v2@v2.3.2/util/gutil/gutil.go:56
   15). github.com/gogf/gf/v2/net/ghttp.(*middleware).Next
        /Users/apple/work/go/pkg/mod/github.com/gogf/gf/v2@v2.3.2/net/ghttp/ghttp_request_middleware.go:49
   16). tender/internal/app/system/logic/middleware.(*sMiddleware).Auth
        /Users/apple/work/go/src/project/tenderBack/internal/app/system/logic/middleware/middleware.go:74
   17). github.com/gogf/gf/v2/net/ghttp.(*middleware).Next.func1.1
        /Users/apple/work/go/pkg/mod/github.com/gogf/gf/v2@v2.3.2/net/ghttp/ghttp_request_middleware.go:55
   18). github.com/gogf/gf/v2/net/ghttp.(*middleware).Next.func1
        /Users/apple/work/go/pkg/mod/github.com/gogf/gf/v2@v2.3.2/net/ghttp/ghttp_request_middleware.go:54
   19). tender/internal/app/system/logic/middleware.(*sMiddleware).Ctx
        /Users/apple/work/go/src/project/tenderBack/internal/app/system/logic/middleware/middleware.go:46
   20). tender/gftoken.(*GfToken).authMiddleware
        /Users/apple/work/go/src/project/tenderBack/gftoken/middleware.go:21
   21). github.com/gogf/gf/v2/net/ghttp.MiddlewareHandlerResponse
        /Users/apple/work/go/pkg/mod/github.com/gogf/gf/v2@v2.3.2/net/ghttp/ghttp_middleware_handler_response.go:25
   22). tender/internal/app/common/logic/middleware.(*sMiddleware).MiddlewareCORS
        /Users/apple/work/go/src/project/tenderBack/internal/app/common/logic/middleware/middleware.go:23
   23). github.com/gogf/gf/v2/net/ghttp.internalMiddlewareServerTracing
        /Users/apple/work/go/pkg/mod/github.com/gogf/gf/v2@v2.3.2/net/ghttp/ghttp_middleware_tracing.go:78
   24). github.com/gogf/gf/v2/net/ghttp.(*middleware).Next.func1.5
        /Users/apple/work/go/pkg/mod/github.com/gogf/gf/v2@v2.3.2/net/ghttp/ghttp_request_middleware.go:96
   25). github.com/gogf/gf/v2/net/ghttp.(*middleware).Next.func1
        /Users/apple/work/go/pkg/mod/github.com/gogf/gf/v2@v2.3.2/net/ghttp/ghttp_request_middleware.go:95
   26). github.com/gogf/gf/v2/net/ghttp.(*Server).ServeHTTP
        /Users/apple/work/go/pkg/mod/github.com/gogf/gf/v2@v2.3.2/net/ghttp/ghttp_server_handler.go:132

2023-05-17 21:55:46.892 {88392cb3ccf25f177388d87823feb23e} 200 "POST http 127.0.0.1:30300 /api/v1/desk/feedback/add HTTP/1.1" 0.238, 127.0.0.1, "", "ApiPOST Runtime +https://www.apipost.cn", -1, "", ""
Stack:
1. 发布反馈失败
   1).  github.com/gogf/gf/v2/util/gutil.Try.func1
        /Users/apple/work/go/pkg/mod/github.com/gogf/gf/v2@v2.3.2/util/gutil/gutil.go:36
   2).  tender/library/liberr.ErrIsNil
        /Users/apple/work/go/src/project/tenderBack/library/liberr/err.go:12
   3).  tender/internal/app/desk/logic/bbs.(*sBbs).FeedbackPublish.func1.1
        /Users/apple/work/go/src/project/tenderBack/internal/app/desk/logic/bbs/bbs.go:579
   4).  github.com/gogf/gf/v2/util/gutil.Try
        /Users/apple/work/go/pkg/mod/github.com/gogf/gf/v2@v2.3.2/util/gutil/gutil.go:40
   5).  github.com/gogf/gf/v2/frame/g.Try
        /Users/apple/work/go/pkg/mod/github.com/gogf/gf/v2@v2.3.2/frame/g/g_func.go:67
   6).  tender/internal/app/desk/logic/bbs.(*sBbs).FeedbackPublish.func1
        /Users/apple/work/go/src/project/tenderBack/internal/app/desk/logic/bbs/bbs.go:568
   7).  github.com/gogf/gf/v2/database/gdb.(*Core).Transaction
        /Users/apple/work/go/pkg/mod/github.com/gogf/gf/v2@v2.3.2/database/gdb/gdb_core_transaction.go:108
   8).  tender/internal/app/desk/logic/bbs.(*sBbs).FeedbackPublish
        /Users/apple/work/go/src/project/tenderBack/internal/app/desk/logic/bbs/bbs.go:567
   9).  tender/internal/app/desk/controller.(*cBbs).FeedbackPublish
        /Users/apple/work/go/src/project/tenderBack/internal/app/desk/controller/bbs.go:98
   10). github.com/gogf/gf/v2/net/ghttp.(*middleware).callHandlerFunc.func1
        /Users/apple/work/go/pkg/mod/github.com/gogf/gf/v2@v2.3.2/net/ghttp/ghttp_request_middleware.go:152
   11). github.com/gogf/gf/v2/net/ghttp.niceCallFunc
        /Users/apple/work/go/pkg/mod/github.com/gogf/gf/v2@v2.3.2/net/ghttp/ghttp_func.go:55
   12). github.com/gogf/gf/v2/net/ghttp.(*middleware).callHandlerFunc
        /Users/apple/work/go/pkg/mod/github.com/gogf/gf/v2@v2.3.2/net/ghttp/ghttp_request_middleware.go:129
   13). github.com/gogf/gf/v2/net/ghttp.(*middleware).Next.func1.4
        /Users/apple/work/go/pkg/mod/github.com/gogf/gf/v2@v2.3.2/net/ghttp/ghttp_request_middleware.go:90
   14). github.com/gogf/gf/v2/net/ghttp.(*middleware).Next.func1
        /Users/apple/work/go/pkg/mod/github.com/gogf/gf/v2@v2.3.2/net/ghttp/ghttp_request_middleware.go:89
   15). github.com/gogf/gf/v2/util/gutil.TryCatch
        /Users/apple/work/go/pkg/mod/github.com/gogf/gf/v2@v2.3.2/util/gutil/gutil.go:56
   16). github.com/gogf/gf/v2/net/ghttp.(*middleware).Next
        /Users/apple/work/go/pkg/mod/github.com/gogf/gf/v2@v2.3.2/net/ghttp/ghttp_request_middleware.go:49
   17). tender/gftoken.(*GfToken).authMiddleware
        /Users/apple/work/go/src/project/tenderBack/gftoken/middleware.go:21
   18). github.com/gogf/gf/v2/net/ghttp.(*middleware).Next.func1.1
        /Users/apple/work/go/pkg/mod/github.com/gogf/gf/v2@v2.3.2/net/ghttp/ghttp_request_middleware.go:55
   19). github.com/gogf/gf/v2/net/ghttp.(*middleware).Next.func1
        /Users/apple/work/go/pkg/mod/github.com/gogf/gf/v2@v2.3.2/net/ghttp/ghttp_request_middleware.go:54
   20). tender/internal/app/desk/logic/middleware.(*sMiddleware).Ctx
        /Users/apple/work/go/src/project/tenderBack/internal/app/desk/logic/middleware/middleware.go:42
   21). github.com/gogf/gf/v2/net/ghttp.MiddlewareHandlerResponse
        /Users/apple/work/go/pkg/mod/github.com/gogf/gf/v2@v2.3.2/net/ghttp/ghttp_middleware_handler_response.go:25
   22). tender/internal/app/common/logic/middleware.(*sMiddleware).MiddlewareCORS
        /Users/apple/work/go/src/project/tenderBack/internal/app/common/logic/middleware/middleware.go:23
   23). github.com/gogf/gf/v2/net/ghttp.internalMiddlewareServerTracing
        /Users/apple/work/go/pkg/mod/github.com/gogf/gf/v2@v2.3.2/net/ghttp/ghttp_middleware_tracing.go:78
   24). github.com/gogf/gf/v2/net/ghttp.(*middleware).Next.func1.5
        /Users/apple/work/go/pkg/mod/github.com/gogf/gf/v2@v2.3.2/net/ghttp/ghttp_request_middleware.go:96
   25). github.com/gogf/gf/v2/net/ghttp.(*middleware).Next.func1
        /Users/apple/work/go/pkg/mod/github.com/gogf/gf/v2@v2.3.2/net/ghttp/ghttp_request_middleware.go:95
   26). github.com/gogf/gf/v2/net/ghttp.(*Server).ServeHTTP
        /Users/apple/work/go/pkg/mod/github.com/gogf/gf/v2@v2.3.2/net/ghttp/ghttp_server_handler.go:132

