2023-03-24 10:57:57.326 {e828ac56903b4f17bdbcee3c0875fbb8} 500 "POST http 127.0.0.1:30300 /api/v1/desk/index/statistics/browse HTTP/1.1" 0.179, 127.0.0.1, "", "ApiPOST Runtime +https://www.apipost.cn", 50, "Internal Error", ""
Stack:
1. exception recovered
   1).  tender/internal/app/desk/logic/index.(*sIndex).StatisticsBrowse
        /Users/apple/work/go/src/project/tenderBack/internal/app/desk/logic/index/search.go:387
   2).  tender/internal/app/desk/controller.(*IndexController).ConsultationBrowse
        /Users/apple/work/go/src/project/tenderBack/internal/app/desk/controller/index.go:94
   3).  github.com/gogf/gf/v2/net/ghttp.(*middleware).callHandlerFunc.func1
        /Users/apple/work/go/pkg/mod/github.com/gogf/gf/v2@v2.3.2/net/ghttp/ghttp_request_middleware.go:152
   4).  github.com/gogf/gf/v2/net/ghttp.niceCallFunc
        /Users/apple/work/go/pkg/mod/github.com/gogf/gf/v2@v2.3.2/net/ghttp/ghttp_func.go:55
   5).  github.com/gogf/gf/v2/net/ghttp.(*middleware).callHandlerFunc
        /Users/apple/work/go/pkg/mod/github.com/gogf/gf/v2@v2.3.2/net/ghttp/ghttp_request_middleware.go:129
   6).  github.com/gogf/gf/v2/net/ghttp.(*middleware).Next.func1
        /Users/apple/work/go/pkg/mod/github.com/gogf/gf/v2@v2.3.2/net/ghttp/ghttp_request_middleware.go:75
   7).  github.com/gogf/gf/v2/util/gutil.TryCatch
        /Users/apple/work/go/pkg/mod/github.com/gogf/gf/v2@v2.3.2/util/gutil/gutil.go:56
   8).  github.com/gogf/gf/v2/net/ghttp.(*middleware).Next
        /Users/apple/work/go/pkg/mod/github.com/gogf/gf/v2@v2.3.2/net/ghttp/ghttp_request_middleware.go:49
   9).  github.com/gogf/gf/v2/net/ghttp.MiddlewareHandlerResponse
        /Users/apple/work/go/pkg/mod/github.com/gogf/gf/v2@v2.3.2/net/ghttp/ghttp_middleware_handler_response.go:25
   10). github.com/gogf/gf/v2/net/ghttp.(*middleware).Next.func1.1
        /Users/apple/work/go/pkg/mod/github.com/gogf/gf/v2@v2.3.2/net/ghttp/ghttp_request_middleware.go:55
   11). github.com/gogf/gf/v2/net/ghttp.(*middleware).Next.func1
        /Users/apple/work/go/pkg/mod/github.com/gogf/gf/v2@v2.3.2/net/ghttp/ghttp_request_middleware.go:54
   12). tender/internal/app/common/logic/middleware.(*sMiddleware).MiddlewareCORS
        /Users/apple/work/go/src/project/tenderBack/internal/app/common/logic/middleware/middleware.go:23
   13). github.com/gogf/gf/v2/net/ghttp.internalMiddlewareServerTracing
        /Users/apple/work/go/pkg/mod/github.com/gogf/gf/v2@v2.3.2/net/ghttp/ghttp_middleware_tracing.go:78
   14). github.com/gogf/gf/v2/net/ghttp.(*middleware).Next.func1.5
        /Users/apple/work/go/pkg/mod/github.com/gogf/gf/v2@v2.3.2/net/ghttp/ghttp_request_middleware.go:96
   15). github.com/gogf/gf/v2/net/ghttp.(*middleware).Next.func1
        /Users/apple/work/go/pkg/mod/github.com/gogf/gf/v2@v2.3.2/net/ghttp/ghttp_request_middleware.go:95
   16). github.com/gogf/gf/v2/net/ghttp.(*Server).ServeHTTP
        /Users/apple/work/go/pkg/mod/github.com/gogf/gf/v2@v2.3.2/net/ghttp/ghttp_server_handler.go:132
2. runtime error: invalid memory address or nil pointer dereference

2023-03-24 10:58:23.313 {108d4959963b4f174a2ffd7e44bff1ad} 200 "POST http 127.0.0.1:30300 /api/v1/desk/index/statistics/browse HTTP/1.1" 0.352, 127.0.0.1, "", "ApiPOST Runtime +https://www.apipost.cn", -1, "", ""
Stack:
1. 更新数据失败
   1).  github.com/gogf/gf/v2/util/gutil.Try.func1
        /Users/apple/work/go/pkg/mod/github.com/gogf/gf/v2@v2.3.2/util/gutil/gutil.go:36
   2).  tender/library/liberr.ErrIsNil
        /Users/apple/work/go/src/project/tenderBack/library/liberr/err.go:12
   3).  tender/internal/app/desk/logic/index.(*sIndex).StatisticsBrowse.func2
        /Users/apple/work/go/src/project/tenderBack/internal/app/desk/logic/index/search.go:403
   4).  github.com/gogf/gf/v2/util/gutil.Try
        /Users/apple/work/go/pkg/mod/github.com/gogf/gf/v2@v2.3.2/util/gutil/gutil.go:40
   5).  github.com/gogf/gf/v2/frame/g.Try
        /Users/apple/work/go/pkg/mod/github.com/gogf/gf/v2@v2.3.2/frame/g/g_func.go:67
   6).  tender/internal/app/desk/logic/index.(*sIndex).StatisticsBrowse
        /Users/apple/work/go/src/project/tenderBack/internal/app/desk/logic/index/search.go:401
   7).  tender/internal/app/desk/controller.(*IndexController).ConsultationBrowse
        /Users/apple/work/go/src/project/tenderBack/internal/app/desk/controller/index.go:94
   8).  github.com/gogf/gf/v2/net/ghttp.(*middleware).callHandlerFunc.func1
        /Users/apple/work/go/pkg/mod/github.com/gogf/gf/v2@v2.3.2/net/ghttp/ghttp_request_middleware.go:152
   9).  github.com/gogf/gf/v2/net/ghttp.niceCallFunc
        /Users/apple/work/go/pkg/mod/github.com/gogf/gf/v2@v2.3.2/net/ghttp/ghttp_func.go:55
   10). github.com/gogf/gf/v2/net/ghttp.(*middleware).callHandlerFunc
        /Users/apple/work/go/pkg/mod/github.com/gogf/gf/v2@v2.3.2/net/ghttp/ghttp_request_middleware.go:129
   11). github.com/gogf/gf/v2/net/ghttp.(*middleware).Next.func1
        /Users/apple/work/go/pkg/mod/github.com/gogf/gf/v2@v2.3.2/net/ghttp/ghttp_request_middleware.go:75
   12). github.com/gogf/gf/v2/util/gutil.TryCatch
        /Users/apple/work/go/pkg/mod/github.com/gogf/gf/v2@v2.3.2/util/gutil/gutil.go:56
   13). github.com/gogf/gf/v2/net/ghttp.(*middleware).Next
        /Users/apple/work/go/pkg/mod/github.com/gogf/gf/v2@v2.3.2/net/ghttp/ghttp_request_middleware.go:49
   14). github.com/gogf/gf/v2/net/ghttp.MiddlewareHandlerResponse
        /Users/apple/work/go/pkg/mod/github.com/gogf/gf/v2@v2.3.2/net/ghttp/ghttp_middleware_handler_response.go:25
   15). github.com/gogf/gf/v2/net/ghttp.(*middleware).Next.func1.1
        /Users/apple/work/go/pkg/mod/github.com/gogf/gf/v2@v2.3.2/net/ghttp/ghttp_request_middleware.go:55
   16). github.com/gogf/gf/v2/net/ghttp.(*middleware).Next.func1
        /Users/apple/work/go/pkg/mod/github.com/gogf/gf/v2@v2.3.2/net/ghttp/ghttp_request_middleware.go:54
   17). tender/internal/app/common/logic/middleware.(*sMiddleware).MiddlewareCORS
        /Users/apple/work/go/src/project/tenderBack/internal/app/common/logic/middleware/middleware.go:23
   18). github.com/gogf/gf/v2/net/ghttp.internalMiddlewareServerTracing
        /Users/apple/work/go/pkg/mod/github.com/gogf/gf/v2@v2.3.2/net/ghttp/ghttp_middleware_tracing.go:78
   19). github.com/gogf/gf/v2/net/ghttp.(*middleware).Next.func1.5
        /Users/apple/work/go/pkg/mod/github.com/gogf/gf/v2@v2.3.2/net/ghttp/ghttp_request_middleware.go:96
   20). github.com/gogf/gf/v2/net/ghttp.(*middleware).Next.func1
        /Users/apple/work/go/pkg/mod/github.com/gogf/gf/v2@v2.3.2/net/ghttp/ghttp_request_middleware.go:95
   21). github.com/gogf/gf/v2/net/ghttp.(*Server).ServeHTTP
        /Users/apple/work/go/pkg/mod/github.com/gogf/gf/v2@v2.3.2/net/ghttp/ghttp_server_handler.go:132

2023-03-24 11:03:23.783 {18fb545adc3b4f174cf9f738b8f9c85f} 200 "POST http 127.0.0.1:30300 /api/v1/desk/index/statistics/browse HTTP/1.1" 0.156, 127.0.0.1, "", "ApiPOST Runtime +https://www.apipost.cn", -1, "", ""
Stack:
1. 更新数据失败
   1).  github.com/gogf/gf/v2/util/gutil.Try.func1
        /Users/apple/work/go/pkg/mod/github.com/gogf/gf/v2@v2.3.2/util/gutil/gutil.go:36
   2).  tender/library/liberr.ErrIsNil
        /Users/apple/work/go/src/project/tenderBack/library/liberr/err.go:12
   3).  tender/internal/app/desk/logic/index.(*sIndex).StatisticsBrowse.func4
        /Users/apple/work/go/src/project/tenderBack/internal/app/desk/logic/index/search.go:411
   4).  github.com/gogf/gf/v2/util/gutil.Try
        /Users/apple/work/go/pkg/mod/github.com/gogf/gf/v2@v2.3.2/util/gutil/gutil.go:40
   5).  github.com/gogf/gf/v2/frame/g.Try
        /Users/apple/work/go/pkg/mod/github.com/gogf/gf/v2@v2.3.2/frame/g/g_func.go:67
   6).  tender/internal/app/desk/logic/index.(*sIndex).StatisticsBrowse
        /Users/apple/work/go/src/project/tenderBack/internal/app/desk/logic/index/search.go:409
   7).  tender/internal/app/desk/controller.(*IndexController).ConsultationBrowse
        /Users/apple/work/go/src/project/tenderBack/internal/app/desk/controller/index.go:94
   8).  github.com/gogf/gf/v2/net/ghttp.(*middleware).callHandlerFunc.func1
        /Users/apple/work/go/pkg/mod/github.com/gogf/gf/v2@v2.3.2/net/ghttp/ghttp_request_middleware.go:152
   9).  github.com/gogf/gf/v2/net/ghttp.niceCallFunc
        /Users/apple/work/go/pkg/mod/github.com/gogf/gf/v2@v2.3.2/net/ghttp/ghttp_func.go:55
   10). github.com/gogf/gf/v2/net/ghttp.(*middleware).callHandlerFunc
        /Users/apple/work/go/pkg/mod/github.com/gogf/gf/v2@v2.3.2/net/ghttp/ghttp_request_middleware.go:129
   11). github.com/gogf/gf/v2/net/ghttp.(*middleware).Next.func1
        /Users/apple/work/go/pkg/mod/github.com/gogf/gf/v2@v2.3.2/net/ghttp/ghttp_request_middleware.go:75
   12). github.com/gogf/gf/v2/util/gutil.TryCatch
        /Users/apple/work/go/pkg/mod/github.com/gogf/gf/v2@v2.3.2/util/gutil/gutil.go:56
   13). github.com/gogf/gf/v2/net/ghttp.(*middleware).Next
        /Users/apple/work/go/pkg/mod/github.com/gogf/gf/v2@v2.3.2/net/ghttp/ghttp_request_middleware.go:49
   14). github.com/gogf/gf/v2/net/ghttp.MiddlewareHandlerResponse
        /Users/apple/work/go/pkg/mod/github.com/gogf/gf/v2@v2.3.2/net/ghttp/ghttp_middleware_handler_response.go:25
   15). github.com/gogf/gf/v2/net/ghttp.(*middleware).Next.func1.1
        /Users/apple/work/go/pkg/mod/github.com/gogf/gf/v2@v2.3.2/net/ghttp/ghttp_request_middleware.go:55
   16). github.com/gogf/gf/v2/net/ghttp.(*middleware).Next.func1
        /Users/apple/work/go/pkg/mod/github.com/gogf/gf/v2@v2.3.2/net/ghttp/ghttp_request_middleware.go:54
   17). tender/internal/app/common/logic/middleware.(*sMiddleware).MiddlewareCORS
        /Users/apple/work/go/src/project/tenderBack/internal/app/common/logic/middleware/middleware.go:23
   18). github.com/gogf/gf/v2/net/ghttp.internalMiddlewareServerTracing
        /Users/apple/work/go/pkg/mod/github.com/gogf/gf/v2@v2.3.2/net/ghttp/ghttp_middleware_tracing.go:78
   19). github.com/gogf/gf/v2/net/ghttp.(*middleware).Next.func1.5
        /Users/apple/work/go/pkg/mod/github.com/gogf/gf/v2@v2.3.2/net/ghttp/ghttp_request_middleware.go:96
   20). github.com/gogf/gf/v2/net/ghttp.(*middleware).Next.func1
        /Users/apple/work/go/pkg/mod/github.com/gogf/gf/v2@v2.3.2/net/ghttp/ghttp_request_middleware.go:95
   21). github.com/gogf/gf/v2/net/ghttp.(*Server).ServeHTTP
        /Users/apple/work/go/pkg/mod/github.com/gogf/gf/v2@v2.3.2/net/ghttp/ghttp_server_handler.go:132

2023-03-24 11:08:54.432 {a89af456293c4f17de3dac1cadf665f4} 200 "POST http 127.0.0.1:30300 /api/v1/desk/index/statistics/browse HTTP/1.1" 0.150, 127.0.0.1, "", "ApiPOST Runtime +https://www.apipost.cn", -1, "", ""
Stack:
1. 更新数据失败
   1).  github.com/gogf/gf/v2/util/gutil.Try.func1
        /Users/apple/work/go/pkg/mod/github.com/gogf/gf/v2@v2.3.2/util/gutil/gutil.go:36
   2).  tender/library/liberr.ErrIsNil
        /Users/apple/work/go/src/project/tenderBack/library/liberr/err.go:12
   3).  tender/internal/app/desk/logic/index.(*sIndex).StatisticsBrowse.func2
        /Users/apple/work/go/src/project/tenderBack/internal/app/desk/logic/index/search.go:396
   4).  github.com/gogf/gf/v2/util/gutil.Try
        /Users/apple/work/go/pkg/mod/github.com/gogf/gf/v2@v2.3.2/util/gutil/gutil.go:40
   5).  github.com/gogf/gf/v2/frame/g.Try
        /Users/apple/work/go/pkg/mod/github.com/gogf/gf/v2@v2.3.2/frame/g/g_func.go:67
   6).  tender/internal/app/desk/logic/index.(*sIndex).StatisticsBrowse
        /Users/apple/work/go/src/project/tenderBack/internal/app/desk/logic/index/search.go:394
   7).  tender/internal/app/desk/controller.(*IndexController).ConsultationBrowse
        /Users/apple/work/go/src/project/tenderBack/internal/app/desk/controller/index.go:94
   8).  github.com/gogf/gf/v2/net/ghttp.(*middleware).callHandlerFunc.func1
        /Users/apple/work/go/pkg/mod/github.com/gogf/gf/v2@v2.3.2/net/ghttp/ghttp_request_middleware.go:152
   9).  github.com/gogf/gf/v2/net/ghttp.niceCallFunc
        /Users/apple/work/go/pkg/mod/github.com/gogf/gf/v2@v2.3.2/net/ghttp/ghttp_func.go:55
   10). github.com/gogf/gf/v2/net/ghttp.(*middleware).callHandlerFunc
        /Users/apple/work/go/pkg/mod/github.com/gogf/gf/v2@v2.3.2/net/ghttp/ghttp_request_middleware.go:129
   11). github.com/gogf/gf/v2/net/ghttp.(*middleware).Next.func1
        /Users/apple/work/go/pkg/mod/github.com/gogf/gf/v2@v2.3.2/net/ghttp/ghttp_request_middleware.go:75
   12). github.com/gogf/gf/v2/util/gutil.TryCatch
        /Users/apple/work/go/pkg/mod/github.com/gogf/gf/v2@v2.3.2/util/gutil/gutil.go:56
   13). github.com/gogf/gf/v2/net/ghttp.(*middleware).Next
        /Users/apple/work/go/pkg/mod/github.com/gogf/gf/v2@v2.3.2/net/ghttp/ghttp_request_middleware.go:49
   14). github.com/gogf/gf/v2/net/ghttp.MiddlewareHandlerResponse
        /Users/apple/work/go/pkg/mod/github.com/gogf/gf/v2@v2.3.2/net/ghttp/ghttp_middleware_handler_response.go:25
   15). github.com/gogf/gf/v2/net/ghttp.(*middleware).Next.func1.1
        /Users/apple/work/go/pkg/mod/github.com/gogf/gf/v2@v2.3.2/net/ghttp/ghttp_request_middleware.go:55
   16). github.com/gogf/gf/v2/net/ghttp.(*middleware).Next.func1
        /Users/apple/work/go/pkg/mod/github.com/gogf/gf/v2@v2.3.2/net/ghttp/ghttp_request_middleware.go:54
   17). tender/internal/app/common/logic/middleware.(*sMiddleware).MiddlewareCORS
        /Users/apple/work/go/src/project/tenderBack/internal/app/common/logic/middleware/middleware.go:23
   18). github.com/gogf/gf/v2/net/ghttp.internalMiddlewareServerTracing
        /Users/apple/work/go/pkg/mod/github.com/gogf/gf/v2@v2.3.2/net/ghttp/ghttp_middleware_tracing.go:78
   19). github.com/gogf/gf/v2/net/ghttp.(*middleware).Next.func1.5
        /Users/apple/work/go/pkg/mod/github.com/gogf/gf/v2@v2.3.2/net/ghttp/ghttp_request_middleware.go:96
   20). github.com/gogf/gf/v2/net/ghttp.(*middleware).Next.func1
        /Users/apple/work/go/pkg/mod/github.com/gogf/gf/v2@v2.3.2/net/ghttp/ghttp_request_middleware.go:95
   21). github.com/gogf/gf/v2/net/ghttp.(*Server).ServeHTTP
        /Users/apple/work/go/pkg/mod/github.com/gogf/gf/v2@v2.3.2/net/ghttp/ghttp_server_handler.go:132

2023-03-24 11:09:43.720 {6840e0d1343c4f178ed6a420165ca1be} 200 "POST http 127.0.0.1:30300 /api/v1/desk/index/statistics/browse HTTP/1.1" 0.131, 127.0.0.1, "", "ApiPOST Runtime +https://www.apipost.cn", -1, "", ""
Stack:
1. 更新数据失败
   1).  github.com/gogf/gf/v2/util/gutil.Try.func1
        /Users/apple/work/go/pkg/mod/github.com/gogf/gf/v2@v2.3.2/util/gutil/gutil.go:36
   2).  tender/library/liberr.ErrIsNil
        /Users/apple/work/go/src/project/tenderBack/library/liberr/err.go:12
   3).  tender/internal/app/desk/logic/index.(*sIndex).StatisticsBrowse.func2
        /Users/apple/work/go/src/project/tenderBack/internal/app/desk/logic/index/search.go:397
   4).  github.com/gogf/gf/v2/util/gutil.Try
        /Users/apple/work/go/pkg/mod/github.com/gogf/gf/v2@v2.3.2/util/gutil/gutil.go:40
   5).  github.com/gogf/gf/v2/frame/g.Try
        /Users/apple/work/go/pkg/mod/github.com/gogf/gf/v2@v2.3.2/frame/g/g_func.go:67
   6).  tender/internal/app/desk/logic/index.(*sIndex).StatisticsBrowse
        /Users/apple/work/go/src/project/tenderBack/internal/app/desk/logic/index/search.go:394
   7).  tender/internal/app/desk/controller.(*IndexController).ConsultationBrowse
        /Users/apple/work/go/src/project/tenderBack/internal/app/desk/controller/index.go:94
   8).  github.com/gogf/gf/v2/net/ghttp.(*middleware).callHandlerFunc.func1
        /Users/apple/work/go/pkg/mod/github.com/gogf/gf/v2@v2.3.2/net/ghttp/ghttp_request_middleware.go:152
   9).  github.com/gogf/gf/v2/net/ghttp.niceCallFunc
        /Users/apple/work/go/pkg/mod/github.com/gogf/gf/v2@v2.3.2/net/ghttp/ghttp_func.go:55
   10). github.com/gogf/gf/v2/net/ghttp.(*middleware).callHandlerFunc
        /Users/apple/work/go/pkg/mod/github.com/gogf/gf/v2@v2.3.2/net/ghttp/ghttp_request_middleware.go:129
   11). github.com/gogf/gf/v2/net/ghttp.(*middleware).Next.func1
        /Users/apple/work/go/pkg/mod/github.com/gogf/gf/v2@v2.3.2/net/ghttp/ghttp_request_middleware.go:75
   12). github.com/gogf/gf/v2/util/gutil.TryCatch
        /Users/apple/work/go/pkg/mod/github.com/gogf/gf/v2@v2.3.2/util/gutil/gutil.go:56
   13). github.com/gogf/gf/v2/net/ghttp.(*middleware).Next
        /Users/apple/work/go/pkg/mod/github.com/gogf/gf/v2@v2.3.2/net/ghttp/ghttp_request_middleware.go:49
   14). github.com/gogf/gf/v2/net/ghttp.MiddlewareHandlerResponse
        /Users/apple/work/go/pkg/mod/github.com/gogf/gf/v2@v2.3.2/net/ghttp/ghttp_middleware_handler_response.go:25
   15). github.com/gogf/gf/v2/net/ghttp.(*middleware).Next.func1.1
        /Users/apple/work/go/pkg/mod/github.com/gogf/gf/v2@v2.3.2/net/ghttp/ghttp_request_middleware.go:55
   16). github.com/gogf/gf/v2/net/ghttp.(*middleware).Next.func1
        /Users/apple/work/go/pkg/mod/github.com/gogf/gf/v2@v2.3.2/net/ghttp/ghttp_request_middleware.go:54
   17). tender/internal/app/common/logic/middleware.(*sMiddleware).MiddlewareCORS
        /Users/apple/work/go/src/project/tenderBack/internal/app/common/logic/middleware/middleware.go:23
   18). github.com/gogf/gf/v2/net/ghttp.internalMiddlewareServerTracing
        /Users/apple/work/go/pkg/mod/github.com/gogf/gf/v2@v2.3.2/net/ghttp/ghttp_middleware_tracing.go:78
   19). github.com/gogf/gf/v2/net/ghttp.(*middleware).Next.func1.5
        /Users/apple/work/go/pkg/mod/github.com/gogf/gf/v2@v2.3.2/net/ghttp/ghttp_request_middleware.go:96
   20). github.com/gogf/gf/v2/net/ghttp.(*middleware).Next.func1
        /Users/apple/work/go/pkg/mod/github.com/gogf/gf/v2@v2.3.2/net/ghttp/ghttp_request_middleware.go:95
   21). github.com/gogf/gf/v2/net/ghttp.(*Server).ServeHTTP
        /Users/apple/work/go/pkg/mod/github.com/gogf/gf/v2@v2.3.2/net/ghttp/ghttp_server_handler.go:132

