2023-05-14 18:54:55 [INFO] {48345a8030fd5e17ddf7e014dc4a6d17} /Users/apple/work/go/src/project/tenderBack/internal/cmd/cmd.go:25: TENDER version: 1.0.0
2023-05-14 18:54:55 [INFO] {48345a8030fd5e17ddf7e014dc4a6d17} /Users/apple/work/go/src/project/tenderBack/internal/packed/websocket/init.go:24: 启动：WebSocket
2023-05-14 19:17:50 [INFO] {f0b9399670fe5e17f8e62401455afcf4} /Users/apple/work/go/src/project/tenderBack/internal/cmd/cmd.go:25: TENDER version: 1.0.0
2023-05-14 19:17:50 [INFO] {f0b9399670fe5e17f8e62401455afcf4} /Users/apple/work/go/src/project/tenderBack/internal/packed/websocket/init.go:24: 启动：WebSocket
2023-05-14 19:19:42 [INFO] {68988ad98afe5e17e9fa053bbbbbbad2} /Users/apple/work/go/src/project/tenderBack/internal/cmd/cmd.go:25: TENDER version: 1.0.0
2023-05-14 19:19:43 [INFO] {68988ad98afe5e17e9fa053bbbbbbad2} /Users/apple/work/go/src/project/tenderBack/internal/packed/websocket/init.go:24: 启动：WebSocket
2023-05-14 20:57:00 [INFO] {7835f102da035f17d728e3550aa3b9ed} /Users/apple/work/go/src/project/tenderBack/internal/cmd/cmd.go:25: TENDER version: 1.0.0
2023-05-14 20:57:00 [INFO] {7835f102da035f17d728e3550aa3b9ed} /Users/apple/work/go/src/project/tenderBack/internal/packed/websocket/init.go:24: 启动：WebSocket
2023-05-14 21:03:48 [INFO] {d853151039045f17d828e35516515ecf} /Users/apple/work/go/src/project/tenderBack/gftoken/gftoken.go:118: token is invalid
2023-05-14 21:04:20 [INFO] {d075265640045f17d928e3555d50116b} /Users/apple/work/go/src/project/tenderBack/gftoken/gftoken.go:118: token is invalid
2023-05-14 21:05:00 [ERRO] {885a5dc949045f17da28e35518f4fc7d} /Users/apple/work/go/src/project/tenderBack/library/liberr/err.go:11: SELECT `Id`,`UserName`,`user_nickname`,`user_password`,`user_salt`,`user_status`,`is_admin`,`avatar`,`dept_id` FROM `sys_user` WHERE `user_name`='admin' LIMIT 1: dial tcp 127.0.0.1:3306: connect: connection refused
Stack:
1.  tender/library/liberr.ErrIsNil
    /Users/apple/work/go/src/project/tenderBack/library/liberr/err.go:11
2.  tender/internal/app/system/logic/sysUser.(*sSysUser).GetUserByUsername.func1
    /Users/apple/work/go/src/project/tenderBack/internal/app/system/logic/sysUser/sys_user.go:78
3.  github.com/gogf/gf/v2/util/gutil.Try
    /Users/apple/work/go/pkg/mod/github.com/gogf/gf/v2@v2.3.2/util/gutil/gutil.go:40
4.  github.com/gogf/gf/v2/frame/g.Try
    /Users/apple/work/go/pkg/mod/github.com/gogf/gf/v2@v2.3.2/frame/g/g_func.go:67
5.  tender/internal/app/system/logic/sysUser.(*sSysUser).GetUserByUsername
    /Users/apple/work/go/src/project/tenderBack/internal/app/system/logic/sysUser/sys_user.go:73
6.  tender/internal/app/system/logic/sysUser.(*sSysUser).GetAdminUserByUsernamePassword.func1
    /Users/apple/work/go/src/project/tenderBack/internal/app/system/logic/sysUser/sys_user.go:57
7.  github.com/gogf/gf/v2/util/gutil.Try
    /Users/apple/work/go/pkg/mod/github.com/gogf/gf/v2@v2.3.2/util/gutil/gutil.go:40
8.  github.com/gogf/gf/v2/frame/g.Try
    /Users/apple/work/go/pkg/mod/github.com/gogf/gf/v2@v2.3.2/frame/g/g_func.go:67
9.  tender/internal/app/system/logic/sysUser.(*sSysUser).GetAdminUserByUsernamePassword
    /Users/apple/work/go/src/project/tenderBack/internal/app/system/logic/sysUser/sys_user.go:56
10. tender/internal/app/system/controller.(*loginController).Login
    /Users/apple/work/go/src/project/tenderBack/internal/app/system/controller/sys_login.go:55
11. github.com/gogf/gf/v2/net/ghttp.(*middleware).callHandlerFunc.func1
    /Users/apple/work/go/pkg/mod/github.com/gogf/gf/v2@v2.3.2/net/ghttp/ghttp_request_middleware.go:152
12. github.com/gogf/gf/v2/net/ghttp.niceCallFunc
    /Users/apple/work/go/pkg/mod/github.com/gogf/gf/v2@v2.3.2/net/ghttp/ghttp_func.go:55
13. github.com/gogf/gf/v2/net/ghttp.(*middleware).callHandlerFunc
    /Users/apple/work/go/pkg/mod/github.com/gogf/gf/v2@v2.3.2/net/ghttp/ghttp_request_middleware.go:129
14. github.com/gogf/gf/v2/net/ghttp.(*middleware).Next.func1.4
    /Users/apple/work/go/pkg/mod/github.com/gogf/gf/v2@v2.3.2/net/ghttp/ghttp_request_middleware.go:90
15. github.com/gogf/gf/v2/net/ghttp.niceCallFunc
    /Users/apple/work/go/pkg/mod/github.com/gogf/gf/v2@v2.3.2/net/ghttp/ghttp_func.go:55
16. github.com/gogf/gf/v2/net/ghttp.(*middleware).Next.func1
    /Users/apple/work/go/pkg/mod/github.com/gogf/gf/v2@v2.3.2/net/ghttp/ghttp_request_middleware.go:89
17. github.com/gogf/gf/v2/util/gutil.TryCatch
    /Users/apple/work/go/pkg/mod/github.com/gogf/gf/v2@v2.3.2/util/gutil/gutil.go:56
18. github.com/gogf/gf/v2/net/ghttp.(*middleware).Next
    /Users/apple/work/go/pkg/mod/github.com/gogf/gf/v2@v2.3.2/net/ghttp/ghttp_request_middleware.go:49
19. github.com/gogf/gf/v2/net/ghttp.MiddlewareHandlerResponse
    /Users/apple/work/go/pkg/mod/github.com/gogf/gf/v2@v2.3.2/net/ghttp/ghttp_middleware_handler_response.go:25
20. github.com/gogf/gf/v2/net/ghttp.(*middleware).Next.func1.1
    /Users/apple/work/go/pkg/mod/github.com/gogf/gf/v2@v2.3.2/net/ghttp/ghttp_request_middleware.go:55
21. github.com/gogf/gf/v2/net/ghttp.niceCallFunc
    /Users/apple/work/go/pkg/mod/github.com/gogf/gf/v2@v2.3.2/net/ghttp/ghttp_func.go:55
22. github.com/gogf/gf/v2/net/ghttp.(*middleware).Next.func1
    /Users/apple/work/go/pkg/mod/github.com/gogf/gf/v2@v2.3.2/net/ghttp/ghttp_request_middleware.go:54
23. github.com/gogf/gf/v2/util/gutil.TryCatch
    /Users/apple/work/go/pkg/mod/github.com/gogf/gf/v2@v2.3.2/util/gutil/gutil.go:56
24. github.com/gogf/gf/v2/net/ghttp.(*middleware).Next
    /Users/apple/work/go/pkg/mod/github.com/gogf/gf/v2@v2.3.2/net/ghttp/ghttp_request_middleware.go:49
25. tender/internal/app/common/logic/middleware.(*sMiddleware).MiddlewareCORS
    /Users/apple/work/go/src/project/tenderBack/internal/app/common/logic/middleware/middleware.go:23
26. github.com/gogf/gf/v2/net/ghttp.(*middleware).Next.func1.1
    /Users/apple/work/go/pkg/mod/github.com/gogf/gf/v2@v2.3.2/net/ghttp/ghttp_request_middleware.go:55
27. github.com/gogf/gf/v2/net/ghttp.niceCallFunc
    /Users/apple/work/go/pkg/mod/github.com/gogf/gf/v2@v2.3.2/net/ghttp/ghttp_func.go:55
28. github.com/gogf/gf/v2/net/ghttp.(*middleware).Next.func1
    /Users/apple/work/go/pkg/mod/github.com/gogf/gf/v2@v2.3.2/net/ghttp/ghttp_request_middleware.go:54
29. github.com/gogf/gf/v2/util/gutil.TryCatch
    /Users/apple/work/go/pkg/mod/github.com/gogf/gf/v2@v2.3.2/util/gutil/gutil.go:56
30. github.com/gogf/gf/v2/net/ghttp.(*middleware).Next
    /Users/apple/work/go/pkg/mod/github.com/gogf/gf/v2@v2.3.2/net/ghttp/ghttp_request_middleware.go:49
31. github.com/gogf/gf/v2/net/ghttp.internalMiddlewareServerTracing
    /Users/apple/work/go/pkg/mod/github.com/gogf/gf/v2@v2.3.2/net/ghttp/ghttp_middleware_tracing.go:78
32. github.com/gogf/gf/v2/net/ghttp.(*middleware).Next.func1.5
    /Users/apple/work/go/pkg/mod/github.com/gogf/gf/v2@v2.3.2/net/ghttp/ghttp_request_middleware.go:96
33. github.com/gogf/gf/v2/net/ghttp.niceCallFunc
    /Users/apple/work/go/pkg/mod/github.com/gogf/gf/v2@v2.3.2/net/ghttp/ghttp_func.go:55
34. github.com/gogf/gf/v2/net/ghttp.(*middleware).Next.func1
    /Users/apple/work/go/pkg/mod/github.com/gogf/gf/v2@v2.3.2/net/ghttp/ghttp_request_middleware.go:95
35. github.com/gogf/gf/v2/util/gutil.TryCatch
    /Users/apple/work/go/pkg/mod/github.com/gogf/gf/v2@v2.3.2/util/gutil/gutil.go:56
36. github.com/gogf/gf/v2/net/ghttp.(*middleware).Next
    /Users/apple/work/go/pkg/mod/github.com/gogf/gf/v2@v2.3.2/net/ghttp/ghttp_request_middleware.go:49
37. github.com/gogf/gf/v2/net/ghttp.(*Server).ServeHTTP
    /Users/apple/work/go/pkg/mod/github.com/gogf/gf/v2@v2.3.2/net/ghttp/ghttp_server_handler.go:132

2023-05-14 21:05:57 [INFO] {a8f1b72257045f17a22f7c35c6fb9fc2} /Users/apple/work/go/src/project/tenderBack/internal/cmd/cmd.go:25: TENDER version: 1.0.0
2023-05-14 21:05:58 [INFO] {a8f1b72257045f17a22f7c35c6fb9fc2} /Users/apple/work/go/src/project/tenderBack/internal/packed/websocket/init.go:24: 启动：WebSocket
2023-05-14 21:06:04 [INFO] {80738e9158045f17a32f7c357ebe1b77} /Users/apple/work/go/src/project/tenderBack/gftoken/gftoken.go:118: token is invalid
2023-05-14 21:06:09 [ERRO] {a04b57cf59045f17a42f7c35c1795933} /Users/apple/work/go/src/project/tenderBack/internal/app/system/controller/sys_login.go:88: Redis Client Do failed with arguments "[Get gfToken:1-21232f297a57a5a743894a0e4a801fc3410ab8a85982f01bd5cdc2be1adf4f3a]": dial tcp 127.0.0.1:6379: connect: connection refused
Stack:
1.  tender/internal/app/system/controller.(*loginController).Login
    /Users/apple/work/go/src/project/tenderBack/internal/app/system/controller/sys_login.go:88
2.  github.com/gogf/gf/v2/net/ghttp.(*middleware).callHandlerFunc.func1
    /Users/apple/work/go/pkg/mod/github.com/gogf/gf/v2@v2.3.2/net/ghttp/ghttp_request_middleware.go:152
3.  github.com/gogf/gf/v2/net/ghttp.niceCallFunc
    /Users/apple/work/go/pkg/mod/github.com/gogf/gf/v2@v2.3.2/net/ghttp/ghttp_func.go:55
4.  github.com/gogf/gf/v2/net/ghttp.(*middleware).callHandlerFunc
    /Users/apple/work/go/pkg/mod/github.com/gogf/gf/v2@v2.3.2/net/ghttp/ghttp_request_middleware.go:129
5.  github.com/gogf/gf/v2/net/ghttp.(*middleware).Next.func1.4
    /Users/apple/work/go/pkg/mod/github.com/gogf/gf/v2@v2.3.2/net/ghttp/ghttp_request_middleware.go:90
6.  github.com/gogf/gf/v2/net/ghttp.niceCallFunc
    /Users/apple/work/go/pkg/mod/github.com/gogf/gf/v2@v2.3.2/net/ghttp/ghttp_func.go:55
7.  github.com/gogf/gf/v2/net/ghttp.(*middleware).Next.func1
    /Users/apple/work/go/pkg/mod/github.com/gogf/gf/v2@v2.3.2/net/ghttp/ghttp_request_middleware.go:89
8.  github.com/gogf/gf/v2/util/gutil.TryCatch
    /Users/apple/work/go/pkg/mod/github.com/gogf/gf/v2@v2.3.2/util/gutil/gutil.go:56
9.  github.com/gogf/gf/v2/net/ghttp.(*middleware).Next
    /Users/apple/work/go/pkg/mod/github.com/gogf/gf/v2@v2.3.2/net/ghttp/ghttp_request_middleware.go:49
10. github.com/gogf/gf/v2/net/ghttp.MiddlewareHandlerResponse
    /Users/apple/work/go/pkg/mod/github.com/gogf/gf/v2@v2.3.2/net/ghttp/ghttp_middleware_handler_response.go:25
11. github.com/gogf/gf/v2/net/ghttp.(*middleware).Next.func1.1
    /Users/apple/work/go/pkg/mod/github.com/gogf/gf/v2@v2.3.2/net/ghttp/ghttp_request_middleware.go:55
12. github.com/gogf/gf/v2/net/ghttp.niceCallFunc
    /Users/apple/work/go/pkg/mod/github.com/gogf/gf/v2@v2.3.2/net/ghttp/ghttp_func.go:55
13. github.com/gogf/gf/v2/net/ghttp.(*middleware).Next.func1
    /Users/apple/work/go/pkg/mod/github.com/gogf/gf/v2@v2.3.2/net/ghttp/ghttp_request_middleware.go:54
14. github.com/gogf/gf/v2/util/gutil.TryCatch
    /Users/apple/work/go/pkg/mod/github.com/gogf/gf/v2@v2.3.2/util/gutil/gutil.go:56
15. github.com/gogf/gf/v2/net/ghttp.(*middleware).Next
    /Users/apple/work/go/pkg/mod/github.com/gogf/gf/v2@v2.3.2/net/ghttp/ghttp_request_middleware.go:49
16. tender/internal/app/common/logic/middleware.(*sMiddleware).MiddlewareCORS
    /Users/apple/work/go/src/project/tenderBack/internal/app/common/logic/middleware/middleware.go:23
17. github.com/gogf/gf/v2/net/ghttp.(*middleware).Next.func1.1
    /Users/apple/work/go/pkg/mod/github.com/gogf/gf/v2@v2.3.2/net/ghttp/ghttp_request_middleware.go:55
18. github.com/gogf/gf/v2/net/ghttp.niceCallFunc
    /Users/apple/work/go/pkg/mod/github.com/gogf/gf/v2@v2.3.2/net/ghttp/ghttp_func.go:55
19. github.com/gogf/gf/v2/net/ghttp.(*middleware).Next.func1
    /Users/apple/work/go/pkg/mod/github.com/gogf/gf/v2@v2.3.2/net/ghttp/ghttp_request_middleware.go:54
20. github.com/gogf/gf/v2/util/gutil.TryCatch
    /Users/apple/work/go/pkg/mod/github.com/gogf/gf/v2@v2.3.2/util/gutil/gutil.go:56
21. github.com/gogf/gf/v2/net/ghttp.(*middleware).Next
    /Users/apple/work/go/pkg/mod/github.com/gogf/gf/v2@v2.3.2/net/ghttp/ghttp_request_middleware.go:49
22. github.com/gogf/gf/v2/net/ghttp.internalMiddlewareServerTracing
    /Users/apple/work/go/pkg/mod/github.com/gogf/gf/v2@v2.3.2/net/ghttp/ghttp_middleware_tracing.go:78
23. github.com/gogf/gf/v2/net/ghttp.(*middleware).Next.func1.5
    /Users/apple/work/go/pkg/mod/github.com/gogf/gf/v2@v2.3.2/net/ghttp/ghttp_request_middleware.go:96
24. github.com/gogf/gf/v2/net/ghttp.niceCallFunc
    /Users/apple/work/go/pkg/mod/github.com/gogf/gf/v2@v2.3.2/net/ghttp/ghttp_func.go:55
25. github.com/gogf/gf/v2/net/ghttp.(*middleware).Next.func1
    /Users/apple/work/go/pkg/mod/github.com/gogf/gf/v2@v2.3.2/net/ghttp/ghttp_request_middleware.go:95
26. github.com/gogf/gf/v2/util/gutil.TryCatch
    /Users/apple/work/go/pkg/mod/github.com/gogf/gf/v2@v2.3.2/util/gutil/gutil.go:56
27. github.com/gogf/gf/v2/net/ghttp.(*middleware).Next
    /Users/apple/work/go/pkg/mod/github.com/gogf/gf/v2@v2.3.2/net/ghttp/ghttp_request_middleware.go:49
28. github.com/gogf/gf/v2/net/ghttp.(*Server).ServeHTTP
    /Users/apple/work/go/pkg/mod/github.com/gogf/gf/v2@v2.3.2/net/ghttp/ghttp_server_handler.go:132

2023-05-14 21:07:05 [INFO] {90cb34d966045f1762fa4d0f84b3f6c0} /Users/apple/work/go/src/project/tenderBack/internal/cmd/cmd.go:25: TENDER version: 1.0.0
2023-05-14 21:07:05 [INFO] {90cb34d966045f1762fa4d0f84b3f6c0} /Users/apple/work/go/src/project/tenderBack/internal/packed/websocket/init.go:24: 启动：WebSocket
2023-05-14 21:07:13 [ERRO] {8045679a68045f1763fa4d0f350711d1} /Users/apple/work/go/src/project/tenderBack/internal/app/system/controller/sys_login.go:88: Redis Client Do failed with arguments "[Get gfToken:1-21232f297a57a5a743894a0e4a801fc3410ab8a85982f01bd5cdc2be1adf4f3a]": dial tcp 127.0.0.1:6379: connect: connection refused
Stack:
1.  tender/internal/app/system/controller.(*loginController).Login
    /Users/apple/work/go/src/project/tenderBack/internal/app/system/controller/sys_login.go:88
2.  github.com/gogf/gf/v2/net/ghttp.(*middleware).callHandlerFunc.func1
    /Users/apple/work/go/pkg/mod/github.com/gogf/gf/v2@v2.3.2/net/ghttp/ghttp_request_middleware.go:152
3.  github.com/gogf/gf/v2/net/ghttp.niceCallFunc
    /Users/apple/work/go/pkg/mod/github.com/gogf/gf/v2@v2.3.2/net/ghttp/ghttp_func.go:55
4.  github.com/gogf/gf/v2/net/ghttp.(*middleware).callHandlerFunc
    /Users/apple/work/go/pkg/mod/github.com/gogf/gf/v2@v2.3.2/net/ghttp/ghttp_request_middleware.go:129
5.  github.com/gogf/gf/v2/net/ghttp.(*middleware).Next.func1.4
    /Users/apple/work/go/pkg/mod/github.com/gogf/gf/v2@v2.3.2/net/ghttp/ghttp_request_middleware.go:90
6.  github.com/gogf/gf/v2/net/ghttp.niceCallFunc
    /Users/apple/work/go/pkg/mod/github.com/gogf/gf/v2@v2.3.2/net/ghttp/ghttp_func.go:55
7.  github.com/gogf/gf/v2/net/ghttp.(*middleware).Next.func1
    /Users/apple/work/go/pkg/mod/github.com/gogf/gf/v2@v2.3.2/net/ghttp/ghttp_request_middleware.go:89
8.  github.com/gogf/gf/v2/util/gutil.TryCatch
    /Users/apple/work/go/pkg/mod/github.com/gogf/gf/v2@v2.3.2/util/gutil/gutil.go:56
9.  github.com/gogf/gf/v2/net/ghttp.(*middleware).Next
    /Users/apple/work/go/pkg/mod/github.com/gogf/gf/v2@v2.3.2/net/ghttp/ghttp_request_middleware.go:49
10. github.com/gogf/gf/v2/net/ghttp.MiddlewareHandlerResponse
    /Users/apple/work/go/pkg/mod/github.com/gogf/gf/v2@v2.3.2/net/ghttp/ghttp_middleware_handler_response.go:25
11. github.com/gogf/gf/v2/net/ghttp.(*middleware).Next.func1.1
    /Users/apple/work/go/pkg/mod/github.com/gogf/gf/v2@v2.3.2/net/ghttp/ghttp_request_middleware.go:55
12. github.com/gogf/gf/v2/net/ghttp.niceCallFunc
    /Users/apple/work/go/pkg/mod/github.com/gogf/gf/v2@v2.3.2/net/ghttp/ghttp_func.go:55
13. github.com/gogf/gf/v2/net/ghttp.(*middleware).Next.func1
    /Users/apple/work/go/pkg/mod/github.com/gogf/gf/v2@v2.3.2/net/ghttp/ghttp_request_middleware.go:54
14. github.com/gogf/gf/v2/util/gutil.TryCatch
    /Users/apple/work/go/pkg/mod/github.com/gogf/gf/v2@v2.3.2/util/gutil/gutil.go:56
15. github.com/gogf/gf/v2/net/ghttp.(*middleware).Next
    /Users/apple/work/go/pkg/mod/github.com/gogf/gf/v2@v2.3.2/net/ghttp/ghttp_request_middleware.go:49
16. tender/internal/app/common/logic/middleware.(*sMiddleware).MiddlewareCORS
    /Users/apple/work/go/src/project/tenderBack/internal/app/common/logic/middleware/middleware.go:23
17. github.com/gogf/gf/v2/net/ghttp.(*middleware).Next.func1.1
    /Users/apple/work/go/pkg/mod/github.com/gogf/gf/v2@v2.3.2/net/ghttp/ghttp_request_middleware.go:55
18. github.com/gogf/gf/v2/net/ghttp.niceCallFunc
    /Users/apple/work/go/pkg/mod/github.com/gogf/gf/v2@v2.3.2/net/ghttp/ghttp_func.go:55
19. github.com/gogf/gf/v2/net/ghttp.(*middleware).Next.func1
    /Users/apple/work/go/pkg/mod/github.com/gogf/gf/v2@v2.3.2/net/ghttp/ghttp_request_middleware.go:54
20. github.com/gogf/gf/v2/util/gutil.TryCatch
    /Users/apple/work/go/pkg/mod/github.com/gogf/gf/v2@v2.3.2/util/gutil/gutil.go:56
21. github.com/gogf/gf/v2/net/ghttp.(*middleware).Next
    /Users/apple/work/go/pkg/mod/github.com/gogf/gf/v2@v2.3.2/net/ghttp/ghttp_request_middleware.go:49
22. github.com/gogf/gf/v2/net/ghttp.internalMiddlewareServerTracing
    /Users/apple/work/go/pkg/mod/github.com/gogf/gf/v2@v2.3.2/net/ghttp/ghttp_middleware_tracing.go:78
23. github.com/gogf/gf/v2/net/ghttp.(*middleware).Next.func1.5
    /Users/apple/work/go/pkg/mod/github.com/gogf/gf/v2@v2.3.2/net/ghttp/ghttp_request_middleware.go:96
24. github.com/gogf/gf/v2/net/ghttp.niceCallFunc
    /Users/apple/work/go/pkg/mod/github.com/gogf/gf/v2@v2.3.2/net/ghttp/ghttp_func.go:55
25. github.com/gogf/gf/v2/net/ghttp.(*middleware).Next.func1
    /Users/apple/work/go/pkg/mod/github.com/gogf/gf/v2@v2.3.2/net/ghttp/ghttp_request_middleware.go:95
26. github.com/gogf/gf/v2/util/gutil.TryCatch
    /Users/apple/work/go/pkg/mod/github.com/gogf/gf/v2@v2.3.2/util/gutil/gutil.go:56
27. github.com/gogf/gf/v2/net/ghttp.(*middleware).Next
    /Users/apple/work/go/pkg/mod/github.com/gogf/gf/v2@v2.3.2/net/ghttp/ghttp_request_middleware.go:49
28. github.com/gogf/gf/v2/net/ghttp.(*Server).ServeHTTP
    /Users/apple/work/go/pkg/mod/github.com/gogf/gf/v2@v2.3.2/net/ghttp/ghttp_server_handler.go:132

2023-05-14 21:08:09 [INFO] {103449b975045f17a2976e65b920d344} /Users/apple/work/go/src/project/tenderBack/internal/cmd/cmd.go:25: TENDER version: 1.0.0
2023-05-14 21:08:09 [INFO] {103449b975045f17a2976e65b920d344} /Users/apple/work/go/src/project/tenderBack/internal/packed/websocket/init.go:24: 启动：WebSocket
2023-05-14 21:08:18 [ERRO] {587b8acd77045f17a3976e652c22c9eb} /Users/apple/work/go/src/project/tenderBack/internal/app/system/controller/sys_login.go:88: Redis Client Do failed with arguments "[Get gfToken:1-21232f297a57a5a743894a0e4a801fc3410ab8a85982f01bd5cdc2be1adf4f3a]": dial tcp 127.0.0.1:6379: connect: connection refused
Stack:
1.  tender/internal/app/system/controller.(*loginController).Login
    /Users/apple/work/go/src/project/tenderBack/internal/app/system/controller/sys_login.go:88
2.  github.com/gogf/gf/v2/net/ghttp.(*middleware).callHandlerFunc.func1
    /Users/apple/work/go/pkg/mod/github.com/gogf/gf/v2@v2.3.2/net/ghttp/ghttp_request_middleware.go:152
3.  github.com/gogf/gf/v2/net/ghttp.niceCallFunc
    /Users/apple/work/go/pkg/mod/github.com/gogf/gf/v2@v2.3.2/net/ghttp/ghttp_func.go:55
4.  github.com/gogf/gf/v2/net/ghttp.(*middleware).callHandlerFunc
    /Users/apple/work/go/pkg/mod/github.com/gogf/gf/v2@v2.3.2/net/ghttp/ghttp_request_middleware.go:129
5.  github.com/gogf/gf/v2/net/ghttp.(*middleware).Next.func1.4
    /Users/apple/work/go/pkg/mod/github.com/gogf/gf/v2@v2.3.2/net/ghttp/ghttp_request_middleware.go:90
6.  github.com/gogf/gf/v2/net/ghttp.niceCallFunc
    /Users/apple/work/go/pkg/mod/github.com/gogf/gf/v2@v2.3.2/net/ghttp/ghttp_func.go:55
7.  github.com/gogf/gf/v2/net/ghttp.(*middleware).Next.func1
    /Users/apple/work/go/pkg/mod/github.com/gogf/gf/v2@v2.3.2/net/ghttp/ghttp_request_middleware.go:89
8.  github.com/gogf/gf/v2/util/gutil.TryCatch
    /Users/apple/work/go/pkg/mod/github.com/gogf/gf/v2@v2.3.2/util/gutil/gutil.go:56
9.  github.com/gogf/gf/v2/net/ghttp.(*middleware).Next
    /Users/apple/work/go/pkg/mod/github.com/gogf/gf/v2@v2.3.2/net/ghttp/ghttp_request_middleware.go:49
10. github.com/gogf/gf/v2/net/ghttp.MiddlewareHandlerResponse
    /Users/apple/work/go/pkg/mod/github.com/gogf/gf/v2@v2.3.2/net/ghttp/ghttp_middleware_handler_response.go:25
11. github.com/gogf/gf/v2/net/ghttp.(*middleware).Next.func1.1
    /Users/apple/work/go/pkg/mod/github.com/gogf/gf/v2@v2.3.2/net/ghttp/ghttp_request_middleware.go:55
12. github.com/gogf/gf/v2/net/ghttp.niceCallFunc
    /Users/apple/work/go/pkg/mod/github.com/gogf/gf/v2@v2.3.2/net/ghttp/ghttp_func.go:55
13. github.com/gogf/gf/v2/net/ghttp.(*middleware).Next.func1
    /Users/apple/work/go/pkg/mod/github.com/gogf/gf/v2@v2.3.2/net/ghttp/ghttp_request_middleware.go:54
14. github.com/gogf/gf/v2/util/gutil.TryCatch
    /Users/apple/work/go/pkg/mod/github.com/gogf/gf/v2@v2.3.2/util/gutil/gutil.go:56
15. github.com/gogf/gf/v2/net/ghttp.(*middleware).Next
    /Users/apple/work/go/pkg/mod/github.com/gogf/gf/v2@v2.3.2/net/ghttp/ghttp_request_middleware.go:49
16. tender/internal/app/common/logic/middleware.(*sMiddleware).MiddlewareCORS
    /Users/apple/work/go/src/project/tenderBack/internal/app/common/logic/middleware/middleware.go:23
17. github.com/gogf/gf/v2/net/ghttp.(*middleware).Next.func1.1
    /Users/apple/work/go/pkg/mod/github.com/gogf/gf/v2@v2.3.2/net/ghttp/ghttp_request_middleware.go:55
18. github.com/gogf/gf/v2/net/ghttp.niceCallFunc
    /Users/apple/work/go/pkg/mod/github.com/gogf/gf/v2@v2.3.2/net/ghttp/ghttp_func.go:55
19. github.com/gogf/gf/v2/net/ghttp.(*middleware).Next.func1
    /Users/apple/work/go/pkg/mod/github.com/gogf/gf/v2@v2.3.2/net/ghttp/ghttp_request_middleware.go:54
20. github.com/gogf/gf/v2/util/gutil.TryCatch
    /Users/apple/work/go/pkg/mod/github.com/gogf/gf/v2@v2.3.2/util/gutil/gutil.go:56
21. github.com/gogf/gf/v2/net/ghttp.(*middleware).Next
    /Users/apple/work/go/pkg/mod/github.com/gogf/gf/v2@v2.3.2/net/ghttp/ghttp_request_middleware.go:49
22. github.com/gogf/gf/v2/net/ghttp.internalMiddlewareServerTracing
    /Users/apple/work/go/pkg/mod/github.com/gogf/gf/v2@v2.3.2/net/ghttp/ghttp_middleware_tracing.go:78
23. github.com/gogf/gf/v2/net/ghttp.(*middleware).Next.func1.5
    /Users/apple/work/go/pkg/mod/github.com/gogf/gf/v2@v2.3.2/net/ghttp/ghttp_request_middleware.go:96
24. github.com/gogf/gf/v2/net/ghttp.niceCallFunc
    /Users/apple/work/go/pkg/mod/github.com/gogf/gf/v2@v2.3.2/net/ghttp/ghttp_func.go:55
25. github.com/gogf/gf/v2/net/ghttp.(*middleware).Next.func1
    /Users/apple/work/go/pkg/mod/github.com/gogf/gf/v2@v2.3.2/net/ghttp/ghttp_request_middleware.go:95
26. github.com/gogf/gf/v2/util/gutil.TryCatch
    /Users/apple/work/go/pkg/mod/github.com/gogf/gf/v2@v2.3.2/util/gutil/gutil.go:56
27. github.com/gogf/gf/v2/net/ghttp.(*middleware).Next
    /Users/apple/work/go/pkg/mod/github.com/gogf/gf/v2@v2.3.2/net/ghttp/ghttp_request_middleware.go:49
28. github.com/gogf/gf/v2/net/ghttp.(*Server).ServeHTTP
    /Users/apple/work/go/pkg/mod/github.com/gogf/gf/v2@v2.3.2/net/ghttp/ghttp_server_handler.go:132

2023-05-14 21:08:54 [INFO] {b04d914880045f17a4976e6543df0a57} /Users/apple/work/go/src/project/tenderBack/gftoken/gftoken.go:118: token is invalid
2023-05-14 21:09:39 [INFO] {b063e5ab8a045f177f805739e8ca6b04} /Users/apple/work/go/src/project/tenderBack/internal/cmd/cmd.go:25: TENDER version: 1.0.0
2023-05-14 21:09:39 [INFO] {b063e5ab8a045f177f805739e8ca6b04} /Users/apple/work/go/src/project/tenderBack/internal/packed/websocket/init.go:24: 启动：WebSocket
2023-05-14 21:10:47 [ERRO] {c043da759a045f178180573976c7b113} /Users/apple/work/go/src/project/tenderBack/library/liberr/err.go:11: UPDATE `bid` SET `rank`='c7' WHERE (rank < 'c82125') AND (id = '82125') ORDER BY `rank` desc LIMIT 0,2: Error 1064 (42000): You have an error in your SQL syntax; check the manual that corresponds to your MariaDB server version for the right syntax to use near '2' at line 1
Stack:
1.  tender/library/liberr.ErrIsNil
    /Users/apple/work/go/src/project/tenderBack/library/liberr/err.go:11
2.  tender/internal/app/system/logic/sys_data.(*sDataManger).TenderDrag.func1
    /Users/apple/work/go/src/project/tenderBack/internal/app/system/logic/sys_data/data.go:245
3.  github.com/gogf/gf/v2/util/gutil.Try
    /Users/apple/work/go/pkg/mod/github.com/gogf/gf/v2@v2.3.2/util/gutil/gutil.go:40
4.  github.com/gogf/gf/v2/frame/g.Try
    /Users/apple/work/go/pkg/mod/github.com/gogf/gf/v2@v2.3.2/frame/g/g_func.go:67
5.  tender/internal/app/system/logic/sys_data.(*sDataManger).TenderDrag
    /Users/apple/work/go/src/project/tenderBack/internal/app/system/logic/sys_data/data.go:240
6.  tender/internal/app/system/controller.(*sysDataController).TenderDrag
    /Users/apple/work/go/src/project/tenderBack/internal/app/system/controller/sys_data.go:48
7.  github.com/gogf/gf/v2/net/ghttp.(*middleware).callHandlerFunc.func1
    /Users/apple/work/go/pkg/mod/github.com/gogf/gf/v2@v2.3.2/net/ghttp/ghttp_request_middleware.go:152
8.  github.com/gogf/gf/v2/net/ghttp.niceCallFunc
    /Users/apple/work/go/pkg/mod/github.com/gogf/gf/v2@v2.3.2/net/ghttp/ghttp_func.go:55
9.  github.com/gogf/gf/v2/net/ghttp.(*middleware).callHandlerFunc
    /Users/apple/work/go/pkg/mod/github.com/gogf/gf/v2@v2.3.2/net/ghttp/ghttp_request_middleware.go:129
10. github.com/gogf/gf/v2/net/ghttp.(*middleware).Next.func1
    /Users/apple/work/go/pkg/mod/github.com/gogf/gf/v2@v2.3.2/net/ghttp/ghttp_request_middleware.go:75
11. github.com/gogf/gf/v2/util/gutil.TryCatch
    /Users/apple/work/go/pkg/mod/github.com/gogf/gf/v2@v2.3.2/util/gutil/gutil.go:56
12. github.com/gogf/gf/v2/net/ghttp.(*middleware).Next
    /Users/apple/work/go/pkg/mod/github.com/gogf/gf/v2@v2.3.2/net/ghttp/ghttp_request_middleware.go:49
13. tender/internal/app/system/logic/middleware.(*sMiddleware).Auth
    /Users/apple/work/go/src/project/tenderBack/internal/app/system/logic/middleware/middleware.go:74
14. github.com/gogf/gf/v2/net/ghttp.(*middleware).Next.func1.1
    /Users/apple/work/go/pkg/mod/github.com/gogf/gf/v2@v2.3.2/net/ghttp/ghttp_request_middleware.go:55
15. github.com/gogf/gf/v2/net/ghttp.niceCallFunc
    /Users/apple/work/go/pkg/mod/github.com/gogf/gf/v2@v2.3.2/net/ghttp/ghttp_func.go:55
16. github.com/gogf/gf/v2/net/ghttp.(*middleware).Next.func1
    /Users/apple/work/go/pkg/mod/github.com/gogf/gf/v2@v2.3.2/net/ghttp/ghttp_request_middleware.go:54
17. github.com/gogf/gf/v2/util/gutil.TryCatch
    /Users/apple/work/go/pkg/mod/github.com/gogf/gf/v2@v2.3.2/util/gutil/gutil.go:56
18. github.com/gogf/gf/v2/net/ghttp.(*middleware).Next
    /Users/apple/work/go/pkg/mod/github.com/gogf/gf/v2@v2.3.2/net/ghttp/ghttp_request_middleware.go:49
19. tender/internal/app/system/logic/middleware.(*sMiddleware).Ctx
    /Users/apple/work/go/src/project/tenderBack/internal/app/system/logic/middleware/middleware.go:46
20. github.com/gogf/gf/v2/net/ghttp.(*middleware).Next.func1.1
    /Users/apple/work/go/pkg/mod/github.com/gogf/gf/v2@v2.3.2/net/ghttp/ghttp_request_middleware.go:55
21. github.com/gogf/gf/v2/net/ghttp.niceCallFunc
    /Users/apple/work/go/pkg/mod/github.com/gogf/gf/v2@v2.3.2/net/ghttp/ghttp_func.go:55
22. github.com/gogf/gf/v2/net/ghttp.(*middleware).Next.func1
    /Users/apple/work/go/pkg/mod/github.com/gogf/gf/v2@v2.3.2/net/ghttp/ghttp_request_middleware.go:54
23. github.com/gogf/gf/v2/util/gutil.TryCatch
    /Users/apple/work/go/pkg/mod/github.com/gogf/gf/v2@v2.3.2/util/gutil/gutil.go:56
24. github.com/gogf/gf/v2/net/ghttp.(*middleware).Next
    /Users/apple/work/go/pkg/mod/github.com/gogf/gf/v2@v2.3.2/net/ghttp/ghttp_request_middleware.go:49
25. tender/gftoken.(*GfToken).authMiddleware
    /Users/apple/work/go/src/project/tenderBack/gftoken/middleware.go:21
26. github.com/gogf/gf/v2/net/ghttp.(*middleware).Next.func1.1
    /Users/apple/work/go/pkg/mod/github.com/gogf/gf/v2@v2.3.2/net/ghttp/ghttp_request_middleware.go:55
27. github.com/gogf/gf/v2/net/ghttp.niceCallFunc
    /Users/apple/work/go/pkg/mod/github.com/gogf/gf/v2@v2.3.2/net/ghttp/ghttp_func.go:55
28. github.com/gogf/gf/v2/net/ghttp.(*middleware).Next.func1
    /Users/apple/work/go/pkg/mod/github.com/gogf/gf/v2@v2.3.2/net/ghttp/ghttp_request_middleware.go:54
29. github.com/gogf/gf/v2/util/gutil.TryCatch
    /Users/apple/work/go/pkg/mod/github.com/gogf/gf/v2@v2.3.2/util/gutil/gutil.go:56
30. github.com/gogf/gf/v2/net/ghttp.(*middleware).Next
    /Users/apple/work/go/pkg/mod/github.com/gogf/gf/v2@v2.3.2/net/ghttp/ghttp_request_middleware.go:49
31. github.com/gogf/gf/v2/net/ghttp.MiddlewareHandlerResponse
    /Users/apple/work/go/pkg/mod/github.com/gogf/gf/v2@v2.3.2/net/ghttp/ghttp_middleware_handler_response.go:25
32. github.com/gogf/gf/v2/net/ghttp.(*middleware).Next.func1.1
    /Users/apple/work/go/pkg/mod/github.com/gogf/gf/v2@v2.3.2/net/ghttp/ghttp_request_middleware.go:55
33. github.com/gogf/gf/v2/net/ghttp.niceCallFunc
    /Users/apple/work/go/pkg/mod/github.com/gogf/gf/v2@v2.3.2/net/ghttp/ghttp_func.go:55
34. github.com/gogf/gf/v2/net/ghttp.(*middleware).Next.func1
    /Users/apple/work/go/pkg/mod/github.com/gogf/gf/v2@v2.3.2/net/ghttp/ghttp_request_middleware.go:54
35. github.com/gogf/gf/v2/util/gutil.TryCatch
    /Users/apple/work/go/pkg/mod/github.com/gogf/gf/v2@v2.3.2/util/gutil/gutil.go:56
36. github.com/gogf/gf/v2/net/ghttp.(*middleware).Next
    /Users/apple/work/go/pkg/mod/github.com/gogf/gf/v2@v2.3.2/net/ghttp/ghttp_request_middleware.go:49
37. tender/internal/app/common/logic/middleware.(*sMiddleware).MiddlewareCORS
    /Users/apple/work/go/src/project/tenderBack/internal/app/common/logic/middleware/middleware.go:23
38. github.com/gogf/gf/v2/net/ghttp.(*middleware).Next.func1.1
    /Users/apple/work/go/pkg/mod/github.com/gogf/gf/v2@v2.3.2/net/ghttp/ghttp_request_middleware.go:55
39. github.com/gogf/gf/v2/net/ghttp.niceCallFunc
    /Users/apple/work/go/pkg/mod/github.com/gogf/gf/v2@v2.3.2/net/ghttp/ghttp_func.go:55
40. github.com/gogf/gf/v2/net/ghttp.(*middleware).Next.func1
    /Users/apple/work/go/pkg/mod/github.com/gogf/gf/v2@v2.3.2/net/ghttp/ghttp_request_middleware.go:54
41. github.com/gogf/gf/v2/util/gutil.TryCatch
    /Users/apple/work/go/pkg/mod/github.com/gogf/gf/v2@v2.3.2/util/gutil/gutil.go:56
42. github.com/gogf/gf/v2/net/ghttp.(*middleware).Next
    /Users/apple/work/go/pkg/mod/github.com/gogf/gf/v2@v2.3.2/net/ghttp/ghttp_request_middleware.go:49
43. github.com/gogf/gf/v2/net/ghttp.internalMiddlewareServerTracing
    /Users/apple/work/go/pkg/mod/github.com/gogf/gf/v2@v2.3.2/net/ghttp/ghttp_middleware_tracing.go:78
44. github.com/gogf/gf/v2/net/ghttp.(*middleware).Next.func1.5
    /Users/apple/work/go/pkg/mod/github.com/gogf/gf/v2@v2.3.2/net/ghttp/ghttp_request_middleware.go:96
45. github.com/gogf/gf/v2/net/ghttp.niceCallFunc
    /Users/apple/work/go/pkg/mod/github.com/gogf/gf/v2@v2.3.2/net/ghttp/ghttp_func.go:55
46. github.com/gogf/gf/v2/net/ghttp.(*middleware).Next.func1
    /Users/apple/work/go/pkg/mod/github.com/gogf/gf/v2@v2.3.2/net/ghttp/ghttp_request_middleware.go:95
47. github.com/gogf/gf/v2/util/gutil.TryCatch
    /Users/apple/work/go/pkg/mod/github.com/gogf/gf/v2@v2.3.2/util/gutil/gutil.go:56
48. github.com/gogf/gf/v2/net/ghttp.(*middleware).Next
    /Users/apple/work/go/pkg/mod/github.com/gogf/gf/v2@v2.3.2/net/ghttp/ghttp_request_middleware.go:49
49. github.com/gogf/gf/v2/net/ghttp.(*Server).ServeHTTP
    /Users/apple/work/go/pkg/mod/github.com/gogf/gf/v2@v2.3.2/net/ghttp/ghttp_server_handler.go:132

2023-05-14 21:14:54 [INFO] {e0868df3d3045f17759f435bcdfa4754} /Users/apple/work/go/src/project/tenderBack/internal/cmd/cmd.go:25: TENDER version: 1.0.0
2023-05-14 21:14:54 [INFO] {e0868df3d3045f17759f435bcdfa4754} /Users/apple/work/go/src/project/tenderBack/internal/packed/websocket/init.go:24: 启动：WebSocket
2023-05-14 21:44:26 [INFO] {8023439f70065f17f1770003cd6df489} /Users/apple/work/go/src/project/tenderBack/internal/cmd/cmd.go:25: TENDER version: 1.0.0
2023-05-14 21:44:26 [INFO] {8023439f70065f17f1770003cd6df489} /Users/apple/work/go/src/project/tenderBack/internal/packed/websocket/init.go:24: 启动：WebSocket
2023-05-14 22:13:17 [INFO] {f8384eb303085f176a21e1570aeb4262} /Users/apple/work/go/src/project/tenderBack/internal/cmd/cmd.go:25: TENDER version: 1.0.0
2023-05-14 22:13:17 [INFO] {f8384eb303085f176a21e1570aeb4262} /Users/apple/work/go/src/project/tenderBack/internal/packed/websocket/init.go:24: 启动：WebSocket
