2023-04-12 00:02:33 [ERRO] {80e7d1f9d2ec5417adc4fc539081341a} /Users/apple/work/go/src/project/tenderBack/library/liberr/err.go:11: SELECT `id`,`bulletin_type`,`city`,`release_time`,`title`,`enterprise`,`link`,`created_at`,`bid_amount`,`tender_name` FROM `bidding` WHERE (bulletin_type = '中标公告') AND (MATCH(enterprise) AGAINST('*' IN BOOLEAN MODE)): Error 1064 (42000): syntax error, unexpected $end, expecting FTS_TERM or FTS_NUMB or '*'
Stack:
1.  tender/library/liberr.ErrIsNil
    /Users/apple/work/go/src/project/tenderBack/library/liberr/err.go:11
2.  tender/internal/app/desk/logic/index.(*sIndex).EnterpriseDetails
    /Users/apple/work/go/src/project/tenderBack/internal/app/desk/logic/index/search.go:121
3.  tender/internal/app/desk/controller.(*IndexController).EnterpriseDetails
    /Users/apple/work/go/src/project/tenderBack/internal/app/desk/controller/index.go:31
4.  github.com/gogf/gf/v2/net/ghttp.(*middleware).callHandlerFunc.func1
    /Users/apple/work/go/pkg/mod/github.com/gogf/gf/v2@v2.3.2/net/ghttp/ghttp_request_middleware.go:152
5.  github.com/gogf/gf/v2/net/ghttp.niceCallFunc
    /Users/apple/work/go/pkg/mod/github.com/gogf/gf/v2@v2.3.2/net/ghttp/ghttp_func.go:55
6.  github.com/gogf/gf/v2/net/ghttp.(*middleware).callHandlerFunc
    /Users/apple/work/go/pkg/mod/github.com/gogf/gf/v2@v2.3.2/net/ghttp/ghttp_request_middleware.go:129
7.  github.com/gogf/gf/v2/net/ghttp.(*middleware).Next.func1
    /Users/apple/work/go/pkg/mod/github.com/gogf/gf/v2@v2.3.2/net/ghttp/ghttp_request_middleware.go:75
8.  github.com/gogf/gf/v2/util/gutil.TryCatch
    /Users/apple/work/go/pkg/mod/github.com/gogf/gf/v2@v2.3.2/util/gutil/gutil.go:56
9.  github.com/gogf/gf/v2/net/ghttp.(*middleware).Next
    /Users/apple/work/go/pkg/mod/github.com/gogf/gf/v2@v2.3.2/net/ghttp/ghttp_request_middleware.go:49
10. tender/internal/app/desk/logic/middleware.(*sMiddleware).Ctx
    /Users/apple/work/go/src/project/tenderBack/internal/app/desk/logic/middleware/middleware.go:28
11. github.com/gogf/gf/v2/net/ghttp.(*middleware).Next.func1.1
    /Users/apple/work/go/pkg/mod/github.com/gogf/gf/v2@v2.3.2/net/ghttp/ghttp_request_middleware.go:55
12. github.com/gogf/gf/v2/net/ghttp.niceCallFunc
    /Users/apple/work/go/pkg/mod/github.com/gogf/gf/v2@v2.3.2/net/ghttp/ghttp_func.go:55
13. github.com/gogf/gf/v2/net/ghttp.(*middleware).Next.func1
    /Users/apple/work/go/pkg/mod/github.com/gogf/gf/v2@v2.3.2/net/ghttp/ghttp_request_middleware.go:54
14. github.com/gogf/gf/v2/util/gutil.TryCatch
    /Users/apple/work/go/pkg/mod/github.com/gogf/gf/v2@v2.3.2/util/gutil/gutil.go:56
15. github.com/gogf/gf/v2/net/ghttp.(*middleware).Next
    /Users/apple/work/go/pkg/mod/github.com/gogf/gf/v2@v2.3.2/net/ghttp/ghttp_request_middleware.go:49
16. github.com/gogf/gf/v2/net/ghttp.MiddlewareHandlerResponse
    /Users/apple/work/go/pkg/mod/github.com/gogf/gf/v2@v2.3.2/net/ghttp/ghttp_middleware_handler_response.go:25
17. github.com/gogf/gf/v2/net/ghttp.(*middleware).Next.func1.1
    /Users/apple/work/go/pkg/mod/github.com/gogf/gf/v2@v2.3.2/net/ghttp/ghttp_request_middleware.go:55
18. github.com/gogf/gf/v2/net/ghttp.niceCallFunc
    /Users/apple/work/go/pkg/mod/github.com/gogf/gf/v2@v2.3.2/net/ghttp/ghttp_func.go:55
19. github.com/gogf/gf/v2/net/ghttp.(*middleware).Next.func1
    /Users/apple/work/go/pkg/mod/github.com/gogf/gf/v2@v2.3.2/net/ghttp/ghttp_request_middleware.go:54
20. github.com/gogf/gf/v2/util/gutil.TryCatch
    /Users/apple/work/go/pkg/mod/github.com/gogf/gf/v2@v2.3.2/util/gutil/gutil.go:56
21. github.com/gogf/gf/v2/net/ghttp.(*middleware).Next
    /Users/apple/work/go/pkg/mod/github.com/gogf/gf/v2@v2.3.2/net/ghttp/ghttp_request_middleware.go:49
22. tender/internal/app/common/logic/middleware.(*sMiddleware).MiddlewareCORS
    /Users/apple/work/go/src/project/tenderBack/internal/app/common/logic/middleware/middleware.go:23
23. github.com/gogf/gf/v2/net/ghttp.(*middleware).Next.func1.1
    /Users/apple/work/go/pkg/mod/github.com/gogf/gf/v2@v2.3.2/net/ghttp/ghttp_request_middleware.go:55
24. github.com/gogf/gf/v2/net/ghttp.niceCallFunc
    /Users/apple/work/go/pkg/mod/github.com/gogf/gf/v2@v2.3.2/net/ghttp/ghttp_func.go:55
25. github.com/gogf/gf/v2/net/ghttp.(*middleware).Next.func1
    /Users/apple/work/go/pkg/mod/github.com/gogf/gf/v2@v2.3.2/net/ghttp/ghttp_request_middleware.go:54
26. github.com/gogf/gf/v2/util/gutil.TryCatch
    /Users/apple/work/go/pkg/mod/github.com/gogf/gf/v2@v2.3.2/util/gutil/gutil.go:56
27. github.com/gogf/gf/v2/net/ghttp.(*middleware).Next
    /Users/apple/work/go/pkg/mod/github.com/gogf/gf/v2@v2.3.2/net/ghttp/ghttp_request_middleware.go:49
28. github.com/gogf/gf/v2/net/ghttp.internalMiddlewareServerTracing
    /Users/apple/work/go/pkg/mod/github.com/gogf/gf/v2@v2.3.2/net/ghttp/ghttp_middleware_tracing.go:78
29. github.com/gogf/gf/v2/net/ghttp.(*middleware).Next.func1.5
    /Users/apple/work/go/pkg/mod/github.com/gogf/gf/v2@v2.3.2/net/ghttp/ghttp_request_middleware.go:96
30. github.com/gogf/gf/v2/net/ghttp.niceCallFunc
    /Users/apple/work/go/pkg/mod/github.com/gogf/gf/v2@v2.3.2/net/ghttp/ghttp_func.go:55
31. github.com/gogf/gf/v2/net/ghttp.(*middleware).Next.func1
    /Users/apple/work/go/pkg/mod/github.com/gogf/gf/v2@v2.3.2/net/ghttp/ghttp_request_middleware.go:95
32. github.com/gogf/gf/v2/util/gutil.TryCatch
    /Users/apple/work/go/pkg/mod/github.com/gogf/gf/v2@v2.3.2/util/gutil/gutil.go:56
33. github.com/gogf/gf/v2/net/ghttp.(*middleware).Next
    /Users/apple/work/go/pkg/mod/github.com/gogf/gf/v2@v2.3.2/net/ghttp/ghttp_request_middleware.go:49
34. github.com/gogf/gf/v2/net/ghttp.(*Server).ServeHTTP
    /Users/apple/work/go/pkg/mod/github.com/gogf/gf/v2@v2.3.2/net/ghttp/ghttp_server_handler.go:132

2023-04-12 00:03:48 [INFO] {a03602c1e4ec54170f09fd1b0673dcfa} /Users/apple/work/go/src/project/tenderBack/internal/cmd/cmd.go:25: TENDER version: 1.0.0
2023-04-12 00:03:48 [INFO] {a03602c1e4ec54170f09fd1b0673dcfa} /Users/apple/work/go/src/project/tenderBack/internal/packed/websocket/init.go:24: 启动：WebSocket
2023-04-12 00:03:53 [ERRO] {00490a96e5ec54171009fd1b00f3936a} /Users/apple/work/go/src/project/tenderBack/library/liberr/err.go:11: INSERT INTO `tyc`(`lawSuit`,`qualification`,`commerce`,`punishment`,`updated_at`,`created_at`,`personnel`) VALUES('{"error_code":0,"reason":"ok","result":{"items":[{"caseMoney":"63850元","caseNo":"（2022）京0491民初6454号","casePersons":[{"emotion":0,"gid":"13310516","name":"抖音视界（北京）有限公司","result":"部分支持","role":"原告","type":"2"},{"emotion":0,"gid":"23289175","name":"百度在线网络技术（北京）有限公司","result":"部分支持","role":"被告","type":"2"},{"emotion":0,"gid":"22822","name":"北京百度网讯科技有限公司","result":"部分支持","role":"被告","type":"2"}],"caseReason":"侵害作品信息网络传播权纠纷","caseType":"民事案件","court":"北京互联网法院","docType":"判决书","id":354817346,"judgeTime":"2022-06-21","lawsuitH5Url":"https://m.tianyancha.com/app/h5/lawsuit/d13862137c404367aaa24d32887ba48f","lawsuitUrl":"https://www.tianyancha.com/lawsuit/d13862137c404367aaa24d32887ba48f","submitTime":1681056209000,"title":"北京字节跳动网络技术有限公司与北京百度网讯科技有限公司等侵害作品信息网络传播权纠纷一审民事判决书","uuid":"d13862137c404367aaa24d32887ba48f"},{"caseMoney":"","caseNo":"（2022）京0491民初30377号","casePersons":[{"emotion":0,"gid":"","name":"陈才源","result":"撤诉","role":"原告","type":""},{"emotion":0,"gid":"22822","name":"北京百度网讯科技有限公司","result":"原告撤诉","role":"被告","type":"2"}],"caseReason":"著作权权属纠纷","caseType":"民事案件","court":"北京互联网法院","docType":"裁定书","id":354815479,"judgeTime":"2022-12-28","lawsuitH5Url":"https://m.tianyancha.com/app/h5/lawsuit/c147bf6af4bc4a7e80eaf20ff6c5582b","lawsuitUrl":"https://www.tianyancha.com/lawsuit/c147bf6af4bc4a7e80eaf20ff6c5582b","submitTime":1680746610000,"title":"陈才源与北京百度网讯科技有限公司著作权权属纠纷一审民事裁定书","uuid":"c147bf6af4bc4a7e80eaf20ff6c5582b"},{"caseMoney":"","caseNo":"（2021）京0491民初35221号","casePersons":[{"emotion":0,"gid":"","name":"李贤良","result":"撤诉","role":"原告","type":""},{"emotion":0,"gid":"22822","name":"北京百度网讯科技有限公司","result":"原告撤诉","role":"被告","type":"2"}],"caseReason":"网络侵权责任纠纷","caseType":"民事案件","court":"北京互联网法院","docType":"裁定书","id":354815195,"judgeTime":"2022-12-29","lawsuitH5Url":"https://m.tianyancha.com/app/h5/lawsuit/c16d4b85015c4fc88df6ef42caee46c5","lawsuitUrl":"https://www.tianyancha.com/lawsuit/c16d4b85015c4fc88df6ef42caee46c5","submitTime":1680710632000,"title":"李贤良与北京百度网讯科技有限公司网络侵权责任纠纷一审民事裁定书","uuid":"c16d4b85015c4fc88df6ef42caee46c5"},{"caseMoney":"","caseNo":"（2022）京0491民初4961号","casePersons":[{"emotion":-1,"gid":"","name":"抖音视界有限公司","result":"败诉","role":"原告","type":""},{"emotion":1,"gid":"23289175","name":"百度在线网络技术（北京）有限公司","result":"胜诉","role":"被告","type":"2"},{"emotion":1,"gid":"22822","name":"北京百度网讯科技有限公司","result":"胜诉","role":"被告","type":"2"}],"caseReason":"侵害作品信息网络传播权纠纷","caseType":"民事案件","court":"北京互联网法院","docType":"判决书","id":354815234,"judgeTime":"2022-09-13","lawsuitH5Url":"https://m.tianyancha.com/app/h5/lawsuit/eac2096eeccf44729251ee74f0b47cd4","lawsuitUrl":"https://www.tianyancha.com/lawsuit/eac2096eeccf44729251ee74f0b47cd4","submitTime":1680710624000,"title":"北京字节跳动网络技术有限公司与百度在线网络技术（北京）有限公司等侵害作品信息网络传播权纠纷一审民事判决书","uuid":"eac2096eeccf44729251ee74f0b47cd4"},{"caseMoney":"","caseNo":"（2022）京0491民初29691号","casePersons":[{"emotion":0,"gid":"","name":"章珊珊","result":"撤诉","role":"原告","type":""},{"emotion":0,"gid":"22822","name":"北京百度网讯科技有限公司","result":"原告撤诉","role":"被告","type":"2"}],"caseReason":"侵害作品信息网络传播权纠纷","caseType":"民事案件","court":"北京互联网法院","docType":"裁定书","id":354813662,"judgeTime":"2022-12-26","lawsuitH5Url":"https://m.tianyancha.com/app/h5/lawsuit/b5e2668b8eef431293953d405647cfce","lawsuitUrl":"https://www.tianyancha.com/lawsuit/b5e2668b8eef431293953d405647cfce","submitTime":1680451417000,"title":"章珊珊与北京百度网讯科技有限公司侵害作品信息网络传播权纠纷一案一审民事裁定书","uuid":"b5e2668b8eef431293953d405647cfce"},{"caseMoney":"","caseNo":"（2021）京0491民初25872号","casePersons":[{"emotion":null,"gid":"","name":"于竹馨","result":"","role":"原告","type":""},{"emotion":null,"gid":"","name":"刘红燕","result":"","role":"被告","type":""},{"emotion":null,"gid":"22822","name":"北京百度网讯科技有限公司","result":"","role":"被告","type":"2"}],"caseReason":"网络侵权责任纠纷","caseType":"民事案件","court":"北京互联网法院","docType":"裁定书","id":354811133,"judgeTime":"2021-10-09","lawsuitH5Url":"https://m.tianyancha.com/app/h5/lawsuit/ed21471f28694742ae10981771b74eb7","lawsuitUrl":"https://www.tianyancha.com/lawsuit/ed21471f28694742ae10981771b74eb7","submitTime":1679984313000,"title":"于竹馨与北京百度网讯科技有限公司等网络侵权责任纠纷一审民事裁定书","uuid":"ed21471f28694742ae10981771b74eb7"},{"caseMoney":"","caseNo":"（2023）京民抗14号","casePersons":[{"emotion":null,"gid":"","name":"李美壁","result":"","role":"申诉人","type":""},{"emotion":null,"gid":"22822","name":"北京百度网讯科技有限公司","result":"","role":"被申诉人","type":"2"}],"caseReason":"","caseType":"民事案件","court":"北京市高级人民法院","docType":"裁定书","id":354763289,"judgeTime":"2023-03-09","lawsuitH5Url":"https://m.tianyancha.com/app/h5/lawsuit/e13363116ac64ee39846a149fe57f868","lawsuitUrl":"https://www.tianyancha.com/lawsuit/e13363116ac64ee39846a149fe57f868","submitTime":1678982400000,"title":"北京百度网讯科技有限公司等再审审查与审判监督民事裁定书","uuid":"e13363116ac64ee39846a149fe57f868"},{"caseMoney":"530000元","caseNo":"（2021）京0108民初35781号","casePersons":[{"emotion":0,"gid":"22822","name":"北京百度网讯科技有限公司","result":"部分支持","role":"原告","type":"2"},{"emotion":0,"gid":"2328552481","name":"成都淘学教育咨询有限公司","result":"部分支持","role":"被告","type":"2"}],"caseReason":"不正当竞争纠纷","caseType":"民事案件","court":"北京市海淀区人民法院","docType":"判决书","id":354733907,"judgeTime":"2022-12-07","lawsuitH5Url":"https://m.tianyancha.com/app/h5/lawsuit/bfa4281a33e14faab7494b011ed612c9","lawsuitUrl":"https://www.tianyancha.com/lawsuit/bfa4281a33e14faab7494b011ed612c9","submitTime":1678809600000,"title":"原告北京百度网讯科技有限公司与被告成都淘学教育咨询有限公司不正当竞争纠纷一审民事判决书","uuid":"bfa4281a33e14faab7494b011ed612c9"},{"caseMoney":"","caseNo":"（2022）京0108民初25776号","casePersons":[{"emotion":0,"gid":"28313374","name":"厦门美图网科技有限公司","result":"撤诉","role":"原告","type":"2"},{"emotion":0,"gid":"22822","name":"北京百度网讯科技有限公司","result":"原告撤诉","role":"被告","type":"2"},{"emotion":0,"gid":"3387455353","name":"碧波（北京）科技文化有限公司","result":"原告撤诉","role":"被告","type":"2"}],"caseReason":"","caseType":"民事案件","court":"北京市海淀区人民法院","docType":"裁定书","id":354733919,"judgeTime":"2022-12-07","lawsuitH5Url":"https://m.tianyancha.com/app/h5/lawsuit/012fa03342104d89b6b9cc0ba38cbd61","lawsuitUrl":"https://www.tianyancha.com/lawsuit/012fa03342104d89b6b9cc0ba38cbd61","submitTime":1678809600000,"title":"厦门美图网科技有限公司与碧波（北京）科技文化有限公司等一审民事裁定书","uuid":"012fa03342104d89b6b9cc0ba38cbd61"},{"caseMoney":"16000元","caseNo":"（2022）京0108民初25558号","casePersons":[{"emotion":0,"gid":"","name":"韦冠成","result":"部分支持","role":"原告","type":""},{"emotion":0,"gid":"3432000939","name":"宁波前技科技有限公司","result":"部分支持","role":"被告","type":"2"},{"emotion":0,"gid":"22822","name":"北京百度网讯科技有限公司","result":"不承担责任","role":"被告","type":"2"}],"caseReason":"","caseType":"民事案件","court":"北京市海淀区人民法院","docType":"判决书","id":354734956,"judgeTime":"2022-12-06","lawsuitH5Url":"https://m.tianyancha.com/app/h5/lawsuit/90c967dac5794dbabf26f7aa54efb1a9","lawsuitUrl":"https://www.tianyancha.com/lawsuit/90c967dac5794dbabf26f7aa54efb1a9","submitTime":1678723200000,"title":"韦冠成与宁波前技科技有限公司等一审民事判决书","uuid":"90c967dac5794dbabf26f7aa54efb1a9"},{"caseMoney":"","caseNo":"（2022）京0491民初24212号","casePersons":[{"emotion":0,"gid":"","name":"钱品聚","result":"撤诉","role":"原告","type":""},{"emotion":0,"gid":"22822","name":"北京百度网讯科技有限公司","result":"原告撤诉","role":"被告","type":"2"}],"caseReason":"侵害作品信息网络传播权纠纷","caseType":"民事案件","court":"北京互联网法院","docType":"裁定书","id":354658701,"judgeTime":"2022-12-06","lawsuitH5Url":"https://m.tianyancha.com/app/h5/lawsuit/c47158b39f3b48deb306e18a5804caff","lawsuitUrl":"https://www.tianyancha.com/lawsuit/c47158b39f3b48deb306e18a5804caff","submitTime":1678694018000,"title":"钱品聚与北京百度网讯科技有限公司侵害作品信息网络传播权纠纷一审民事裁定书","uuid":"c47158b39f3b48deb306e18a5804caff"},{"caseMoney":"","caseNo":"（2022）京0491行初29号","casePersons":[{"emotion":-1,"gid":"","name":"李璐阳","result":"败诉","role":"原告","type":""},{"emotion":1,"gid":"","name":"北京市市场监督管理局","result":"胜诉","role":"被告","type":""},{"emotion":1,"gid":"","name":"北京市海淀区市场监督管理局","result":"胜诉","role":"被告","type":""}],"caseReason":"","caseType":"行政案件","court":"北京互联网法院","docType":"判决书","id":354658787,"judgeTime":"2022-12-05","lawsuitH5Url":"https://m.tianyancha.com/app/h5/lawsuit/0ef3fac473b242b794cd380376ef4b71","lawsuitUrl":"https://www.tianyancha.com/lawsuit/0ef3fac473b242b794cd380376ef4b71","submitTime":1678679918000,"title":"李璐阳与北京市市场监督管理局等一审行政判决书","uuid":"0ef3fac473b242b794cd380376ef4b71"},{"caseMoney":"","caseNo":"（2021）京0491民初50535号","casePersons":[{"emotion":0,"gid":"","name":"张竹颜","result":"撤诉","role":"原告","type":""},{"emotion":0,"gid":"22822","name":"北京百度网讯科技有限公司","result":"原告撤诉","role":"被告","type":"2"}],"caseReason":"网络服务合同纠纷","caseType":"民事案件","court":"北京互联网法院","docType":"裁定书","id":354658795,"judgeTime":"2022-12-05","lawsuitH5Url":"https://m.tianyancha.com/app/h5/lawsuit/c88bfb96581c4138ad70b5eb72fa759f","lawsuitUrl":"https://www.tianyancha.com/lawsuit/c88bfb96581c4138ad70b5eb72fa759f","submitTime":1678637024000,"title":"张竹颜与北京百度网讯科技有限公司网络服务合同纠纷一审民事裁定书","uuid":"c88bfb96581c4138ad70b5eb72fa759f"},{"caseMoney":"","caseNo":"（2022）京0107民初10599号","casePersons":[{"emotion":0,"gid":"3415400639","name":"西安名格餐饮管理有限公司","result":"撤诉","role":"原告","type":"2"},{"emotion":0,"gid":"22822","name":"北京百度网讯科技有限公司","result":"原告撤诉","role":"被告","type":"2"},{"emotion":0,"gid":"37989797","name":"北京天宇远航科贸有限公司","result":"原告撤诉","role":"被告","type":"2"},{"emotion":0,"gid":"3311231192","name":"海南捷讯嘉科技有限公司","result":"原告撤诉","role":"被告","type":"2"}],"caseReason":"侵害商标权纠纷","caseType":"民事案件","court":"北京市石景山区人民法院","docType":"裁定书","id":354676309,"judgeTime":"2022-12-01","lawsuitH5Url":"https://m.tianyancha.com/app/h5/lawsuit/7018b7d1466d4017b06bd50b07a25ff6","lawsuitUrl":"https://www.tianyancha.com/lawsuit/7018b7d1466d4017b06bd50b07a25ff6","submitTime":1678377600000,"title":"西安名格餐饮管理有限公司与北京天宇远航科贸有限公司等侵害商标权纠纷一审民事裁定书","uuid":"7018b7d1466d4017b06bd50b07a25ff6"},{"caseMoney":"","caseNo":"（2023）湘0923民初8号","casePersons":[{"emotion":0,"gid":"2353798282","name":"湖南金叶油业有限公司","result":"撤诉","role":"原告","type":"2"},{"emotion":0,"gid":"22822","name":"北京百度网讯科技有限公司","result":"原告撤诉","role":"被告","type":"2"}],"caseReason":"","caseType":"民事案件","court":"安化县人民法院","docType":"裁定书","id":354581570,"judgeTime":"2023-02-24","lawsuitH5Url":"https://m.tianyancha.com/app/h5/lawsuit/711021b6b0be47ad9bd52e156a91ba80","lawsuitUrl":"https://www.tianyancha.com/lawsuit/711021b6b0be47ad9bd52e156a91ba80","submitTime":1678204800000,"title":"湖南金叶油业有限公司、北京百度网讯科技有限公司民事一审民事裁定书","uuid":"711021b6b0be47ad9bd52e156a91ba80"},{"caseMoney":"","caseNo":"（2022）粤73民终261号","casePersons":[{"emotion":-1,"gid":"325328498","name":"上海东方网股份有限公司","result":"驳回上诉","role":"上诉人","type":"2"},{"emotion":1,"gid":"","name":"林琳","result":"驳回对方上诉","role":"被上诉人","type":""}],"caseReason":"侵害作品信息网络传播权纠纷","caseType":"民事案件","court":"广州知识产权法院","docType":"判决书","id":354607210,"judgeTime":"2022-12-27","lawsuitH5Url":"https://m.tianyancha.com/app/h5/lawsuit/278e88bc75a1419aa6d360387ea1f32b","lawsuitUrl":"https://www.tianyancha.com/lawsuit/278e88bc75a1419aa6d360387ea1f32b","submitTime":1678204800000,"title":"上海东方网股份有限公司、林琳等侵害作品信息网络传播权纠纷民事二审民事判决书","uuid":"278e88bc75a1419aa6d360387ea1f32b"},{"caseMoney":"","caseNo":"（2022）粤73民终260号","casePersons":[{"emotion":-1,"gid":"325328498","name":"上海东方网股份有限公司","result":"驳回上诉","role":"上诉人","type":"2"},{"emotion":1,"gid":"","name":"林琳","result":"驳回对方上诉","role":"被上诉人","type":""}],"caseReason":"侵害作品信息网络传播权纠纷","caseType":"民事案件","court":"广州知识产权法院","docType":"判决书","id":354607213,"judgeTime":"2022-12-27","lawsuitH5Url":"https://m.tianyancha.com/app/h5/lawsuit/ffeec3a83e15461592c49460deef977d","lawsuitUrl":"https://www.tianyancha.com/lawsuit/ffeec3a83e15461592c49460deef977d","submitTime":1678204800000,"title":"上海东方网股份有限公司、林琳等侵害作品信息网络传播权纠纷民事二审民事判决书","uuid":"ffeec3a83e15461592c49460deef977d"},{"caseMoney":"","caseNo":"（2022）粤73民终262号","casePersons":[{"emotion":-1,"gid":"325328498","name":"上海东方网股份有限公司","result":"驳回上诉","role":"上诉人","type":"2"},{"emotion":1,"gid":"","name":"林琳","result":"驳回对方上诉","role":"被上诉人","type":""}],"caseReason":"侵害作品信息网络传播权纠纷","caseType":"民事案件","court":"广州知识产权法院","docType":"判决书","id":354607216,"judgeTime":"2022-12-27","lawsuitH5Url":"https://m.tianyancha.com/app/h5/lawsuit/04ae0d525c534e3cbabd612bfda49bc1","lawsuitUrl":"https://www.tianyancha.com/lawsuit/04ae0d525c534e3cbabd612bfda49bc1","submitTime":1678204800000,"title":"上海东方网股份有限公司、林琳等侵害作品信息网络传播权纠纷民事二审民事判决书","uuid":"04ae0d525c534e3cbabd612bfda49bc1"},{"caseMoney":"","caseNo":"（2022）京0491民初21475号","casePersons":[{"emotion":0,"gid":"","name":"王晶","result":"撤诉","role":"原告","type":""},{"emotion":0,"gid":"22822","name":"北京百度网讯科技有限公司","result":"原告撤诉","role":"被告","type":"2"}],"caseReason":"","caseType":"民事案件","court":"北京互联网法院","docType":"裁定书","id":354557983,"judgeTime":"2022-11-30","lawsuitH5Url":"https://m.tianyancha.com/app/h5/lawsuit/678e7181b90d4bfdbd5ce1baa5e705d0","lawsuitUrl":"https://www.tianyancha.com/lawsuit/678e7181b90d4bfdbd5ce1baa5e705d0","submitTime":1678160320000,"title":"王晶与北京百度网讯科技有限公司一审民事裁定书","uuid":"678e7181b90d4bfdbd5ce1baa5e705d0"},{"caseMoney":"","caseNo":"（2022）京0491民初25678号","casePersons":[{"emotion":0,"gid":"","name":"朱自尊","result":"撤诉","role":"原告","type":""},{"emotion":0,"gid":"22822","name":"北京百度网讯科技有限公司","result":"原告撤诉","role":"被告","type":"2"}],"caseReason":"侵害作品信息网络传播权纠纷","caseType":"民事案件","court":"北京互联网法院","docType":"裁定书","id":354557991,"judgeTime":"2022-11-30","lawsuitH5Url":"https://m.tianyancha.com/app/h5/lawsuit/5ab9fee8c1d24d338a565fa5ac3ffdd5","lawsuitUrl":"https://www.tianyancha.com/lawsuit/5ab9fee8c1d24d338a565fa5ac3ffdd5","submitTime":1678160320000,"title":"朱自尊与北京百度网讯科技有限公司侵害作品信息网络传播权纠纷一审民事裁定书","uuid":"5ab9fee8c1d24d338a565fa5ac3ffdd5"}],"total":5000}}','{"error_code":300000,"reason":"无数据","result":null}','{"error_code":0,"reason":"ok","result":{"actualCapital":"1342128万人民币","actualCapitalCurrency":"人民币","alias":"百度网讯","approvedTime":1671984000000,"base":"bj","bondName":null,"bondNum":null,"bondType":null,"businessScope":"一般项目：技术服务、技术开发、技术咨询、技术交流、技术转让、技术推广；计算机软硬件及辅助设备零售；软件开发；计算机系统服务；信息系统集成服务；数据处理服务；数字内容制作服务（不含出版发行）；软件销售；计算机软硬件及辅助设备批发；电子产品销售；电子元器件批发；电子元器件零售；机械设备租赁；广告制作；广告发布；广告设计、代理；专业设计服务；市场营销策划；会议及展览服务；信息技术咨询服务；企业管理咨询；社会经济咨询服务；家用电器销售；机械设备销售；五金产品批发；五金产品零售；玩具、动漫及游艺用品销售；游艺用品及室内游艺器材销售；照相机及器材销售；化妆品批发；化妆品零售；个人卫生用品销售；体育用品及器材批发；体育用品及器材零售；针纺织品销售；服装服饰零售；服装服饰批发；鞋帽零售；鞋帽批发；日用品销售；日用品批发；珠宝首饰零售；珠宝首饰批发；工艺美术品及礼仪用品销售（象牙及其制品除外）；工艺美术品及收藏品批发（象牙及其制品除外）；钟表销售；眼镜销售（不含隐形眼镜）；玩具销售；办公用品销售；摩托车及零配件零售；摩托车及零配件批发；仪器仪表销售；家具销售；塑料制品销售；建筑材料销售；通讯设备销售；食品销售（仅销售预包装食品）；保健食品（预包装）销售；货物进出口；技术进出口；进出口代理；汽车零部件及配件制造；汽车零配件零售；汽车零配件批发；汽车销售；健康咨询服务（不含诊疗服务）；票务代理服务；翻译服务；第一类医疗器械销售；第二类医疗器械销售。（除依法须经批准的项目外，凭营业执照依法自主开展经营活动）许可项目：基础电信业务；第一类增值电信业务；第二类增值电信业务；网络文化经营；出版物零售；出版物批发；演出经纪；职业中介活动；广播电视节目制作经营；信息网络传播视听节目；互联网新闻信息服务；测绘服务。（依法须经批准的项目，经相关部门批准后方可开展经营活动，具体经营项目以相关部门批准文件或许可证件为准）（不得从事国家和本市产业政策禁止和限制类项目的经营活动。）","cancelDate":null,"cancelReason":null,"city":"市辖区","compForm":null,"companyOrgType":"有限责任公司(自然人投资或控股)","creditCode":"91110000802100433B","district":"海淀区","estiblishTime":991670400000,"fromTime":991670400000,"historyNameList":null,"historyNames":null,"id":22822,"industry":"互联网和相关服务","industryAll":{"category":"信息传输、软件和信息技术服务业","categoryBig":"互联网和相关服务","categoryMiddle":"互联网信息服务","categorySmall":""},"isMicroEnt":0,"legalPersonName":"梁志祥","name":"北京百度网讯科技有限公司","orgNumber":"80210043-3","percentileScore":9972,"property3":"Beijing Baidu Netcom Science and Technology Co.,Ltd.","regCapital":"1342128万人民币","regCapitalCurrency":"人民币","regInstitute":"北京市海淀区市场监督管理局","regLocation":"北京市海淀区上地十街10号百度大厦2层","regNumber":"110108002734659","regStatus":"存续","revokeDate":null,"revokeReason":null,"socialStaffNum":5013,"staffNumRange":"5000-9999人","tags":"存续;IPO上市;高新技术企业;中关村高新技术企业;项目品牌:百度;投资机构:百度;企业集团","taxNumber":"91110000802100433B","toTime":null,"type":1,"updateTimes":1681195013000,"usedBondName":null}}','{"error_code":0,"reason":"ok","result":{"items":[{"content":"2022年2月23日,公安机关对北京百度网讯科技有限公司运营的百度贴吧检查时,发现百度贴吧内存在大量违法信息。经查,系北京百度网讯科技有限公司对法律、行政法规禁止发布或者传输的信息未停止传输、采取消除等处置措施造成。公安机关根据《中华人民共和国网络安全法》第六十八条之规定,给予北京百度网讯科技有限公司罚款人民币10万元处罚。","decisionDate":"2022-04-02","departmentName":"北京市公安局","evidence":"","legalPersonName":"","punishName":"","punishNumber":"京公（网安）行罚字〔2022〕50002号","punishStatus":"","reason":"2022年2月23日,公安机关对北京百度网讯科技有限公司运营的百度贴吧检查时,发现百度贴吧内存在大量违法信息。经查,系北京百度网讯科技有限公司对法律、行政法规禁止发布或者传输的信息未停止传输、采取消除等处置措施造成。","remark":"","source":"公安部","type":"","typeSecond":""},{"content":"","decisionDate":"2021-11-15","departmentName":"国家市场监督管理总局","evidence":"","legalPersonName":"-","punishName":"","punishNumber":"国市监处罚〔2021〕75号","punishStatus":"","reason":"","remark":"所报材料真实合法，一切责任由当事人自负。","source":"国家市场监督管理总局","type":"","typeSecond":""},{"content":"罚没非法所得477641.89元，并处罚款477641.89元，罚没合计955283.78元","decisionDate":"2018-12-04","departmentName":"中国人民银行营业管理部","evidence":"","legalPersonName":"","punishName":"","punishNumber":"银管罚〔2018〕47号","punishStatus":"","reason":"未经批准，擅自开展资产管理业务","remark":"","source":"-","type":"","typeSecond":""}],"total":3}}','2023-04-12 00:03:53','2023-04-12 00:03:53','{"error_code":0,"reason":"ok","result":{"items":[{"hcgid":"1984012283-c22822","id":1984012283,"logo":"https://imgh.tianyancha.com/logo/human/2c89a37665fe7374a23694bad46330ba_d200x200.png","name":"李彦宏","type":2,"typeJoin":["执行董事"]},{"hcgid":"2020172991-c22822","id":2020172991,"logo":"https://imgh.tianyancha.com/logo/human/97a584da0003268e8025349fc3c9153f_d200x200.png","name":"梁志祥","type":2,"typeJoin":["经理"]},{"hcgid":"1905070872-c22822","id":1905070872,"logo":"https://imgh.tianyancha.com/logo/human/086164804ac49f1d8c8ba0a9179017f2_d200x200.png","name":"崔珊珊","type":2,"typeJoin":["监事"]}],"total":3}}') : Error 1062 (23000): Duplicate entry '' for key 'name'
Stack:
1.  tender/library/liberr.ErrIsNil
    /Users/apple/work/go/src/project/tenderBack/library/liberr/err.go:11
2.  tender/internal/app/desk/logic/index.(*sIndex).EnterpriseDetails.func1.1
    /Users/apple/work/go/src/project/tenderBack/internal/app/desk/logic/index/search.go:106
3.  github.com/gogf/gf/v2/util/gutil.Try
    /Users/apple/work/go/pkg/mod/github.com/gogf/gf/v2@v2.3.2/util/gutil/gutil.go:40
4.  github.com/gogf/gf/v2/frame/g.Try
    /Users/apple/work/go/pkg/mod/github.com/gogf/gf/v2@v2.3.2/frame/g/g_func.go:67
5.  tender/internal/app/desk/logic/index.(*sIndex).EnterpriseDetails.func1
    /Users/apple/work/go/src/project/tenderBack/internal/app/desk/logic/index/search.go:97
6.  github.com/gogf/gf/v2/database/gdb.(*Core).Transaction
    /Users/apple/work/go/pkg/mod/github.com/gogf/gf/v2@v2.3.2/database/gdb/gdb_core_transaction.go:108
7.  tender/internal/app/desk/logic/index.(*sIndex).EnterpriseDetails
    /Users/apple/work/go/src/project/tenderBack/internal/app/desk/logic/index/search.go:96
8.  tender/internal/app/desk/controller.(*IndexController).EnterpriseDetails
    /Users/apple/work/go/src/project/tenderBack/internal/app/desk/controller/index.go:31
9.  github.com/gogf/gf/v2/net/ghttp.(*middleware).callHandlerFunc.func1
    /Users/apple/work/go/pkg/mod/github.com/gogf/gf/v2@v2.3.2/net/ghttp/ghttp_request_middleware.go:152
10. github.com/gogf/gf/v2/net/ghttp.niceCallFunc
    /Users/apple/work/go/pkg/mod/github.com/gogf/gf/v2@v2.3.2/net/ghttp/ghttp_func.go:55
11. github.com/gogf/gf/v2/net/ghttp.(*middleware).callHandlerFunc
    /Users/apple/work/go/pkg/mod/github.com/gogf/gf/v2@v2.3.2/net/ghttp/ghttp_request_middleware.go:129
12. github.com/gogf/gf/v2/net/ghttp.(*middleware).Next.func1
    /Users/apple/work/go/pkg/mod/github.com/gogf/gf/v2@v2.3.2/net/ghttp/ghttp_request_middleware.go:75
13. github.com/gogf/gf/v2/util/gutil.TryCatch
    /Users/apple/work/go/pkg/mod/github.com/gogf/gf/v2@v2.3.2/util/gutil/gutil.go:56
14. github.com/gogf/gf/v2/net/ghttp.(*middleware).Next
    /Users/apple/work/go/pkg/mod/github.com/gogf/gf/v2@v2.3.2/net/ghttp/ghttp_request_middleware.go:49
15. tender/internal/app/desk/logic/middleware.(*sMiddleware).Ctx
    /Users/apple/work/go/src/project/tenderBack/internal/app/desk/logic/middleware/middleware.go:28
16. github.com/gogf/gf/v2/net/ghttp.(*middleware).Next.func1.1
    /Users/apple/work/go/pkg/mod/github.com/gogf/gf/v2@v2.3.2/net/ghttp/ghttp_request_middleware.go:55
17. github.com/gogf/gf/v2/net/ghttp.niceCallFunc
    /Users/apple/work/go/pkg/mod/github.com/gogf/gf/v2@v2.3.2/net/ghttp/ghttp_func.go:55
18. github.com/gogf/gf/v2/net/ghttp.(*middleware).Next.func1
    /Users/apple/work/go/pkg/mod/github.com/gogf/gf/v2@v2.3.2/net/ghttp/ghttp_request_middleware.go:54
19. github.com/gogf/gf/v2/util/gutil.TryCatch
    /Users/apple/work/go/pkg/mod/github.com/gogf/gf/v2@v2.3.2/util/gutil/gutil.go:56
20. github.com/gogf/gf/v2/net/ghttp.(*middleware).Next
    /Users/apple/work/go/pkg/mod/github.com/gogf/gf/v2@v2.3.2/net/ghttp/ghttp_request_middleware.go:49
21. github.com/gogf/gf/v2/net/ghttp.MiddlewareHandlerResponse
    /Users/apple/work/go/pkg/mod/github.com/gogf/gf/v2@v2.3.2/net/ghttp/ghttp_middleware_handler_response.go:25
22. github.com/gogf/gf/v2/net/ghttp.(*middleware).Next.func1.1
    /Users/apple/work/go/pkg/mod/github.com/gogf/gf/v2@v2.3.2/net/ghttp/ghttp_request_middleware.go:55
23. github.com/gogf/gf/v2/net/ghttp.niceCallFunc
    /Users/apple/work/go/pkg/mod/github.com/gogf/gf/v2@v2.3.2/net/ghttp/ghttp_func.go:55
24. github.com/gogf/gf/v2/net/ghttp.(*middleware).Next.func1
    /Users/apple/work/go/pkg/mod/github.com/gogf/gf/v2@v2.3.2/net/ghttp/ghttp_request_middleware.go:54
25. github.com/gogf/gf/v2/util/gutil.TryCatch
    /Users/apple/work/go/pkg/mod/github.com/gogf/gf/v2@v2.3.2/util/gutil/gutil.go:56
26. github.com/gogf/gf/v2/net/ghttp.(*middleware).Next
    /Users/apple/work/go/pkg/mod/github.com/gogf/gf/v2@v2.3.2/net/ghttp/ghttp_request_middleware.go:49
27. tender/internal/app/common/logic/middleware.(*sMiddleware).MiddlewareCORS
    /Users/apple/work/go/src/project/tenderBack/internal/app/common/logic/middleware/middleware.go:23
28. github.com/gogf/gf/v2/net/ghttp.(*middleware).Next.func1.1
    /Users/apple/work/go/pkg/mod/github.com/gogf/gf/v2@v2.3.2/net/ghttp/ghttp_request_middleware.go:55
29. github.com/gogf/gf/v2/net/ghttp.niceCallFunc
    /Users/apple/work/go/pkg/mod/github.com/gogf/gf/v2@v2.3.2/net/ghttp/ghttp_func.go:55
30. github.com/gogf/gf/v2/net/ghttp.(*middleware).Next.func1
    /Users/apple/work/go/pkg/mod/github.com/gogf/gf/v2@v2.3.2/net/ghttp/ghttp_request_middleware.go:54
31. github.com/gogf/gf/v2/util/gutil.TryCatch
    /Users/apple/work/go/pkg/mod/github.com/gogf/gf/v2@v2.3.2/util/gutil/gutil.go:56
32. github.com/gogf/gf/v2/net/ghttp.(*middleware).Next
    /Users/apple/work/go/pkg/mod/github.com/gogf/gf/v2@v2.3.2/net/ghttp/ghttp_request_middleware.go:49
33. github.com/gogf/gf/v2/net/ghttp.internalMiddlewareServerTracing
    /Users/apple/work/go/pkg/mod/github.com/gogf/gf/v2@v2.3.2/net/ghttp/ghttp_middleware_tracing.go:78
34. github.com/gogf/gf/v2/net/ghttp.(*middleware).Next.func1.5
    /Users/apple/work/go/pkg/mod/github.com/gogf/gf/v2@v2.3.2/net/ghttp/ghttp_request_middleware.go:96
35. github.com/gogf/gf/v2/net/ghttp.niceCallFunc
    /Users/apple/work/go/pkg/mod/github.com/gogf/gf/v2@v2.3.2/net/ghttp/ghttp_func.go:55
36. github.com/gogf/gf/v2/net/ghttp.(*middleware).Next.func1
    /Users/apple/work/go/pkg/mod/github.com/gogf/gf/v2@v2.3.2/net/ghttp/ghttp_request_middleware.go:95
37. github.com/gogf/gf/v2/util/gutil.TryCatch
    /Users/apple/work/go/pkg/mod/github.com/gogf/gf/v2@v2.3.2/util/gutil/gutil.go:56
38. github.com/gogf/gf/v2/net/ghttp.(*middleware).Next
    /Users/apple/work/go/pkg/mod/github.com/gogf/gf/v2@v2.3.2/net/ghttp/ghttp_request_middleware.go:49
39. github.com/gogf/gf/v2/net/ghttp.(*Server).ServeHTTP
    /Users/apple/work/go/pkg/mod/github.com/gogf/gf/v2@v2.3.2/net/ghttp/ghttp_server_handler.go:132

2023-04-12 00:03:53 [ERRO] {00490a96e5ec54171009fd1b00f3936a} /Users/apple/work/go/src/project/tenderBack/library/liberr/err.go:11: SELECT `id`,`bulletin_type`,`city`,`release_time`,`title`,`enterprise`,`link`,`created_at`,`bid_amount`,`tender_name` FROM `bidding` WHERE (bulletin_type = '中标公告') AND (MATCH(enterprise) AGAINST('%!s(*string=0xc000442660)*' IN BOOLEAN MODE)): Error 1064 (42000): syntax error, unexpected $end, expecting FTS_TERM or FTS_NUMB or '*'
Stack:
1.  tender/library/liberr.ErrIsNil
    /Users/apple/work/go/src/project/tenderBack/library/liberr/err.go:11
2.  tender/internal/app/desk/logic/index.(*sIndex).EnterpriseDetails
    /Users/apple/work/go/src/project/tenderBack/internal/app/desk/logic/index/search.go:121
3.  tender/internal/app/desk/controller.(*IndexController).EnterpriseDetails
    /Users/apple/work/go/src/project/tenderBack/internal/app/desk/controller/index.go:31
4.  github.com/gogf/gf/v2/net/ghttp.(*middleware).callHandlerFunc.func1
    /Users/apple/work/go/pkg/mod/github.com/gogf/gf/v2@v2.3.2/net/ghttp/ghttp_request_middleware.go:152
5.  github.com/gogf/gf/v2/net/ghttp.niceCallFunc
    /Users/apple/work/go/pkg/mod/github.com/gogf/gf/v2@v2.3.2/net/ghttp/ghttp_func.go:55
6.  github.com/gogf/gf/v2/net/ghttp.(*middleware).callHandlerFunc
    /Users/apple/work/go/pkg/mod/github.com/gogf/gf/v2@v2.3.2/net/ghttp/ghttp_request_middleware.go:129
7.  github.com/gogf/gf/v2/net/ghttp.(*middleware).Next.func1
    /Users/apple/work/go/pkg/mod/github.com/gogf/gf/v2@v2.3.2/net/ghttp/ghttp_request_middleware.go:75
8.  github.com/gogf/gf/v2/util/gutil.TryCatch
    /Users/apple/work/go/pkg/mod/github.com/gogf/gf/v2@v2.3.2/util/gutil/gutil.go:56
9.  github.com/gogf/gf/v2/net/ghttp.(*middleware).Next
    /Users/apple/work/go/pkg/mod/github.com/gogf/gf/v2@v2.3.2/net/ghttp/ghttp_request_middleware.go:49
10. tender/internal/app/desk/logic/middleware.(*sMiddleware).Ctx
    /Users/apple/work/go/src/project/tenderBack/internal/app/desk/logic/middleware/middleware.go:28
11. github.com/gogf/gf/v2/net/ghttp.(*middleware).Next.func1.1
    /Users/apple/work/go/pkg/mod/github.com/gogf/gf/v2@v2.3.2/net/ghttp/ghttp_request_middleware.go:55
12. github.com/gogf/gf/v2/net/ghttp.niceCallFunc
    /Users/apple/work/go/pkg/mod/github.com/gogf/gf/v2@v2.3.2/net/ghttp/ghttp_func.go:55
13. github.com/gogf/gf/v2/net/ghttp.(*middleware).Next.func1
    /Users/apple/work/go/pkg/mod/github.com/gogf/gf/v2@v2.3.2/net/ghttp/ghttp_request_middleware.go:54
14. github.com/gogf/gf/v2/util/gutil.TryCatch
    /Users/apple/work/go/pkg/mod/github.com/gogf/gf/v2@v2.3.2/util/gutil/gutil.go:56
15. github.com/gogf/gf/v2/net/ghttp.(*middleware).Next
    /Users/apple/work/go/pkg/mod/github.com/gogf/gf/v2@v2.3.2/net/ghttp/ghttp_request_middleware.go:49
16. github.com/gogf/gf/v2/net/ghttp.MiddlewareHandlerResponse
    /Users/apple/work/go/pkg/mod/github.com/gogf/gf/v2@v2.3.2/net/ghttp/ghttp_middleware_handler_response.go:25
17. github.com/gogf/gf/v2/net/ghttp.(*middleware).Next.func1.1
    /Users/apple/work/go/pkg/mod/github.com/gogf/gf/v2@v2.3.2/net/ghttp/ghttp_request_middleware.go:55
18. github.com/gogf/gf/v2/net/ghttp.niceCallFunc
    /Users/apple/work/go/pkg/mod/github.com/gogf/gf/v2@v2.3.2/net/ghttp/ghttp_func.go:55
19. github.com/gogf/gf/v2/net/ghttp.(*middleware).Next.func1
    /Users/apple/work/go/pkg/mod/github.com/gogf/gf/v2@v2.3.2/net/ghttp/ghttp_request_middleware.go:54
20. github.com/gogf/gf/v2/util/gutil.TryCatch
    /Users/apple/work/go/pkg/mod/github.com/gogf/gf/v2@v2.3.2/util/gutil/gutil.go:56
21. github.com/gogf/gf/v2/net/ghttp.(*middleware).Next
    /Users/apple/work/go/pkg/mod/github.com/gogf/gf/v2@v2.3.2/net/ghttp/ghttp_request_middleware.go:49
22. tender/internal/app/common/logic/middleware.(*sMiddleware).MiddlewareCORS
    /Users/apple/work/go/src/project/tenderBack/internal/app/common/logic/middleware/middleware.go:23
23. github.com/gogf/gf/v2/net/ghttp.(*middleware).Next.func1.1
    /Users/apple/work/go/pkg/mod/github.com/gogf/gf/v2@v2.3.2/net/ghttp/ghttp_request_middleware.go:55
24. github.com/gogf/gf/v2/net/ghttp.niceCallFunc
    /Users/apple/work/go/pkg/mod/github.com/gogf/gf/v2@v2.3.2/net/ghttp/ghttp_func.go:55
25. github.com/gogf/gf/v2/net/ghttp.(*middleware).Next.func1
    /Users/apple/work/go/pkg/mod/github.com/gogf/gf/v2@v2.3.2/net/ghttp/ghttp_request_middleware.go:54
26. github.com/gogf/gf/v2/util/gutil.TryCatch
    /Users/apple/work/go/pkg/mod/github.com/gogf/gf/v2@v2.3.2/util/gutil/gutil.go:56
27. github.com/gogf/gf/v2/net/ghttp.(*middleware).Next
    /Users/apple/work/go/pkg/mod/github.com/gogf/gf/v2@v2.3.2/net/ghttp/ghttp_request_middleware.go:49
28. github.com/gogf/gf/v2/net/ghttp.internalMiddlewareServerTracing
    /Users/apple/work/go/pkg/mod/github.com/gogf/gf/v2@v2.3.2/net/ghttp/ghttp_middleware_tracing.go:78
29. github.com/gogf/gf/v2/net/ghttp.(*middleware).Next.func1.5
    /Users/apple/work/go/pkg/mod/github.com/gogf/gf/v2@v2.3.2/net/ghttp/ghttp_request_middleware.go:96
30. github.com/gogf/gf/v2/net/ghttp.niceCallFunc
    /Users/apple/work/go/pkg/mod/github.com/gogf/gf/v2@v2.3.2/net/ghttp/ghttp_func.go:55
31. github.com/gogf/gf/v2/net/ghttp.(*middleware).Next.func1
    /Users/apple/work/go/pkg/mod/github.com/gogf/gf/v2@v2.3.2/net/ghttp/ghttp_request_middleware.go:95
32. github.com/gogf/gf/v2/util/gutil.TryCatch
    /Users/apple/work/go/pkg/mod/github.com/gogf/gf/v2@v2.3.2/util/gutil/gutil.go:56
33. github.com/gogf/gf/v2/net/ghttp.(*middleware).Next
    /Users/apple/work/go/pkg/mod/github.com/gogf/gf/v2@v2.3.2/net/ghttp/ghttp_request_middleware.go:49
34. github.com/gogf/gf/v2/net/ghttp.(*Server).ServeHTTP
    /Users/apple/work/go/pkg/mod/github.com/gogf/gf/v2@v2.3.2/net/ghttp/ghttp_server_handler.go:132

2023-04-12 00:10:49 [INFO] {880241e446ed5417bad6fb27b6afc07a} /Users/apple/work/go/src/project/tenderBack/internal/cmd/cmd.go:25: TENDER version: 1.0.0
2023-04-12 00:10:49 [INFO] {880241e446ed5417bad6fb27b6afc07a} /Users/apple/work/go/src/project/tenderBack/internal/packed/websocket/init.go:24: 启动：WebSocket
2023-04-12 00:18:29 [INFO] {10fe61e3b1ed5417f815373e5b10ac92} /Users/apple/work/go/src/project/tenderBack/internal/cmd/cmd.go:25: TENDER version: 1.0.0
2023-04-12 00:18:29 [INFO] {10fe61e3b1ed5417f815373e5b10ac92} /Users/apple/work/go/src/project/tenderBack/internal/packed/websocket/init.go:24: 启动：WebSocket
2023-04-12 00:19:58 [INFO] {98d6b2a9c6ed54170a188366b40a20c0} /Users/apple/work/go/src/project/tenderBack/internal/cmd/cmd.go:25: TENDER version: 1.0.0
2023-04-12 00:19:58 [INFO] {98d6b2a9c6ed54170a188366b40a20c0} /Users/apple/work/go/src/project/tenderBack/internal/packed/websocket/init.go:24: 启动：WebSocket
2023-04-12 15:39:47 [INFO] {f036736df81f551711af3f33f1aec7ba} /Users/apple/work/go/src/project/tenderBack/internal/cmd/cmd.go:25: TENDER version: 1.0.0
2023-04-12 15:39:47 [INFO] {f036736df81f551711af3f33f1aec7ba} /Users/apple/work/go/src/project/tenderBack/internal/packed/websocket/init.go:24: 启动：WebSocket
